============================================================
  Generated by:           Genus(TM) Synthesis Solution GENUS15.22 - 15.20-s024_1
  Generated on:           Jan 23 2023  11:03:13 pm
  Module:                 minimips
  Interconnect mode:      global
  Area mode:              physical library
============================================================

Timing
--------

Clock Period 
-------------
clock 4000.0 


         Cost           Critical           Violating 
        Group          Path Slack   TNS      Paths   
-----------------------------------------------------
C2C                        -230.1   -4300         36 
C2O                      No paths       0            
cg_enable_group_clock         0.0       0          0 
clock                       478.0       0          0 
default                  No paths       0            
I2C                        2931.0       0          0 
I2O                      No paths       0            
-----------------------------------------------------
Total                               -4300         36 

Instance Count
--------------
Leaf Instance Count             25252 
Sequential Instance Count        1724 
Combinational Instance Count    23528 
Hierarchical Instance Count        45 

Area
----
Cell Area                          496961.388
Physical Cell Area                 0.000
Total Cell Area (Cell+Physical)    496961.388
Net Area                           286655.842
Total Area (Cell+Physical+Net)     783617.230

Runtime                            -525.090 seconds
Elapsed Runtime                    697 seconds
Genus peak memory usage            702.25 
Innovus peak memory usage          no_value 
Hostname                           pgmicro01
