============================================================
  Generated by:           Genus(TM) Synthesis Solution GENUS15.22 - 15.20-s024_1
  Generated on:           Jan 23 2023  11:03:14 pm
  Module:                 minimips
  Interconnect mode:      global
  Area mode:              physical library
============================================================

                               
  Gate   Instances     Area                Library            
--------------------------------------------------------------
AN211X0          1      15.372    D_CELLS_MOSST_typ_1_80V_25C 
AN211X1         31     571.838    D_CELLS_MOSST_typ_1_80V_25C 
AN21X1         119    1463.414    D_CELLS_MOSST_typ_1_80V_25C 
AN221X0          5      92.232    D_CELLS_MOSST_typ_1_80V_25C 
AN221X1        255    5487.804    D_CELLS_MOSST_typ_1_80V_25C 
AN222X0         31     667.145    D_CELLS_MOSST_typ_1_80V_25C 
AN222X1        153    3763.066    D_CELLS_MOSST_typ_1_80V_25C 
AN22X1         764   11744.208    D_CELLS_MOSST_typ_1_80V_25C 
AN31X1          43     660.996    D_CELLS_MOSST_typ_1_80V_25C 
AN321X1          2      49.190    D_CELLS_MOSST_typ_1_80V_25C 
AN32X1           3      55.339    D_CELLS_MOSST_typ_1_80V_25C 
AND2X1         504    6197.990    D_CELLS_MOSST_typ_1_80V_25C 
AND2X2         178    3283.459    D_CELLS_MOSST_typ_1_80V_25C 
AND2X4         320    8854.272    D_CELLS_MOSST_typ_1_80V_25C 
AND3X1          99    1521.828    D_CELLS_MOSST_typ_1_80V_25C 
AND3X2           8     172.166    D_CELLS_MOSST_typ_1_80V_25C 
AND3X4           8     270.547    D_CELLS_MOSST_typ_1_80V_25C 
AND4X1           4      98.381    D_CELLS_MOSST_typ_1_80V_25C 
AND5X1          12     332.035    D_CELLS_MOSST_typ_1_80V_25C 
AND6X1         127    3904.488    D_CELLS_MOSST_typ_1_80V_25C 
AND6X2           3     110.678    D_CELLS_MOSST_typ_1_80V_25C 
AO211X0          1      18.446    D_CELLS_MOSST_typ_1_80V_25C 
AO211X1          4      86.083    D_CELLS_MOSST_typ_1_80V_25C 
AO21X0           1      15.372    D_CELLS_MOSST_typ_1_80V_25C 
AO21X1          29     534.946    D_CELLS_MOSST_typ_1_80V_25C 
AO21X2           9     221.357    D_CELLS_MOSST_typ_1_80V_25C 
AO21X4           2      55.339    D_CELLS_MOSST_typ_1_80V_25C 
AO221X1         38     934.618    D_CELLS_MOSST_typ_1_80V_25C 
AO222X1         10     276.696    D_CELLS_MOSST_typ_1_80V_25C 
AO22X1         121    2604.017    D_CELLS_MOSST_typ_1_80V_25C 
AO22X2           3      83.009    D_CELLS_MOSST_typ_1_80V_25C 
AO22X4           2      61.488    D_CELLS_MOSST_typ_1_80V_25C 
AO31X1           3      64.562    D_CELLS_MOSST_typ_1_80V_25C 
AO31X4           1      27.670    D_CELLS_MOSST_typ_1_80V_25C 
AO321X1          1      27.670    D_CELLS_MOSST_typ_1_80V_25C 
AO32X1           1      24.595    D_CELLS_MOSST_typ_1_80V_25C 
BUCX4            1      24.595    D_CELLS_MOSST_typ_1_80V_25C 
BUCX8            1      39.967    D_CELLS_MOSST_typ_1_80V_25C 
BUX1           351    4316.458    D_CELLS_MOSST_typ_1_80V_25C 
BUX12           11     676.368    D_CELLS_MOSST_typ_1_80V_25C 
BUX16            1      83.009    D_CELLS_MOSST_typ_1_80V_25C 
BUX2           119    1829.268    D_CELLS_MOSST_typ_1_80V_25C 
BUX3            41     882.353    D_CELLS_MOSST_typ_1_80V_25C 
BUX4            99    2434.925    D_CELLS_MOSST_typ_1_80V_25C 
BUX6            41    1386.554    D_CELLS_MOSST_typ_1_80V_25C 
BUX8            46    1979.914    D_CELLS_MOSST_typ_1_80V_25C 
DFRQX0          32    1574.093    D_CELLS_MOSST_typ_1_80V_25C 
DFRQX1        1114   58222.987    D_CELLS_MOSST_typ_1_80V_25C 
DFRQX2         209   11565.893    D_CELLS_MOSST_typ_1_80V_25C 
DFRQX4          40    2828.448    D_CELLS_MOSST_typ_1_80V_25C 
DFRRX1           1      64.562    D_CELLS_MOSST_typ_1_80V_25C 
DFRX0            6     313.589    D_CELLS_MOSST_typ_1_80V_25C 
DFRX1          255   14111.496    D_CELLS_MOSST_typ_1_80V_25C 
DFRX4           24    1992.211    D_CELLS_MOSST_typ_1_80V_25C 
DLLQX1          42    1549.498    D_CELLS_MOSST_typ_1_80V_25C 
EN2X0           33     507.276    D_CELLS_MOSST_typ_1_80V_25C 
EN2X1          114    2453.371    D_CELLS_MOSST_typ_1_80V_25C 
EN2X2            3     101.455    D_CELLS_MOSST_typ_1_80V_25C 
EN2X4            1      36.893    D_CELLS_MOSST_typ_1_80V_25C 
EN3X1           33    1318.918    D_CELLS_MOSST_typ_1_80V_25C 
EN3X4            7     387.374    D_CELLS_MOSST_typ_1_80V_25C 
EO2X0            2      30.744    D_CELLS_MOSST_typ_1_80V_25C 
EO2X1           75    1614.060    D_CELLS_MOSST_typ_1_80V_25C 
FAX0             1      52.265    D_CELLS_MOSST_typ_1_80V_25C 
FAX1            48    2803.853    D_CELLS_MOSST_typ_1_80V_25C 
FAX2           108    6972.739    D_CELLS_MOSST_typ_1_80V_25C 
FAX4             6     442.714    D_CELLS_MOSST_typ_1_80V_25C 
HAX1            47    1444.968    D_CELLS_MOSST_typ_1_80V_25C 
HAX2            15     553.392    D_CELLS_MOSST_typ_1_80V_25C 
HAX4             1      46.116    D_CELLS_MOSST_typ_1_80V_25C 
INCX12           3     175.241    D_CELLS_MOSST_typ_1_80V_25C 
INX0             2      12.298    D_CELLS_MOSST_typ_1_80V_25C 
INX1          1247    7667.554    D_CELLS_MOSST_typ_1_80V_25C 
INX12           13     759.377    D_CELLS_MOSST_typ_1_80V_25C 
INX16            7     516.499    D_CELLS_MOSST_typ_1_80V_25C 
INX2          1205   11113.956    D_CELLS_MOSST_typ_1_80V_25C 
INX20            4     381.226    D_CELLS_MOSST_typ_1_80V_25C 
INX3           301    4626.972    D_CELLS_MOSST_typ_1_80V_25C 
INX4           312    5755.277    D_CELLS_MOSST_typ_1_80V_25C 
INX6            86    1850.789    D_CELLS_MOSST_typ_1_80V_25C 
INX8           101    3105.144    D_CELLS_MOSST_typ_1_80V_25C 
ITHX0           32     393.523    D_CELLS_MOSST_typ_1_80V_25C 
MU2IX1         196    3615.494    D_CELLS_MOSST_typ_1_80V_25C 
MU2IX2          19     700.963    D_CELLS_MOSST_typ_1_80V_25C 
MU2IX4          31    2096.741    D_CELLS_MOSST_typ_1_80V_25C 
MU2X0           57    1226.686    D_CELLS_MOSST_typ_1_80V_25C 
MU2X1           61    1500.307    D_CELLS_MOSST_typ_1_80V_25C 
MU2X2           36     885.427    D_CELLS_MOSST_typ_1_80V_25C 
MU2X4           17     522.648    D_CELLS_MOSST_typ_1_80V_25C 
NA2I1X0          5      61.488    D_CELLS_MOSST_typ_1_80V_25C 
NA2I1X1        325    4995.900    D_CELLS_MOSST_typ_1_80V_25C 
NA2I1X2        526    9702.806    D_CELLS_MOSST_typ_1_80V_25C 
NA2I1X4        678   20844.432    D_CELLS_MOSST_typ_1_80V_25C 
NA2X1         3305   30482.676    D_CELLS_MOSST_typ_1_80V_25C 
NA2X2         2747   42226.884    D_CELLS_MOSST_typ_1_80V_25C 
NA2X4         1459   44855.496    D_CELLS_MOSST_typ_1_80V_25C 
NA3I1X0          2      30.744    D_CELLS_MOSST_typ_1_80V_25C 
NA3I1X1         17     313.589    D_CELLS_MOSST_typ_1_80V_25C 
NA3I1X2         19     525.722    D_CELLS_MOSST_typ_1_80V_25C 
NA3I1X4         18     719.410    D_CELLS_MOSST_typ_1_80V_25C 
NA3I2X2         27     830.088    D_CELLS_MOSST_typ_1_80V_25C 
NA3I2X4         13     639.475    D_CELLS_MOSST_typ_1_80V_25C 
NA3X1           72     885.427    D_CELLS_MOSST_typ_1_80V_25C 
NA3X2           50    1229.760    D_CELLS_MOSST_typ_1_80V_25C 
NA3X4           28    1291.248    D_CELLS_MOSST_typ_1_80V_25C 
NA4X1            5     138.348    D_CELLS_MOSST_typ_1_80V_25C 
NA4X2            1      33.818    D_CELLS_MOSST_typ_1_80V_25C 
NA5I1X1          2      67.637    D_CELLS_MOSST_typ_1_80V_25C 
NA5I2X1          1      33.818    D_CELLS_MOSST_typ_1_80V_25C 
NA6I1X1          2      73.786    D_CELLS_MOSST_typ_1_80V_25C 
NA6I4X1          1      39.967    D_CELLS_MOSST_typ_1_80V_25C 
NA6X1            2      67.637    D_CELLS_MOSST_typ_1_80V_25C 
NO2I1X1        250    3074.400    D_CELLS_MOSST_typ_1_80V_25C 
NO2I1X2        346    7446.197    D_CELLS_MOSST_typ_1_80V_25C 
NO2I1X4        180    5533.920    D_CELLS_MOSST_typ_1_80V_25C 
NO2X1         1591   14674.111    D_CELLS_MOSST_typ_1_80V_25C 
NO2X2         1822   28007.784    D_CELLS_MOSST_typ_1_80V_25C 
NO2X4         1053   29136.089    D_CELLS_MOSST_typ_1_80V_25C 
NO3I1X1         15     276.696    D_CELLS_MOSST_typ_1_80V_25C 
NO3I1X2          1      27.670    D_CELLS_MOSST_typ_1_80V_25C 
NO3I2X1          2      43.042    D_CELLS_MOSST_typ_1_80V_25C 
NO3X0            8      98.381    D_CELLS_MOSST_typ_1_80V_25C 
NO3X1           53     814.716    D_CELLS_MOSST_typ_1_80V_25C 
NO3X2           12     295.142    D_CELLS_MOSST_typ_1_80V_25C 
NO3X4            9     359.705    D_CELLS_MOSST_typ_1_80V_25C 
NO4I1X1          1      30.744    D_CELLS_MOSST_typ_1_80V_25C 
NO4I2X1          2      61.488    D_CELLS_MOSST_typ_1_80V_25C 
NO5I1X1          1      33.818    D_CELLS_MOSST_typ_1_80V_25C 
NO5I2X1          1      33.818    D_CELLS_MOSST_typ_1_80V_25C 
NO5I4X1          1      36.893    D_CELLS_MOSST_typ_1_80V_25C 
NO5X2            1      33.818    D_CELLS_MOSST_typ_1_80V_25C 
NO5X4            1      39.967    D_CELLS_MOSST_typ_1_80V_25C 
NO6I4X1          1      43.042    D_CELLS_MOSST_typ_1_80V_25C 
NO6X1            2      73.786    D_CELLS_MOSST_typ_1_80V_25C 
OA211X1          4      86.083    D_CELLS_MOSST_typ_1_80V_25C 
OA21X0           1      15.372    D_CELLS_MOSST_typ_1_80V_25C 
OA21X1          22     405.821    D_CELLS_MOSST_typ_1_80V_25C 
OA21X2           6     129.125    D_CELLS_MOSST_typ_1_80V_25C 
OA21X4          11     304.366    D_CELLS_MOSST_typ_1_80V_25C 
OA221X0          1      21.521    D_CELLS_MOSST_typ_1_80V_25C 
OA221X1          8     196.762    D_CELLS_MOSST_typ_1_80V_25C 
OA222X1          6     166.018    D_CELLS_MOSST_typ_1_80V_25C 
OA22X0           1      18.446    D_CELLS_MOSST_typ_1_80V_25C 
OA22X1          70    1506.456    D_CELLS_MOSST_typ_1_80V_25C 
OA22X2          53    1303.546    D_CELLS_MOSST_typ_1_80V_25C 
OA22X4          83    2551.752    D_CELLS_MOSST_typ_1_80V_25C 
OA321X0          1      24.595    D_CELLS_MOSST_typ_1_80V_25C 
ON211X0          1      15.372    D_CELLS_MOSST_typ_1_80V_25C 
ON211X1         43     793.195    D_CELLS_MOSST_typ_1_80V_25C 
ON21X0           1      12.298    D_CELLS_MOSST_typ_1_80V_25C 
ON21X1         100    1537.200    D_CELLS_MOSST_typ_1_80V_25C 
ON221X0          4      73.786    D_CELLS_MOSST_typ_1_80V_25C 
ON221X1         27     664.070    D_CELLS_MOSST_typ_1_80V_25C 
ON222X0          1      21.521    D_CELLS_MOSST_typ_1_80V_25C 
ON222X1         11     304.366    D_CELLS_MOSST_typ_1_80V_25C 
ON22X0           1      15.372    D_CELLS_MOSST_typ_1_80V_25C 
ON22X1         154    2840.746    D_CELLS_MOSST_typ_1_80V_25C 
ON311X1          3      55.339    D_CELLS_MOSST_typ_1_80V_25C 
ON311X2          1      30.744    D_CELLS_MOSST_typ_1_80V_25C 
ON31X1          35     645.624    D_CELLS_MOSST_typ_1_80V_25C 
ON321X0          1      21.521    D_CELLS_MOSST_typ_1_80V_25C 
ON321X1         10     245.952    D_CELLS_MOSST_typ_1_80V_25C 
ON32X0           1      18.446    D_CELLS_MOSST_typ_1_80V_25C 
ON32X1           7     150.646    D_CELLS_MOSST_typ_1_80V_25C 
ON33X0           2      43.042    D_CELLS_MOSST_typ_1_80V_25C 
OR2X1          123    1512.605    D_CELLS_MOSST_typ_1_80V_25C 
OR2X2          132    2029.104    D_CELLS_MOSST_typ_1_80V_25C 
OR2X4           74    1820.045    D_CELLS_MOSST_typ_1_80V_25C 
OR3X1            2      36.893    D_CELLS_MOSST_typ_1_80V_25C 
OR3X4            6     202.910    D_CELLS_MOSST_typ_1_80V_25C 
OR4X1           10     245.952    D_CELLS_MOSST_typ_1_80V_25C 
OR4X2           12     368.928    D_CELLS_MOSST_typ_1_80V_25C 
OR5X1            7     193.687    D_CELLS_MOSST_typ_1_80V_25C 
OR5X2            2      67.637    D_CELLS_MOSST_typ_1_80V_25C 
OR6X1            1      33.818    D_CELLS_MOSST_typ_1_80V_25C 
SDFRQX0          1      64.562    D_CELLS_MOSST_typ_1_80V_25C 
--------------------------------------------------------------
total        25252  496961.388                                


                                           
     Type      Instances    Area    Area % 
-------------------------------------------
sequential          1724  92287.339   18.6 
inverter            3281  35964.331    7.2 
buffer               711  13653.410    2.7 
tristate              32    393.523    0.1 
logic              19504 354662.784   71.4 
physical_cells         0      0.000    0.0 
-------------------------------------------
total              25252 496961.388  100.0 

