============================================================
  Generated by:           Genus(TM) Synthesis Solution GENUS15.22 - 15.20-s024_1
  Generated on:           Mar 01 2023  09:49:44 pm
  Module:                 minimips
  Interconnect mode:      global
  Area mode:              physical library
============================================================

Timing
--------

Clock Period 
-------------
clock 5000.0 


         Cost           Critical       Violating 
        Group          Path Slack TNS    Paths   
-------------------------------------------------
C2C                           0.0   0          0 
C2O                      No paths   0            
cg_enable_group_clock         0.0   0          0 
clock                       888.8   0          0 
default                  No paths   0            
I2C                        3943.2   0          0 
I2O                      No paths   0            
-------------------------------------------------
Total                               0          0 

Instance Count
--------------
Leaf Instance Count             12707 
Sequential Instance Count        1723 
Combinational Instance Count    10984 
Hierarchical Instance Count        44 

Area
----
Cell Area                          323792.734
Physical Cell Area                 0.000
Total Cell Area (Cell+Physical)    323792.734
Net Area                           169481.538
Total Area (Cell+Physical+Net)     493274.272

Runtime                            -277.900 seconds
Elapsed Runtime                    543 seconds
Genus peak memory usage            709.83 
Innovus peak memory usage          no_value 
Hostname                           pgmicro04
