============================================================
  Generated by:           Genus(TM) Synthesis Solution GENUS15.22 - 15.20-s024_1
  Generated on:           Mar 01 2023  10:54:35 pm
  Module:                 minimips
  Interconnect mode:      global
  Area mode:              physical library
============================================================

                               
  Gate   Instances     Area                Library            
--------------------------------------------------------------
AN211X1         74    1365.034    D_CELLS_MOSST_typ_1_80V_25C 
AN21X1          65     799.344    D_CELLS_MOSST_typ_1_80V_25C 
AN221X0          1      18.446    D_CELLS_MOSST_typ_1_80V_25C 
AN221X1        313    6736.010    D_CELLS_MOSST_typ_1_80V_25C 
AN222X0         31     667.145    D_CELLS_MOSST_typ_1_80V_25C 
AN222X1        117    2877.638    D_CELLS_MOSST_typ_1_80V_25C 
AN22X1         576    8854.272    D_CELLS_MOSST_typ_1_80V_25C 
AN311X1          6     129.125    D_CELLS_MOSST_typ_1_80V_25C 
AN31X1           1      15.372    D_CELLS_MOSST_typ_1_80V_25C 
AN321X1          8     196.762    D_CELLS_MOSST_typ_1_80V_25C 
AN32X1          10     184.464    D_CELLS_MOSST_typ_1_80V_25C 
AND2X1         303    3726.173    D_CELLS_MOSST_typ_1_80V_25C 
AND2X2           4      73.786    D_CELLS_MOSST_typ_1_80V_25C 
AND2X4          21     581.062    D_CELLS_MOSST_typ_1_80V_25C 
AND3X1         109    1675.548    D_CELLS_MOSST_typ_1_80V_25C 
AND3X2           1      21.521    D_CELLS_MOSST_typ_1_80V_25C 
AND4X1          11     270.547    D_CELLS_MOSST_typ_1_80V_25C 
AND5X1           1      27.670    D_CELLS_MOSST_typ_1_80V_25C 
AND6X1          13     399.672    D_CELLS_MOSST_typ_1_80V_25C 
AO211X1          5     107.604    D_CELLS_MOSST_typ_1_80V_25C 
AO21X1          12     221.357    D_CELLS_MOSST_typ_1_80V_25C 
AO221X0          1      21.521    D_CELLS_MOSST_typ_1_80V_25C 
AO221X1        125    3074.400    D_CELLS_MOSST_typ_1_80V_25C 
AO222X1         36     996.106    D_CELLS_MOSST_typ_1_80V_25C 
AO22X1         219    4713.055    D_CELLS_MOSST_typ_1_80V_25C 
AO311X1          2      43.042    D_CELLS_MOSST_typ_1_80V_25C 
AO31X0           1      18.446    D_CELLS_MOSST_typ_1_80V_25C 
AO31X1           3      64.562    D_CELLS_MOSST_typ_1_80V_25C 
AO321X1          2      55.339    D_CELLS_MOSST_typ_1_80V_25C 
AO32X1           3      73.786    D_CELLS_MOSST_typ_1_80V_25C 
BUCX12           1      52.265    D_CELLS_MOSST_typ_1_80V_25C 
BUCX4            1      24.595    D_CELLS_MOSST_typ_1_80V_25C 
BUCX8            3     119.902    D_CELLS_MOSST_typ_1_80V_25C 
BUX1            37     455.011    D_CELLS_MOSST_typ_1_80V_25C 
BUX2             1      15.372    D_CELLS_MOSST_typ_1_80V_25C 
BUX4            17     418.118    D_CELLS_MOSST_typ_1_80V_25C 
BUX6             6     202.910    D_CELLS_MOSST_typ_1_80V_25C 
BUX8             1      43.042    D_CELLS_MOSST_typ_1_80V_25C 
DFRQX1        1178   61567.934    D_CELLS_MOSST_typ_1_80V_25C 
DFRQX2         144    7968.845    D_CELLS_MOSST_typ_1_80V_25C 
DFRQX4          16    1131.379    D_CELLS_MOSST_typ_1_80V_25C 
DFRRX1           1      64.562    D_CELLS_MOSST_typ_1_80V_25C 
DFRX1          340   18815.328    D_CELLS_MOSST_typ_1_80V_25C 
DFRX2            2     122.976    D_CELLS_MOSST_typ_1_80V_25C 
DLLQX1          42    1549.498    D_CELLS_MOSST_typ_1_80V_25C 
EN2X0          736   11313.792    D_CELLS_MOSST_typ_1_80V_25C 
EN2X1          187    4024.390    D_CELLS_MOSST_typ_1_80V_25C 
EN2X2            2      67.637    D_CELLS_MOSST_typ_1_80V_25C 
EN3X1           28    1119.082    D_CELLS_MOSST_typ_1_80V_25C 
EO2X1           39     839.311    D_CELLS_MOSST_typ_1_80V_25C 
EO3X0            3      83.009    D_CELLS_MOSST_typ_1_80V_25C 
EO3X1            1      39.967    D_CELLS_MOSST_typ_1_80V_25C 
FAX0           847   44268.286    D_CELLS_MOSST_typ_1_80V_25C 
FAX1            23    1343.513    D_CELLS_MOSST_typ_1_80V_25C 
FAX2            27    1743.185    D_CELLS_MOSST_typ_1_80V_25C 
FAX4           175   12912.480    D_CELLS_MOSST_typ_1_80V_25C 
HAX1           154    4734.576    D_CELLS_MOSST_typ_1_80V_25C 
HAX2             5     184.464    D_CELLS_MOSST_typ_1_80V_25C 
INCX12           5     292.068    D_CELLS_MOSST_typ_1_80V_25C 
INX1           749    4605.451    D_CELLS_MOSST_typ_1_80V_25C 
INX2            22     202.910    D_CELLS_MOSST_typ_1_80V_25C 
INX3            81    1245.132    D_CELLS_MOSST_typ_1_80V_25C 
INX4            15     276.696    D_CELLS_MOSST_typ_1_80V_25C 
INX6             3      64.562    D_CELLS_MOSST_typ_1_80V_25C 
INX8             3      92.232    D_CELLS_MOSST_typ_1_80V_25C 
ITHX0           32     393.523    D_CELLS_MOSST_typ_1_80V_25C 
MU2IX1         146    2693.174    D_CELLS_MOSST_typ_1_80V_25C 
MU2X0           34     731.707    D_CELLS_MOSST_typ_1_80V_25C 
MU2X1           81    1992.211    D_CELLS_MOSST_typ_1_80V_25C 
MU2X2            1      24.595    D_CELLS_MOSST_typ_1_80V_25C 
MU2X4            7     215.208    D_CELLS_MOSST_typ_1_80V_25C 
NA2I1X0          1      12.298    D_CELLS_MOSST_typ_1_80V_25C 
NA2I1X1         28     430.416    D_CELLS_MOSST_typ_1_80V_25C 
NA2I1X2          4      73.786    D_CELLS_MOSST_typ_1_80V_25C 
NA2X1          293    2702.398    D_CELLS_MOSST_typ_1_80V_25C 
NA2X2           19     292.068    D_CELLS_MOSST_typ_1_80V_25C 
NA2X4            8     245.952    D_CELLS_MOSST_typ_1_80V_25C 
NA3I1X0          3      46.116    D_CELLS_MOSST_typ_1_80V_25C 
NA3I1X1         12     221.357    D_CELLS_MOSST_typ_1_80V_25C 
NA3X1          110    1352.736    D_CELLS_MOSST_typ_1_80V_25C 
NA3X2            1      24.595    D_CELLS_MOSST_typ_1_80V_25C 
NA4X1            1      27.670    D_CELLS_MOSST_typ_1_80V_25C 
NA5I2X1          3     101.455    D_CELLS_MOSST_typ_1_80V_25C 
NA6I1X1          1      36.893    D_CELLS_MOSST_typ_1_80V_25C 
NA6I3X1          6     221.357    D_CELLS_MOSST_typ_1_80V_25C 
NA6I4X1          2      79.934    D_CELLS_MOSST_typ_1_80V_25C 
NA6X1           53    1792.375    D_CELLS_MOSST_typ_1_80V_25C 
NO2I1X1         56     688.666    D_CELLS_MOSST_typ_1_80V_25C 
NO2X1          604    5570.813    D_CELLS_MOSST_typ_1_80V_25C 
NO2X2           25     384.300    D_CELLS_MOSST_typ_1_80V_25C 
NO2X4           55    1521.828    D_CELLS_MOSST_typ_1_80V_25C 
NO3I1X1         22     405.821    D_CELLS_MOSST_typ_1_80V_25C 
NO3I2X1          4      86.083    D_CELLS_MOSST_typ_1_80V_25C 
NO3X0            5      61.488    D_CELLS_MOSST_typ_1_80V_25C 
NO3X1           21     322.812    D_CELLS_MOSST_typ_1_80V_25C 
NO4I1X1          1      30.744    D_CELLS_MOSST_typ_1_80V_25C 
NO4I2X1          2      61.488    D_CELLS_MOSST_typ_1_80V_25C 
NO4I3X4          1      46.116    D_CELLS_MOSST_typ_1_80V_25C 
NO4X2            6     184.464    D_CELLS_MOSST_typ_1_80V_25C 
NO5I2X1          1      33.818    D_CELLS_MOSST_typ_1_80V_25C 
NO5I3X1          3     101.455    D_CELLS_MOSST_typ_1_80V_25C 
NO5I4X1          2      73.786    D_CELLS_MOSST_typ_1_80V_25C 
NO5X2            1      33.818    D_CELLS_MOSST_typ_1_80V_25C 
NO6I1X1          1      43.042    D_CELLS_MOSST_typ_1_80V_25C 
NO6I2X0          1      39.967    D_CELLS_MOSST_typ_1_80V_25C 
NO6I2X1          2      86.083    D_CELLS_MOSST_typ_1_80V_25C 
NO6X1            3     110.678    D_CELLS_MOSST_typ_1_80V_25C 
OA211X1          2      43.042    D_CELLS_MOSST_typ_1_80V_25C 
OA21X0           1      15.372    D_CELLS_MOSST_typ_1_80V_25C 
OA21X1          13     239.803    D_CELLS_MOSST_typ_1_80V_25C 
OA21X2           1      21.521    D_CELLS_MOSST_typ_1_80V_25C 
OA221X1         36     885.427    D_CELLS_MOSST_typ_1_80V_25C 
OA222X1          5     138.348    D_CELLS_MOSST_typ_1_80V_25C 
OA22X1          66    1420.373    D_CELLS_MOSST_typ_1_80V_25C 
OA22X4           1      30.744    D_CELLS_MOSST_typ_1_80V_25C 
OA311X1          2      43.042    D_CELLS_MOSST_typ_1_80V_25C 
OA31X1           2      43.042    D_CELLS_MOSST_typ_1_80V_25C 
OA321X1          1      27.670    D_CELLS_MOSST_typ_1_80V_25C 
ON211X1         40     737.856    D_CELLS_MOSST_typ_1_80V_25C 
ON21X0           1      12.298    D_CELLS_MOSST_typ_1_80V_25C 
ON21X1          55     845.460    D_CELLS_MOSST_typ_1_80V_25C 
ON221X1        170    4181.184    D_CELLS_MOSST_typ_1_80V_25C 
ON222X1          5     138.348    D_CELLS_MOSST_typ_1_80V_25C 
ON22X0          11     169.092    D_CELLS_MOSST_typ_1_80V_25C 
ON22X1        1030   18999.792    D_CELLS_MOSST_typ_1_80V_25C 
ON311X1          9     166.018    D_CELLS_MOSST_typ_1_80V_25C 
ON31X1          34     627.178    D_CELLS_MOSST_typ_1_80V_25C 
ON321X1         11     270.547    D_CELLS_MOSST_typ_1_80V_25C 
ON32X1           4      86.083    D_CELLS_MOSST_typ_1_80V_25C 
ON33X0           2      43.042    D_CELLS_MOSST_typ_1_80V_25C 
OR2X1          114    1401.926    D_CELLS_MOSST_typ_1_80V_25C 
OR2X2           20     307.440    D_CELLS_MOSST_typ_1_80V_25C 
OR2X4            5     122.976    D_CELLS_MOSST_typ_1_80V_25C 
OR3X1            3      55.339    D_CELLS_MOSST_typ_1_80V_25C 
OR4X1           13     319.738    D_CELLS_MOSST_typ_1_80V_25C 
OR5X1            8     221.357    D_CELLS_MOSST_typ_1_80V_25C 
OR6X1            6     202.910    D_CELLS_MOSST_typ_1_80V_25C 
SDFRQX0          1      64.562    D_CELLS_MOSST_typ_1_80V_25C 
--------------------------------------------------------------
total        10303  275493.910                                


                                           
     Type      Instances    Area    Area % 
-------------------------------------------
sequential          1724  91285.085   33.1 
inverter             878   6779.052    2.5 
buffer                67   1331.215    0.5 
tristate              32    393.523    0.1 
logic               7602 175705.034   63.8 
physical_cells         0      0.000    0.0 
-------------------------------------------
total              10303 275493.910  100.0 

