============================================================
  Generated by:           Genus(TM) Synthesis Solution GENUS15.22 - 15.20-s024_1
  Generated on:           Mar 01 2023  10:54:35 pm
  Module:                 minimips
  Interconnect mode:      global
  Area mode:              physical library
============================================================

Timing
--------

Clock  Period 
--------------
clock 20000.0 


         Cost           Critical       Violating 
        Group          Path Slack TNS    Paths   
-------------------------------------------------
C2C                         535.1   0          0 
C2O                      No paths   0            
cg_enable_group_clock      1300.8   0          0 
clock                      9710.3   0          0 
default                  No paths   0            
I2C                       19101.3   0          0 
I2O                      No paths   0            
-------------------------------------------------
Total                               0          0 

Instance Count
--------------
Leaf Instance Count             10303 
Sequential Instance Count        1724 
Combinational Instance Count     8579 
Hierarchical Instance Count        45 

Area
----
Cell Area                          275493.910
Physical Cell Area                 0.000
Total Cell Area (Cell+Physical)    275493.910
Net Area                           143565.108
Total Area (Cell+Physical+Net)     419059.018

Runtime                            -196.212 seconds
Elapsed Runtime                    372 seconds
Genus peak memory usage            694.26 
Innovus peak memory usage          no_value 
Hostname                           pgmicro04
