

Working Directory = /home/INF01185/matheus.almeida/cci2/miniMIPS/synthesis
QoS Summary for minimips
========================================================================================
Metric                  generic    map        syn_opt    syn_opt_low_incr final     
========================================================================================
Slack (ps):               -258.4        0.0        0.0        0.0        0.0
  R2R (ps):               -258.4        0.0        0.0        0.0        0.0
  I2R (ps):               1918.5     1824.9     1814.9     1814.9     1814.9
  R2O (ps):             no_value   no_value   no_value   no_value   no_value
  I2O (ps):             no_value   no_value   no_value   no_value   no_value
  CG  (ps):                 66.0     1044.0      888.8      888.8      888.8
TNS (ps):                   4262          0          0          0          0
  R2R (ps):               4262.0        0.0        0.0        0.0        0.0
  I2R (ps):                  0.0        0.0        0.0        0.0        0.0
  R2O (ps):             no_value   no_value   no_value   no_value   no_value
  I2O (ps):             no_value   no_value   no_value   no_value   no_value
  CG  (ps):                  0.0        0.0        0.0        0.0        0.0
Failing Paths:                22          0          0          0          0
Area:                     421620     343635     323793     323790     323790
Instances:                 18642      14247      12707      12706      12706
Utilization (%):            0.00       0.00       0.00       0.00       0.00
Tot. Net Length (um):   no_value   no_value   no_value   no_value   no_value
Avg. Net Length (um):   no_value   no_value   no_value   no_value   no_value
Total Overflow H:              0          0          0          0          0
Total Overflow V:              0          0          0          0          0
Route Overflow H (%):   no_value   no_value   no_value   no_value   no_value
Route Overflow V (%):   no_value   no_value   no_value   no_value   no_value
========================================================================================
CPU  Runtime (m:s):        00:57      11:24      00:52      00:05      00:08
Real Runtime (m:s):        01:25      06:27      00:56      00:10      00:12
CPU  Elapsed (m:s):        01:06      12:30      13:22      13:27      13:35
Real Elapsed (m:s):        01:28      07:55      08:51      09:01      09:13
Memory (MB):              641.62     709.83     709.83     709.83     709.83
========================================================================================

========================================================================================
Flow Settings:
========================================================================================
Total Runtime (m:s): 09:14
Total Memory (MB):   709.83
Executable Version:  15.22
========================================================================================


