============================================================
  Generated by:           Genus(TM) Synthesis Solution GENUS15.22 - 15.20-s024_1
  Generated on:           Mar 01 2023  09:50:06 pm
  Module:                 minimips
  Interconnect mode:      global
  Area mode:              physical library
============================================================

                                 Leakage     Internal   
  Gate   Instances     Area    Power (nW)   Power (nW)              Library            
---------------------------------------------------------------------------------------
AN211X0          1      15.372      0.026        16.146    D_CELLS_MOSST_typ_1_80V_25C 
AN211X1         15     276.696      0.335         0.000    D_CELLS_MOSST_typ_1_80V_25C 
AN21X1         117    1438.819      2.784      8021.448    D_CELLS_MOSST_typ_1_80V_25C 
AN21X2           1      27.670      0.073         0.000    D_CELLS_MOSST_typ_1_80V_25C 
AN221X0          1      18.446      0.034       576.372    D_CELLS_MOSST_typ_1_80V_25C 
AN221X1        327    7037.302      9.404     11308.500    D_CELLS_MOSST_typ_1_80V_25C 
AN221X2          1      30.744      0.078         0.000    D_CELLS_MOSST_typ_1_80V_25C 
AN222X0         31     667.145      1.344     42996.467    D_CELLS_MOSST_typ_1_80V_25C 
AN222X1        189    4648.493      7.046     85240.737    D_CELLS_MOSST_typ_1_80V_25C 
AN22X1         580    8915.760     17.749      1716.409    D_CELLS_MOSST_typ_1_80V_25C 
AN31X1          13     199.836      0.320        80.729    D_CELLS_MOSST_typ_1_80V_25C 
AN321X1          9     221.357      0.272         0.000    D_CELLS_MOSST_typ_1_80V_25C 
AN32X1           6     110.678      0.183         0.000    D_CELLS_MOSST_typ_1_80V_25C 
AND2X1         344    4230.374      9.765    460053.837    D_CELLS_MOSST_typ_1_80V_25C 
AND2X2          59    1088.338      2.588      2871.742    D_CELLS_MOSST_typ_1_80V_25C 
AND2X4          41    1134.454      3.634         0.000    D_CELLS_MOSST_typ_1_80V_25C 
AND3X1         110    1690.920      2.583      9591.514    D_CELLS_MOSST_typ_1_80V_25C 
AND3X2           5     107.604      0.186         0.000    D_CELLS_MOSST_typ_1_80V_25C 
AND3X4           4     135.274      0.312         0.000    D_CELLS_MOSST_typ_1_80V_25C 
AND4X1          15     368.928      0.639      1444.132    D_CELLS_MOSST_typ_1_80V_25C 
AND4X2           1      30.744      0.056         0.000    D_CELLS_MOSST_typ_1_80V_25C 
AND5X1          13     359.705      0.483      4284.423    D_CELLS_MOSST_typ_1_80V_25C 
AND6X1          69    2121.336      2.253         0.000    D_CELLS_MOSST_typ_1_80V_25C 
AO211X1         15     322.812      0.592         0.000    D_CELLS_MOSST_typ_1_80V_25C 
AO21X1          24     442.714      0.975         0.000    D_CELLS_MOSST_typ_1_80V_25C 
AO21X2           8     196.762      0.487         0.000    D_CELLS_MOSST_typ_1_80V_25C 
AO21X4           2      55.339      0.201         0.000    D_CELLS_MOSST_typ_1_80V_25C 
AO221X0          1      21.521      0.070         0.000    D_CELLS_MOSST_typ_1_80V_25C 
AO221X1         78    1918.426      3.377         8.710    D_CELLS_MOSST_typ_1_80V_25C 
AO222X1          8     221.357      0.380         4.297    D_CELLS_MOSST_typ_1_80V_25C 
AO22X0           3      55.339      0.190         0.000    D_CELLS_MOSST_typ_1_80V_25C 
AO22X1         601   12934.001     25.006         0.000    D_CELLS_MOSST_typ_1_80V_25C 
AO22X2         165    4565.484      9.673         7.422    D_CELLS_MOSST_typ_1_80V_25C 
AO22X4           7     215.208      0.671         0.000    D_CELLS_MOSST_typ_1_80V_25C 
AO311X1          2      43.042      0.077         0.000    D_CELLS_MOSST_typ_1_80V_25C 
AO31X1           1      21.521      0.037      1661.141    D_CELLS_MOSST_typ_1_80V_25C 
AO31X2           1      24.595      0.061         0.000    D_CELLS_MOSST_typ_1_80V_25C 
AO321X1          1      27.670      0.041         0.000    D_CELLS_MOSST_typ_1_80V_25C 
AO32X1           1      24.595      0.038         0.000    D_CELLS_MOSST_typ_1_80V_25C 
AO32X2           2      55.339      0.114         0.000    D_CELLS_MOSST_typ_1_80V_25C 
BUCX8            1      39.967      0.172         0.000    D_CELLS_MOSST_typ_1_80V_25C 
BUX1            26     319.738      1.019         0.000    D_CELLS_MOSST_typ_1_80V_25C 
BUX12            8     491.904      2.985         0.000    D_CELLS_MOSST_typ_1_80V_25C 
BUX16            1      83.009      0.507         0.000    D_CELLS_MOSST_typ_1_80V_25C 
BUX2            14     215.208      0.899         0.000    D_CELLS_MOSST_typ_1_80V_25C 
BUX3             5     107.604      0.483         0.000    D_CELLS_MOSST_typ_1_80V_25C 
BUX4            16     393.523      2.056         0.000    D_CELLS_MOSST_typ_1_80V_25C 
BUX6            16     541.094      2.977         0.000    D_CELLS_MOSST_typ_1_80V_25C 
BUX8            29    1248.206      7.363         0.000    D_CELLS_MOSST_typ_1_80V_25C 
DFRQX0           1      49.190      0.183     11298.494    D_CELLS_MOSST_typ_1_80V_25C 
DFRQX1        1516   79233.437    225.617  15947916.339    D_CELLS_MOSST_typ_1_80V_25C 
DFRQX2          79    4371.797     12.337   1158919.376    D_CELLS_MOSST_typ_1_80V_25C 
DFRQX4          14     989.957      2.480    230478.645    D_CELLS_MOSST_typ_1_80V_25C 
DFRRX1           1      64.562      0.094     13775.000    D_CELLS_MOSST_typ_1_80V_25C 
DFRSQX1          1      61.488      0.136     17293.349    D_CELLS_MOSST_typ_1_80V_25C 
DFRX0            1      52.265      0.190      5853.581    D_CELLS_MOSST_typ_1_80V_25C 
DFRX1           64    3541.709      9.525    873059.448    D_CELLS_MOSST_typ_1_80V_25C 
DFRX4            4     332.035      0.714     65991.409    D_CELLS_MOSST_typ_1_80V_25C 
DLLQX1          41    1512.605      3.883    576501.353    D_CELLS_MOSST_typ_1_80V_25C 
EN2X0           41     630.252      1.945         0.000    D_CELLS_MOSST_typ_1_80V_25C 
EN2X1          283    6090.386     12.845      2901.476    D_CELLS_MOSST_typ_1_80V_25C 
EN2X4            1      36.893      0.125         0.000    D_CELLS_MOSST_typ_1_80V_25C 
EN3X1           29    1159.049      2.600         0.000    D_CELLS_MOSST_typ_1_80V_25C 
EO2X0            1      15.372      0.072         0.000    D_CELLS_MOSST_typ_1_80V_25C 
EO2X1          105    2259.684      5.330     36850.779    D_CELLS_MOSST_typ_1_80V_25C 
EO3X1            2      79.934      0.188      3296.161    D_CELLS_MOSST_typ_1_80V_25C 
FAX0            18     940.766      1.847         0.000    D_CELLS_MOSST_typ_1_80V_25C 
FAX1             4     233.654      0.290         0.000    D_CELLS_MOSST_typ_1_80V_25C 
FAX2            11     710.186      0.935      5580.867    D_CELLS_MOSST_typ_1_80V_25C 
FAX4           895   66038.112     87.147         0.000    D_CELLS_MOSST_typ_1_80V_25C 
HAX1            73    2244.312      4.062    116468.573    D_CELLS_MOSST_typ_1_80V_25C 
HAX2            49    1807.747      3.103         0.000    D_CELLS_MOSST_typ_1_80V_25C 
INCX12           1      58.414      0.272     18635.491    D_CELLS_MOSST_typ_1_80V_25C 
INX1           750    4611.600     15.047      6089.036    D_CELLS_MOSST_typ_1_80V_25C 
INX12            4     233.654      1.356         0.000    D_CELLS_MOSST_typ_1_80V_25C 
INX2           148    1365.034      5.974         0.000    D_CELLS_MOSST_typ_1_80V_25C 
INX3            50     768.600      3.073         0.000    D_CELLS_MOSST_typ_1_80V_25C 
INX4            81    1494.158      6.842         0.000    D_CELLS_MOSST_typ_1_80V_25C 
INX6            37     796.270      4.258         0.000    D_CELLS_MOSST_typ_1_80V_25C 
INX8            38    1168.272      6.279         0.000    D_CELLS_MOSST_typ_1_80V_25C 
ITHX0           32     393.523      1.179       636.641    D_CELLS_MOSST_typ_1_80V_25C 
MU2IX1         367    6769.829     17.024      1904.322    D_CELLS_MOSST_typ_1_80V_25C 
MU2X0           26     559.541      2.269         0.000    D_CELLS_MOSST_typ_1_80V_25C 
MU2X1          140    3443.328      8.644     75482.946    D_CELLS_MOSST_typ_1_80V_25C 
MU2X2            3      73.786      0.229         0.000    D_CELLS_MOSST_typ_1_80V_25C 
MU2X4            6     184.464      0.723         0.000    D_CELLS_MOSST_typ_1_80V_25C 
NA2I1X0          1      12.298      0.051         0.000    D_CELLS_MOSST_typ_1_80V_25C 
NA2I1X1        126    1936.872      4.930      4302.332    D_CELLS_MOSST_typ_1_80V_25C 
NA2I1X2         17     313.589      0.931         0.000    D_CELLS_MOSST_typ_1_80V_25C 
NA2I1X4         20     614.880      2.135         0.000    D_CELLS_MOSST_typ_1_80V_25C 
NA2X0            1       9.223      0.025         0.000    D_CELLS_MOSST_typ_1_80V_25C 
NA2X1         1587   14637.218     30.085     12136.032    D_CELLS_MOSST_typ_1_80V_25C 
NA2X2          207    3182.004      7.848         0.000    D_CELLS_MOSST_typ_1_80V_25C 
NA2X4          176    5410.944     13.345        15.971    D_CELLS_MOSST_typ_1_80V_25C 
NA3I1X0          3      46.116      0.140      1439.083    D_CELLS_MOSST_typ_1_80V_25C 
NA3I1X1         13     239.803      0.483         0.000    D_CELLS_MOSST_typ_1_80V_25C 
NA3I1X2         14     387.374      0.713      2996.035    D_CELLS_MOSST_typ_1_80V_25C 
NA3I1X4          7     279.770      0.707        17.188    D_CELLS_MOSST_typ_1_80V_25C 
NA3I2X1          3      64.562      0.172         0.000    D_CELLS_MOSST_typ_1_80V_25C 
NA3I2X2          3      92.232      0.204      3230.943    D_CELLS_MOSST_typ_1_80V_25C 
NA3X1           68     836.237      1.144      1934.012    D_CELLS_MOSST_typ_1_80V_25C 
NA3X2           42    1032.998      1.423      5407.185    D_CELLS_MOSST_typ_1_80V_25C 
NA3X4            9     415.044      0.610         0.000    D_CELLS_MOSST_typ_1_80V_25C 
NA4I1X1          1      30.744      0.085         0.000    D_CELLS_MOSST_typ_1_80V_25C 
NA4I1X4          1      43.042      0.163         0.000    D_CELLS_MOSST_typ_1_80V_25C 
NA4I2X1          1      30.744      0.098         0.000    D_CELLS_MOSST_typ_1_80V_25C 
NA4X1            2      55.339      0.131         0.000    D_CELLS_MOSST_typ_1_80V_25C 
NA5I1X1          2      67.637      0.160      4209.215    D_CELLS_MOSST_typ_1_80V_25C 
NA5X1            1      30.744      0.060      3332.531    D_CELLS_MOSST_typ_1_80V_25C 
NA6I1X1          2      73.786      0.152         0.000    D_CELLS_MOSST_typ_1_80V_25C 
NA6I1X4          1      52.265      0.155         0.000    D_CELLS_MOSST_typ_1_80V_25C 
NA6I4X1          2      79.934      0.224       676.638    D_CELLS_MOSST_typ_1_80V_25C 
NA6X1           62    2096.741      3.465         0.000    D_CELLS_MOSST_typ_1_80V_25C 
NO2I1X1         74     910.022      2.941       947.109    D_CELLS_MOSST_typ_1_80V_25C 
NO2I1X2         15     322.812      0.842         0.000    D_CELLS_MOSST_typ_1_80V_25C 
NO2I1X4         21     645.624      2.062         0.000    D_CELLS_MOSST_typ_1_80V_25C 
NO2X1          832    7673.702     16.288    135653.619    D_CELLS_MOSST_typ_1_80V_25C 
NO2X2          156    2398.032      6.108      5000.528    D_CELLS_MOSST_typ_1_80V_25C 
NO2X4          103    2849.969      7.412      3100.815    D_CELLS_MOSST_typ_1_80V_25C 
NO3I1X0          1      15.372      0.045         0.000    D_CELLS_MOSST_typ_1_80V_25C 
NO3I1X1         24     442.714      0.879      7101.507    D_CELLS_MOSST_typ_1_80V_25C 
NO3I1X2          1      27.670      0.050         0.000    D_CELLS_MOSST_typ_1_80V_25C 
NO3I1X4          1      46.116      0.091      7829.301    D_CELLS_MOSST_typ_1_80V_25C 
NO3I2X1          2      43.042      0.114      1910.007    D_CELLS_MOSST_typ_1_80V_25C 
NO3I2X2          4     135.274      0.267         0.000    D_CELLS_MOSST_typ_1_80V_25C 
NO3X0            7      86.083      0.139        34.259    D_CELLS_MOSST_typ_1_80V_25C 
NO3X1           52     799.344      0.852      2268.778    D_CELLS_MOSST_typ_1_80V_25C 
NO3X2            8     196.762      0.262         0.000    D_CELLS_MOSST_typ_1_80V_25C 
NO3X4            4     159.869      0.250         0.000    D_CELLS_MOSST_typ_1_80V_25C 
NO4I2X1          3      92.232      0.219        19.577    D_CELLS_MOSST_typ_1_80V_25C 
NO4X2            1      30.744      0.064         0.000    D_CELLS_MOSST_typ_1_80V_25C 
NO4X4            3     110.678      0.297         0.000    D_CELLS_MOSST_typ_1_80V_25C 
NO5I2X1          1      33.818      0.067         0.000    D_CELLS_MOSST_typ_1_80V_25C 
NO5I3X1          1      33.818      0.064         0.000    D_CELLS_MOSST_typ_1_80V_25C 
NO5I4X1          2      73.786      0.169      5408.014    D_CELLS_MOSST_typ_1_80V_25C 
NO6I2X1          1      43.042      0.087         0.000    D_CELLS_MOSST_typ_1_80V_25C 
NO6I2X4          1      52.265      0.117      1677.294    D_CELLS_MOSST_typ_1_80V_25C 
NO6I4X1          2      86.083      0.189      4592.602    D_CELLS_MOSST_typ_1_80V_25C 
NO6X1            2      73.786      0.106         0.000    D_CELLS_MOSST_typ_1_80V_25C 
OA211X1          7     150.646      0.197      2537.474    D_CELLS_MOSST_typ_1_80V_25C 
OA211X4          1      30.744      0.072         0.000    D_CELLS_MOSST_typ_1_80V_25C 
OA21X1          17     313.589      0.598         0.000    D_CELLS_MOSST_typ_1_80V_25C 
OA21X2           1      21.521      0.050         0.000    D_CELLS_MOSST_typ_1_80V_25C 
OA21X4           1      27.670      0.088         0.000    D_CELLS_MOSST_typ_1_80V_25C 
OA221X1         10     245.952      0.349         0.000    D_CELLS_MOSST_typ_1_80V_25C 
OA221X2          1      27.670      0.049         0.000    D_CELLS_MOSST_typ_1_80V_25C 
OA222X1          5     138.348      0.209         0.000    D_CELLS_MOSST_typ_1_80V_25C 
OA22X1          74    1592.539      3.038         0.000    D_CELLS_MOSST_typ_1_80V_25C 
OA22X2          10     245.952      0.601         0.000    D_CELLS_MOSST_typ_1_80V_25C 
OA22X4           3      92.232      0.311         0.000    D_CELLS_MOSST_typ_1_80V_25C 
OA311X1          2      43.042      0.061         8.073    D_CELLS_MOSST_typ_1_80V_25C 
OA321X1          2      55.339      0.074         0.000    D_CELLS_MOSST_typ_1_80V_25C 
OA32X1           1      24.595      0.043         0.000    D_CELLS_MOSST_typ_1_80V_25C 
ON211X1         34     627.178      0.702         0.000    D_CELLS_MOSST_typ_1_80V_25C 
ON21X1         154    2367.288      3.727         0.000    D_CELLS_MOSST_typ_1_80V_25C 
ON21X4           1      30.744      0.120         0.000    D_CELLS_MOSST_typ_1_80V_25C 
ON221X1         38     934.618      1.037        21.484    D_CELLS_MOSST_typ_1_80V_25C 
ON222X1         10     276.696      0.347      1597.851    D_CELLS_MOSST_typ_1_80V_25C 
ON22X1         509    9389.218     15.564         4.355    D_CELLS_MOSST_typ_1_80V_25C 
ON22X4           1      33.818      0.119         0.000    D_CELLS_MOSST_typ_1_80V_25C 
ON311X1          3      55.339      0.065         8.073    D_CELLS_MOSST_typ_1_80V_25C 
ON31X1          34     627.178      0.868     49354.880    D_CELLS_MOSST_typ_1_80V_25C 
ON321X1          4      98.381      0.111         0.000    D_CELLS_MOSST_typ_1_80V_25C 
ON32X1           4      86.083      0.128        17.188    D_CELLS_MOSST_typ_1_80V_25C 
ON33X0           1      21.521      0.031         0.000    D_CELLS_MOSST_typ_1_80V_25C 
ON33X1           1      24.595      0.031         0.000    D_CELLS_MOSST_typ_1_80V_25C 
OR2X1          111    1365.034      4.718     65298.437    D_CELLS_MOSST_typ_1_80V_25C 
OR2X2           23     353.556      1.432         0.000    D_CELLS_MOSST_typ_1_80V_25C 
OR2X4           16     393.523      1.713         7.040    D_CELLS_MOSST_typ_1_80V_25C 
OR3X2            1      21.521      0.064         0.000    D_CELLS_MOSST_typ_1_80V_25C 
OR4X1           12     295.142      0.684        18.719    D_CELLS_MOSST_typ_1_80V_25C 
OR4X2            1      30.744      0.069         0.000    D_CELLS_MOSST_typ_1_80V_25C 
OR5X1            8     221.357      0.405         0.000    D_CELLS_MOSST_typ_1_80V_25C 
OR5X2            2      67.637      0.124      1656.957    D_CELLS_MOSST_typ_1_80V_25C 
OR6X1            3     101.455      0.217      2699.607    D_CELLS_MOSST_typ_1_80V_25C 
SDFRQX0          1      64.562      0.191     14633.458    D_CELLS_MOSST_typ_1_80V_25C 
---------------------------------------------------------------------------------------
total        12706  323789.659    719.245  20151921.477                                


                                             Leakage  Leakage   Internal   Internal 
     Type      Instances    Area    Area % Power (nW) Power %  Power (nW)   Power % 
------------------------------------------------------------------------------------
sequential          1723  90273.607   27.9    255.349    35.5 18915720.451     93.9 
inverter            1109  10496.002    3.2     43.101     6.0    24724.527      0.1 
buffer               116   3440.254    1.1     18.461     2.6        0.000      0.0 
tristate              32    393.523    0.1      1.179     0.2      636.641      0.0 
logic               9726 219186.274   67.7    401.155    55.8  1210839.858      6.0 
physical_cells         0      0.000    0.0      0.000     0.0        0.000      0.0 
------------------------------------------------------------------------------------
total              12706 323789.659  100.0    719.245   100.0 20151921.477    100.0 

