============================================================
  Generated by:           Genus(TM) Synthesis Solution GENUS15.22 - 15.20-s024_1
  Generated on:           Mar 01 2023  09:49:48 pm
  Module:                 minimips
  Interconnect mode:      global
  Area mode:              physical library
============================================================


Path 1: MET (0 ps) Setup Check with Pin U4_ex_U1_alu_hilo_reg[47]/C->D
          Group: C2C
     Startpoint: (R) U3_di_DI_op1_reg[0]/C
          Clock: (R) clock
       Endpoint: (F) U4_ex_U1_alu_hilo_reg[47]/D
          Clock: (R) clock

                     Capture       Launch     
        Clock Edge:+    5000            0     
       Src Latency:+       0            0     
       Net Latency:+       0 (I)        0 (I) 
           Arrival:=    5000            0     
                                              
             Setup:-     137                  
     Required Time:=    4863                  
      Launch Clock:-       0                  
         Data Path:-    4863                  
             Slack:=       0                  

#---------------------------------------------------------------------------------------------------------
#              Timing Point               Flags    Arc   Edge   Cell     Fanout  Load Trans Delay Arrival 
#                                                                                (fF)  (ps)  (ps)   (ps)  
#---------------------------------------------------------------------------------------------------------
  U3_di_DI_op1_reg[0]/C                   -       -      R     (arrival)    174     -     0     -       0 
  U3_di_DI_op1_reg[0]/Q                   -       C->Q   R     DFRQX1         2  33.0   306   387     387 
  U4_ex_U1_alu_g3813/Q                    -       A->Q   F     INX4           2  73.7   133   104     492 
  U4_ex_U1_alu_g3808/Q                    -       A->Q   R     INX6          20 199.2   177   128     620 
  U4_ex_U1_alu_mul_138_45/g83554/Q        -       A->Q   R     BUX8          13 117.6    87   114     734 
  U4_ex_U1_alu_mul_138_45/g83553/Q        -       A->Q   F     INX3          15 119.7   194   137     870 
  U4_ex_U1_alu_mul_138_45/g81869/Q        -       S->Q   R     MU2IX1         1   9.5   204   161    1031 
  U4_ex_U1_alu_mul_138_45/g81049/Q        -       B->Q   R     AO22X1         1  23.1   223   280    1310 
  U4_ex_U1_alu_mul_138_45/cdnfadd_005_0/S (p)     B->S   R     FAX4           1  16.8    79   462    1773 
  U4_ex_U1_alu_mul_138_45/g84427/Q        -       A->Q   F     INX2           1  21.7    61    52    1824 
  U4_ex_U1_alu_mul_138_45/g80568/CO       -       CI->CO F     FAX2           2  25.9   115   233    2058 
  U4_ex_U1_alu_mul_138_45/g80565/Q        -       B->Q   R     NO2X2          1  18.1   146   115    2173 
  U4_ex_U1_alu_mul_138_45/g80562/Q        -       B->Q   F     NO2I1X4        2  27.2    70    52    2225 
  U4_ex_U1_alu_mul_138_45/g80560/Q        -       A->Q   R     INX2           1  20.8    69    54    2279 
  U4_ex_U1_alu_mul_138_45/g80558/Q        -       B->Q   F     NA2X4          1  18.0    61    45    2324 
  U4_ex_U1_alu_mul_138_45/g80554/Q        -       A->Q   R     NA2X4          2  27.5   104    68    2391 
  U4_ex_U1_alu_mul_138_45/g80532/Q        -       A->Q   F     NA2X4          1  18.0    60    46    2438 
  U4_ex_U1_alu_mul_138_45/g80526/Q        -       A->Q   R     NA2X4          2  28.4   117    68    2506 
  U4_ex_U1_alu_mul_138_45/g80514/Q        -       A->Q   F     NA2X4          1  18.0    60    47    2552 
  U4_ex_U1_alu_mul_138_45/g80512/Q        -       A->Q   R     NA2X4          2  30.6   109    71    2623 
  U4_ex_U1_alu_mul_138_45/g80493/Q        -       B->Q   F     NA2I1X4        1  18.0    58    51    2674 
  U4_ex_U1_alu_mul_138_45/g80476/Q        -       A->Q   R     NA2X4          2  29.6   107    69    2743 
  U4_ex_U1_alu_mul_138_45/g80435/Q        -       B->Q   F     NA2X4          1  18.0    64    48    2790 
  U4_ex_U1_alu_mul_138_45/g80426/Q        -       A->Q   R     NA2X4          2  24.0    96    64    2855 
  U4_ex_U1_alu_mul_138_45/g80412/Q        -       A->Q   F     NA2X4          1  18.0    57    45    2900 
  U4_ex_U1_alu_mul_138_45/g80402/Q        -       A->Q   R     NA2X4          2  21.9    94    60    2960 
  U4_ex_U1_alu_mul_138_45/g80347/Q        -       A->Q   F     NA2X2          1  18.0    78    61    3022 
  U4_ex_U1_alu_mul_138_45/g80326/Q        -       A->Q   R     NA2X4          2  21.1    93    64    3086 
  U4_ex_U1_alu_mul_138_45/g80284/Q        -       A->Q   F     NA2X2          1  18.0    81    61    3147 
  U4_ex_U1_alu_mul_138_45/g80274/Q        -       A->Q   R     NA2X4          3  36.4   121    82    3229 
  U4_ex_U1_alu_mul_138_45/g80259/Q        -       A->Q   F     NA2X4          1  20.8    67    49    3278 
  U4_ex_U1_alu_mul_138_45/g80241/Q        -       B->Q   R     NA2X4          2  27.5   103    81    3359 
  U4_ex_U1_alu_mul_138_45/g80172/Q        -       A->Q   F     NA2X4          2  25.0    66    52    3411 
  U4_ex_U1_alu_mul_138_45/g80138/Q        -       A->Q   R     NA3X4          2  20.4   124    70    3481 
  U4_ex_U1_alu_mul_138_45/g80114/Q        -       B->Q   F     NA3X2          1  22.8   117    89    3571 
  U4_ex_U1_alu_mul_138_45/g80100/Q        -       B->Q   R     NA3X4          5  49.2   178   129    3700 
  U4_ex_U1_alu_mul_138_45/g80087/Q        -       B->Q   F     NA2X4          1  18.7    68    49    3749 
  U4_ex_U1_alu_mul_138_45/g80074/Q        -       A->Q   R     NA3X4          2  27.5   135    78    3827 
  U4_ex_U1_alu_mul_138_45/g80058/Q        -       A->Q   F     NA3X4          3  45.9   125    85    3912 
  U4_ex_U1_alu_mul_138_45/g80037/Q        -       A->Q   R     NA2X4          5  49.3   145   107    4020 
  U4_ex_U1_alu_mul_138_45/g80023/Q        -       A->Q   F     NA2X1          1  18.0   134    98    4118 
  U4_ex_U1_alu_mul_138_45/g80008/Q        -       A->Q   R     NA2X4          2  27.5   103    84    4202 
  U4_ex_U1_alu_mul_138_45/g79974/Q        -       A->Q   F     NA2X4          1  18.0    58    46    4248 
  U4_ex_U1_alu_mul_138_45/g79958/Q        -       A->Q   R     NA2X4          1  13.2    78    51    4299 
  U4_ex_U1_alu_mul_138_45/g84113/Q        -       A->Q   F     EO2X1          1   9.9   124   189    4488 
  U4_ex_U1_alu_g18856/Q                   -       A->Q   R     NA2X1          1   9.9   193   100    4588 
  U4_ex_U1_alu_g18738/Q                   -       A->Q   F     NA2X1          1  10.0   103    76    4664 
  g33268/Q                                -       C->Q   R     AN21X1         1   9.8   225   129    4793 
  U4_ex_U1_alu_g18489/Q                   -       A->Q   F     NO2X1          1   9.6    90    70    4863 
  U4_ex_U1_alu_hilo_reg[47]/D             -       -      F     DFRX1          1     -     -     0    4863 
#---------------------------------------------------------------------------------------------------------

(p) : Instance is preserved but may be resized

