============================================================
  Generated by:           Genus(TM) Synthesis Solution GENUS15.22 - 15.20-s024_1
  Generated on:           Mar 01 2023  09:49:48 pm
  Module:                 minimips
  Interconnect mode:      global
  Area mode:              physical library
============================================================


Path 1: MET (3943 ps) Setup Check with Pin U9_bus_ctrl_cs_reg/C->D
          Group: I2C
     Startpoint: (R) ram_ack
          Clock: (R) clock
       Endpoint: (R) U9_bus_ctrl_cs_reg/D
          Clock: (R) clock

                     Capture       Launch     
        Clock Edge:+    5000            0     
       Src Latency:+       0            0     
       Net Latency:+       0 (I)        0 (I) 
           Arrival:=    5000            0     
                                              
             Setup:-     136                  
     Required Time:=    4864                  
      Launch Clock:-       0                  
       Input Delay:-     200                  
         Data Path:-     721                  
             Slack:=    3943                  

#------------------------------------------------------------------------------------
#    Timing Point      Flags   Arc   Edge   Cell     Fanout Load Trans Delay Arrival 
#                                                           (fF)  (ps)  (ps)   (ps)  
#------------------------------------------------------------------------------------
  ram_ack              (a)     -     R     (arrival)      5 29.7     3     0     200 
  g3558/Q              -       A->Q  R     EN2X0          1 10.6   504   312     512 
  g3543/Q              -       B->Q  F     NA2X1          1  8.4   137    74     586 
  g3397/Q              -       D->Q  R     AN211X0        1  9.7   569   335     921 
  U9_bus_ctrl_cs_reg/D -       -     R     DFRQX1         1    -     -     0     921 
#------------------------------------------------------------------------------------

(a) : Net has asynchronous load pins which are being considered ideal.

