============================================================
  Generated by:           Genus(TM) Synthesis Solution GENUS15.22 - 15.20-s024_1
  Generated on:           Mar 09 2023  12:07:05 pm
  Module:                 minimips
  Interconnect mode:      global
  Area mode:              physical library
============================================================


Path 1: MET (0 ps)
          Group: cg_enable_group_clock
     Startpoint: (R) U2_ei_EI_instr_reg[31]/C
          Clock: (R) clock
       Endpoint: (R) U2_ei_RC_CG_HIER_INST3/enl_reg/D
          Clock: (F) clock

                     Capture       Launch     
        Clock Edge:+    5000            0     
       Src Latency:+       0            0     
       Net Latency:+       0 (I)        0 (I) 
           Arrival:=    5000            0     
                                              
     Required Time:=    5000                  
      Launch Clock:-       0                  
         Data Path:-    7102                  
             Slack:=       0                  

#-------------------------------------------------------------------------------------------------
#          Timing Point            Flags   Arc   Edge   Cell     Fanout  Load Trans Delay Arrival 
#                                                                        (fF)  (ps)  (ps)   (ps)  
#-------------------------------------------------------------------------------------------------
  U2_ei_EI_instr_reg[31]/C         -       -     R     (arrival)     33     -     0     -       0 
  U2_ei_EI_instr_reg[31]/Q         -       C->Q  R     DFRQX1         2  14.4   164   304     304 
  g36181/Q                         -       D->Q  R     OR4X1          2  16.0   183   200     503 
  U3_di_g9135/Q                    -       A->Q  F     NO2X1          6  48.0   229   166     669 
  U3_di_g9131/Q                    -       B->Q  R     NA2I1X1        3  27.0   278   214     883 
  U3_di_g36081/Q                   -       A->Q  F     INX1           4  25.6   156   126    1008 
  U3_di_g9112/Q                    -       A->Q  R     AN21X0         5  38.6  1368   801    1809 
  U3_di_g9164/Q                    -       A->Q  F     INX1           8  64.3   507   370    2179 
  U3_di_g9095/Q                    -       B->Q  R     NA2X1          3  26.4   304   286    2465 
  U3_di_g9090/Q                    -       A->Q  F     INX1           3  24.1   156   125    2590 
  U3_di_g9043/Q                    -       B->Q  R     NA2X1          4  28.9   284   200    2790 
  U3_di_g9003/Q                    -       A->Q  F     NO2X1          2  16.3   127    98    2889 
  U3_di_g8988/Q                    -       A->Q  R     NO2X1          2  16.9   235   154    3043 
  U3_di_g8980/Q                    -       D->Q  F     ON31X1         2  17.7   186   138    3181 
  U3_di_g8973/Q                    -       A->Q  R     NO3X1          3  24.4   425   257    3438 
  U3_di_g8971/Q                    -       A->Q  F     INX1           9  63.3   306   253    3692 
  U3_di_g8963/Q                    -       A->Q  R     NO2X1          5  37.5   448   313    4004 
  U3_di_g8947/Q                    -       AN->Q R     NO2I1X1        9  57.7   650   441    4446 
  U3_di_g8925/Q                    -       B->Q  R     OR2X1          2  17.5   178   230    4676 
  U3_di_g8914/Q                    -       A->Q  R     AND2X2         5  45.1   205   197    4873 
  U6_renvoi_g2739/Q                -       A->Q  R     EN2X1          1   8.6   198   170    5042 
  U6_renvoi_g2720/Q                -       A->Q  R     AND6X1         3  23.2   304   296    5338 
  U6_renvoi_g2708/Q                -       E->Q  F     NO6X1         35 187.4   766   666    6004 
  U6_renvoi_g2706/Q                -       A->Q  R     NO2X1          1  10.1   248   248    6252 
  U6_renvoi_g2705/Q                -       A->Q  F     NO3X1          1   8.8    98    77    6328 
  U6_renvoi_g2704/Q                -       A->Q  F     OR3X1          4  29.7   179   272    6601 
  g2731/Q                          -       C->Q  R     AN21X1         1   9.0   322   144    6744 
  g2680/Q                          -       C->Q  R     AO31X1         1   8.7   117   221    6965 
  U2_ei_RC_CG_HIER_INST3/g7/Q      -       A->Q  R     OR2X1          1   9.4   109   137    7102 
  U2_ei_RC_CG_HIER_INST3/enl_reg/D -       -     R     DLLQX1         1     -     -     0    7102 
#-------------------------------------------------------------------------------------------------

