============================================================
  Generated by:           Genus(TM) Synthesis Solution GENUS15.22 - 15.20-s024_1
  Generated on:           Mar 09 2023  12:06:01 pm
  Module:                 minimips
  Interconnect mode:      global
  Area mode:              physical library
============================================================


Path 1: MET (0 ps)
          Group: cg_enable_group_clock
     Startpoint: (R) U2_ei_EI_instr_reg[31]/C
          Clock: (R) clock
       Endpoint: (R) U2_ei_RC_CG_HIER_INST3/enl_reg/D
          Clock: (F) clock

                     Capture       Launch     
        Clock Edge:+    5000            0     
       Src Latency:+       0            0     
       Net Latency:+       0 (I)        0 (I) 
           Arrival:=    5000            0     
                                              
     Required Time:=    5000                  
      Launch Clock:-       0                  
         Data Path:-    6231                  
             Slack:=       0                  

#-------------------------------------------------------------------------------------------------
#          Timing Point            Flags   Arc   Edge   Cell     Fanout  Load Trans Delay Arrival 
#                                                                        (fF)  (ps)  (ps)   (ps)  
#-------------------------------------------------------------------------------------------------
  U2_ei_EI_instr_reg[31]/C         -       -     R     (arrival)     33     -     0     -       0 
  U2_ei_EI_instr_reg[31]/Q         -       C->Q  R     DFRQX1         2  28.4   271   367     367 
  U3_di_g9138/Q                    -       B->Q  F     NO2X4          1  20.8    87    70     436 
  U3_di_g9136/Q                    -       B->Q  R     NA2X4          2  32.6   113    91     528 
  U3_di_g9135/Q                    -       A->Q  F     NO2X4          6  54.9   107    69     597 
  U3_di_g9131/Q                    -       B->Q  R     NA2I1X2        3  35.5   191   138     735 
  U3_di_g9129/Q                    -       A->Q  F     INX3           4  27.6    80    65     800 
  U3_di_g9110/Q                    -       A->Q  R     AN21X1         1   9.9   198   135     934 
  U3_di_g9104/Q                    -       A->Q  F     NA2X1          8  64.9   377   251    1185 
  U3_di_g9082/Q                    -       B->Q  R     NA2X2          7  55.2   288   256    1442 
  U3_di_g9052/Q                    -       A->Q  F     NO2X1          3  25.1   177   126    1568 
  U3_di_g9043/Q                    -       A->Q  R     NA2X1          4  28.9   283   196    1763 
  U3_di_g9003/Q                    -       A->Q  F     NO2X1          2  16.3   127    98    1862 
  U3_di_g8988/Q                    -       A->Q  R     NO2X1          2  21.0   275   177    2038 
  U3_di_g8980/Q                    -       D->Q  F     ON31X1         2  17.7   181   146    2184 
  U3_di_g8973/Q                    -       A->Q  R     NO3X1          3  24.4   425   256    2440 
  U3_di_g8971/Q                    -       A->Q  F     INX1           9  63.3   306   253    2693 
  U3_di_g8963/Q                    -       A->Q  R     NO2X1          5  38.3   456   317    3010 
  U3_di_g8947/Q                    -       AN->Q R     NO2I1X1        9  57.7   650   441    3451 
  U3_di_g8925/Q                    -       B->Q  R     OR2X1          2  17.5   178   230    3682 
  U3_di_g8914/Q                    -       A->Q  R     AND2X2         5  45.1   205   197    3878 
  U6_renvoi_g2739/Q                -       A->Q  R     EN2X1          1   8.6   198   170    4048 
  U6_renvoi_g2720/Q                -       A->Q  R     AND6X1         3  23.2   304   296    4344 
  U6_renvoi_g2708/Q                -       E->Q  F     NO6X1         35 187.4   766   666    5010 
  U6_renvoi_g2706/Q                -       A->Q  R     NO2X1          1  10.1   248   248    5258 
  U6_renvoi_g2705/Q                -       A->Q  F     NO3X1          1   8.8    98    77    5334 
  U6_renvoi_g2704/Q                -       A->Q  F     OR3X1          4  29.7   179   272    5607 
  g2731/Q                          -       C->Q  R     AN21X1         1   8.3   185   139    5746 
  g2680/Q                          -       C->Q  R     AO31X0         1   8.7   291   332    6078 
  U2_ei_RC_CG_HIER_INST3/g7/Q      -       A->Q  R     OR2X1          1   9.4   112   154    6231 
  U2_ei_RC_CG_HIER_INST3/enl_reg/D -       -     R     DLLQX1         1     -     -     0    6231 
#-------------------------------------------------------------------------------------------------

