============================================================
  Generated by:           Genus(TM) Synthesis Solution GENUS15.22 - 15.20-s024_1
  Generated on:           Mar 01 2023  09:42:21 pm
  Module:                 minimips
  Interconnect mode:      global
  Area mode:              physical library
============================================================

Timing
--------

Clock Period 
-------------
clock 5000.0 


         Cost           Critical           Violating 
        Group          Path Slack   TNS      Paths   
-----------------------------------------------------
C2C                        -258.4   -4262         22 
C2O                      No paths       0            
cg_enable_group_clock         0.0       0          0 
clock                        66.0       0          0 
default                  No paths       0            
I2C                        4293.7       0          0 
I2O                      No paths       0            
-----------------------------------------------------
Total                               -4262         22 

Instance Count
--------------
Leaf Instance Count             18642 
Sequential Instance Count        1724 
Combinational Instance Count    16918 
Hierarchical Instance Count        62 

Area
----
Cell Area                          421126.275
Physical Cell Area                 0.000
Total Cell Area (Cell+Physical)    421126.275
Net Area                           493.950
Total Area (Cell+Physical+Net)     421620.225

Runtime                            1.000 seconds
Elapsed Runtime                    100 seconds
Genus peak memory usage            641.62 
Innovus peak memory usage          no_value 
Hostname                           pgmicro04
