============================================================
  Generated by:           Genus(TM) Synthesis Solution GENUS15.22 - 15.20-s024_1
  Generated on:           Mar 01 2023  10:34:52 pm
  Module:                 minimips
  Interconnect mode:      global
  Area mode:              physical library
============================================================


Path 1: MET (2811 ps) Late External Delay Assertion at pin U1_pf_RC_CG_HIER_INST1/g12/B
          Group: clock
     Startpoint: (F) U1_pf_RC_CG_HIER_INST1/enl_reg/GN
          Clock: (F) clock
       Endpoint: (F) U1_pf_RC_CG_HIER_INST1/g12/B
          Clock: (R) clock

                     Capture       Launch     
        Clock Edge:+   10000         5000     
       Src Latency:+       0            0     
       Net Latency:+       0 (I)        0 (I) 
           Arrival:=   10000         5000     
                                              
      Output Delay:-       0                  
     Required Time:=   10000                  
      Launch Clock:-    5000                  
         Data Path:-    2189                  
             Slack:=    2811                  

#-------------------------------------------------------------------------------------------------------
#           Timing Point            Flags   Arc   Edge      Cell        Fanout Load Trans Delay Arrival 
#                                                                              (fF)  (ps)  (ps)   (ps)  
#-------------------------------------------------------------------------------------------------------
  U1_pf_RC_CG_HIER_INST1/enl_reg/GN -       -     F     (arrival)            -    -     -     -    5000 
  -                                 -       -     F     latch_d_arrival      -    -     -     -    6940 
  U1_pf_RC_CG_HIER_INST1/enl_reg/Q  -       -     F     DLLQX1               1  9.8   106  2189    7189 
  U1_pf_RC_CG_HIER_INST1/g12/B      (b)     -     F     AND2X1               -    -     -     0    7189 
#-------------------------------------------------------------------------------------------------------

(b) : Timing paths are broken.

