============================================================
  Generated by:           Genus(TM) Synthesis Solution GENUS15.22 - 15.20-s024_1
  Generated on:           Mar 01 2023  10:29:45 pm
  Module:                 minimips
  Interconnect mode:      global
  Area mode:              physical library
============================================================

Timing
--------

Clock  Period 
--------------
clock 10000.0 


         Cost           Critical       Violating 
        Group          Path Slack TNS    Paths   
-------------------------------------------------
C2C                        4650.2   0          0 
C2O                      No paths   0            
cg_enable_group_clock       415.2   0          0 
clock                      4721.0   0          0 
default                  No paths   0            
I2C                        9293.7   0          0 
I2O                      No paths   0            
-------------------------------------------------
Total                               0          0 

Instance Count
--------------
Leaf Instance Count             18616 
Sequential Instance Count        1724 
Combinational Instance Count    16892 
Hierarchical Instance Count        62 

Area
----
Cell Area                          420558.081
Physical Cell Area                 0.000
Total Cell Area (Cell+Physical)    420558.081
Net Area                           493.950
Total Area (Cell+Physical+Net)     421052.031

Runtime                            1.000 seconds
Elapsed Runtime                    86 seconds
Genus peak memory usage            625.59 
Innovus peak memory usage          no_value 
Hostname                           pgmicro04
