###############################################################
#  Generated by:      Cadence Innovus 15.20-p005_1
#  OS:                Linux x86_64(Host ID pgmicro02)
#  Generated on:      Thu Mar 23 05:33:17 2023
#  Design:            miniMIPS_chip
#  Command:           check_design -all
###############################################################

#########################################################
### IO instance overlapping with  other IO instance>
### (Using {} to escape special chars in IO Inst names)
set pchkIoOverlapList [list \
	{IOPADS_INST/PAD_ram_data_IO_23} \
	{IOPADS_INST/PAD_ram_data_IO_22} \
	{IOPADS_INST/PAD_ram_data_IO_21} \
	{IOPADS_INST/PAD_ram_data_IO_16} \
	]

## Summary: 
#########################################################
## Number of Placed Instances = 25036
##   of which 16341 are fixed.
## Number of Unplaced Instances = 0
## Placement Density:20.70%(277941/1342566)
