============================================================
  Generated by:           Genus(TM) Synthesis Solution GENUS15.22 - 15.20-s024_1
  Generated on:           Mar 01 2023  11:13:27 pm
  Module:                 minimips
  Interconnect mode:      global
  Area mode:              physical library
============================================================

Timing
--------

Clock  Period 
--------------
clock 20000.0 


         Cost           Critical       Violating 
        Group          Path Slack TNS    Paths   
-------------------------------------------------
C2C                           0.0   0          0 
C2O                      No paths   0            
cg_enable_group_clock      1482.4   0          0 
clock                      9710.3   0          0 
default                  No paths   0            
I2C                       19118.9   0          0 
I2O                      No paths   0            
-------------------------------------------------
Total                               0          0 

Instance Count
--------------
Leaf Instance Count             10089 
Sequential Instance Count        1723 
Combinational Instance Count     8366 
Hierarchical Instance Count        44 

Area
----
Cell Area                          271906.085
Physical Cell Area                 0.000
Total Cell Area (Cell+Physical)    271906.085
Net Area                           141894.430
Total Area (Cell+Physical+Net)     413800.515

Runtime                            -196.843 seconds
Elapsed Runtime                    432 seconds
Genus peak memory usage            695.14 
Innovus peak memory usage          no_value 
Hostname                           pgmicro04
