###############################################################
#  Generated by:      Cadence Innovus 15.20-p005_1
#  OS:                Linux x86_64(Host ID pgmicro02)
#  Generated on:      Thu Mar 23 05:33:17 2023
#  Design:            miniMIPS_chip
#  Command:           check_design -all
###############################################################
Design: miniMIPS_chip

------ Design Summary:
Total Standard Cell Number   (cells) : 25036
Total Block Cell Number      (cells) : 0
Total I/O Pad Cell Number    (cells) : 80
Total Standard Cell Area     ( um^2) : 322396.96
Total Block Cell Area        ( um^2) : 0.00
Total I/O Pad Cell Area      ( um^2) : 1436116.00

------ Design Statistics:

Number of Instances            : 25116
Number of Nets                 : 12205
Average number of Pins per Net : 3.44
Maximum number of Pins in Net  : 76

------ I/O Port summary

Number of Primary I/O Ports    : 70
Number of Input Ports          : 4
Number of Output Ports         : 34
Number of Bidirectional Ports  : 32
Number of Power/Ground Ports   : 0



------------------------------------------------------------
Detail report:


------ I/O Pad/Port Checking


