###############################################################
#  Generated by:      Cadence Innovus 15.20-p005_1
#  OS:                Linux x86_64(Host ID pgmicro04)
#  Generated on:      Thu Feb 16 00:53:37 2023
#  Design:            minimips
#  Command:           set_db place_design_floorplan_mode 0
###############################################################
************************* Analyze Floorplan **************************
    Die Area(um^2)            : 701889.472800
    Core Area(um^2)           : 701889.472800
    Chip Density (Counting Std Cells and MACROs and IOs): 67.499%
    Core Density (Counting Std Cells and MACROs)        : 67.499%
    Average utilization       : 66.423%
    Number of instance(s)     : 30112
    Number of Macro(s)        : 0
    Number of IO Pin(s)       : 70
    Number of Power Domain(s) : 0
************************* Estimation Results *************************
    Total wire length.        : 9.0303e+05
    Congestion (H).           : 0.022%
    Congestion (V).           : 0.183%
**********************************************************************
