============================================================
  Generated by:           Genus(TM) Synthesis Solution GENUS15.22 - 15.20-s024_1
  Generated on:           Mar 01 2023  10:35:48 pm
  Module:                 minimips
  Interconnect mode:      global
  Area mode:              physical library
============================================================

Timing
--------

Clock  Period 
--------------
clock 10000.0 


         Cost           Critical       Violating 
        Group          Path Slack TNS    Paths   
-------------------------------------------------
C2C                           0.0   0          0 
C2O                      No paths   0            
cg_enable_group_clock         0.0   0          0 
clock                      1816.9   0          0 
default                  No paths   0            
I2C                        9124.2   0          0 
I2O                      No paths   0            
-------------------------------------------------
Total                               0          0 

Instance Count
--------------
Leaf Instance Count             10484 
Sequential Instance Count        1723 
Combinational Instance Count     8761 
Hierarchical Instance Count        44 

Area
----
Cell Area                          275918.177
Physical Cell Area                 0.000
Total Cell Area (Cell+Physical)    275918.177
Net Area                           145936.028
Total Area (Cell+Physical+Net)     421854.205

Runtime                            -199.668 seconds
Elapsed Runtime                    449 seconds
Genus peak memory usage            696.58 
Innovus peak memory usage          no_value 
Hostname                           pgmicro04
