============================================================
  Generated by:           Genus(TM) Synthesis Solution GENUS15.22 - 15.20-s024_1
  Generated on:           Jan 23 2023  10:53:17 pm
  Module:                 minimips
  Interconnect mode:      global
  Area mode:              physical library
============================================================

Timing
--------

Clock Period 
-------------
clock 4000.0 


         Cost           Critical             Violating 
        Group          Path Slack    TNS       Paths   
-------------------------------------------------------
C2C                       -1214.8   -137148        174 
C2O                      No paths         0            
cg_enable_group_clock      -784.8     -2184          3 
clock                       -93.7      -281          3 
default                  No paths         0            
I2C                        3293.7         0          0 
I2O                      No paths         0            
-------------------------------------------------------
Total                               -139613        180 

Instance Count
--------------
Leaf Instance Count             18776 
Sequential Instance Count        1724 
Combinational Instance Count    17052 
Hierarchical Instance Count        62 

Area
----
Cell Area                          422901.881
Physical Cell Area                 0.000
Total Cell Area (Cell+Physical)    422901.881
Net Area                           493.949
Total Area (Cell+Physical+Net)     423395.830

Runtime                            1.000 seconds
Elapsed Runtime                    100 seconds
Genus peak memory usage            623.65 
Innovus peak memory usage          no_value 
Hostname                           pgmicro01
