Command: report datapath > reports_Jan23-22:51:53/generic/minimips_datapath.rpt
============================================================
  Generated by:           Genus(TM) Synthesis Solution GENUS15.22 - 15.20-s024_1
  Generated on:           Jan 23 2023  10:53:16 pm
  Module:                 minimips
  Interconnect mode:      global
  Area mode:              physical library
============================================================


Inferred components

                        Operator   Signedness Inputs Outputs CellArea 
======================================================================
minimips
 U1_pf
  add_90_43
   
   module:add_unsigned
    very_fast              +       unsigned   32x3   32       2185.97 
======================================================================
minimips
 U4_ex
  U1_alu
   SHIFT_LEFT_132_22:sll00604
    
    module:shift_left_vhdl_unsigned
     very_fast             <<      x          32x5   32       4600.79 
======================================================================
minimips
 U4_ex
  U1_alu
   SHIFT_RIGHT_133_26:srl00611
    
    module:shift_right_vhdl_unsigned
     very_fast             >>      x          32x5   32       4600.79 
======================================================================
minimips
 U4_ex
  U1_alu
   SHIFT_RIGHT_134_22:srl00618
    
    module:shift_right_vhdl_unsigned
     very_fast             >>      x          32x5   32       4600.79 
======================================================================
minimips
 U4_ex
  U1_alu
   csa_tree_eq_127_42_groupi
    
    module:csa_tree_eq_127_42_group_456
     very_fast       csa_and_adder            32x32  1        2312.23 
----------------------------------------------------------------------
     eq_127_42
      very_fast            ==      unsigned   32x1   1                
======================================================================
minimips
 U4_ex
  U1_alu
   final_adder_add_125_73
    
    module:add_unsigned_421
     very_fast             +       unsigned   33x33  33       6242.24 
======================================================================
minimips
 U4_ex
  U1_alu
   mul_138_45
    
    module:mult_signed
     very_fast/booth       *       signed     32x32  64      93459.98 
======================================================================
minimips
 U4_ex
  U1_alu
   mul_139_47
    
    module:mult_unsigned
     very_fast/booth       *       unsigned   32x32  64      99623.31 
======================================================================
minimips
 U4_ex
  add_132_74
   
   module:add_unsigned
    very_fast              +       unsigned   32x3   32       2185.97 
======================================================================
minimips
 U4_ex
  add_178_53
   
   module:add_unsigned_1805
    very_fast              +       unsigned   32x32  32       5895.01 
======================================================================

      Type        CellArea Percentage 
--------------------------------------
datapath modules 225707.08      53.37 
external muxes        0.00       0.00 
others           197194.80      46.63 
--------------------------------------
total            422901.88     100.00 

