Command: report datapath > reports_Mar01-23:06:53/map/minimips_datapath.rpt
============================================================
  Generated by:           Genus(TM) Synthesis Solution GENUS15.22 - 15.20-s024_1
  Generated on:           Mar 01 2023  11:12:46 pm
  Module:                 minimips
  Interconnect mode:      global
  Area mode:              physical library
============================================================


Inferred components

                 Operator   Signedness Inputs Outputs CellArea 
===============================================================
minimips
 U4_ex_U1_alu_csa_tree_eq_127_42_groupi
  
  module:csa_tree_eq_127_42_group_461
   very_fast  csa_and_adder            32x32  1        1801.60 
---------------------------------------------------------------
   eq_127_42
    very_fast       ==      unsigned   32x1   1                
===============================================================
minimips
 U4_ex_U1_alu_mul_138_45
  
  module:mult_signed
   timing_driven/booth
                    *       signed     32x32  64      51806.71 
===============================================================
minimips
 U4_ex_U1_alu_mul_139_47
  
  module:mult_unsigned
   timing_driven/booth
                    *       unsigned   32x32  64      54991.79 
===============================================================

      Type        CellArea Percentage 
--------------------------------------
datapath modules 108600.11      39.42 
external muxes        0.00       0.00 
others           166893.80      60.58 
--------------------------------------
total            275493.91     100.00 

