============================================================
  Generated by:           Genus(TM) Synthesis Solution GENUS15.22 - 15.20-s024_1
  Generated on:           Mar 01 2023  10:36:03 pm
  Module:                 minimips
  Interconnect mode:      global
  Area mode:              physical library
============================================================

                               
  Gate   Instances     Area                Library            
--------------------------------------------------------------
AN211X0          1      15.372    D_CELLS_MOSST_typ_1_80V_25C 
AN211X1         81    1494.158    D_CELLS_MOSST_typ_1_80V_25C 
AN21X0           1      12.298    D_CELLS_MOSST_typ_1_80V_25C 
AN21X1          86    1057.594    D_CELLS_MOSST_typ_1_80V_25C 
AN221X0          1      18.446    D_CELLS_MOSST_typ_1_80V_25C 
AN221X1        280    6025.824    D_CELLS_MOSST_typ_1_80V_25C 
AN222X0          2      43.042    D_CELLS_MOSST_typ_1_80V_25C 
AN222X1        162    3984.422    D_CELLS_MOSST_typ_1_80V_25C 
AN22X1        1041   16002.252    D_CELLS_MOSST_typ_1_80V_25C 
AN311X0          1      18.446    D_CELLS_MOSST_typ_1_80V_25C 
AN311X1          2      43.042    D_CELLS_MOSST_typ_1_80V_25C 
AN31X1           3      46.116    D_CELLS_MOSST_typ_1_80V_25C 
AN321X1          9     221.357    D_CELLS_MOSST_typ_1_80V_25C 
AN32X1          11     202.910    D_CELLS_MOSST_typ_1_80V_25C 
AND2X1         343    4218.077    D_CELLS_MOSST_typ_1_80V_25C 
AND2X2           7     129.125    D_CELLS_MOSST_typ_1_80V_25C 
AND2X4           6     166.018    D_CELLS_MOSST_typ_1_80V_25C 
AND3X1         108    1660.176    D_CELLS_MOSST_typ_1_80V_25C 
AND4X1          10     245.952    D_CELLS_MOSST_typ_1_80V_25C 
AND5X1           1      27.670    D_CELLS_MOSST_typ_1_80V_25C 
AND6X1          43    1321.992    D_CELLS_MOSST_typ_1_80V_25C 
AO211X1         16     344.333    D_CELLS_MOSST_typ_1_80V_25C 
AO21X1          10     184.464    D_CELLS_MOSST_typ_1_80V_25C 
AO221X0          2      43.042    D_CELLS_MOSST_typ_1_80V_25C 
AO221X1        122    3000.614    D_CELLS_MOSST_typ_1_80V_25C 
AO221X2          1      33.818    D_CELLS_MOSST_typ_1_80V_25C 
AO222X1         34     940.766    D_CELLS_MOSST_typ_1_80V_25C 
AO22X1         224    4820.659    D_CELLS_MOSST_typ_1_80V_25C 
AO22X2           5     138.348    D_CELLS_MOSST_typ_1_80V_25C 
AO22X4           1      30.744    D_CELLS_MOSST_typ_1_80V_25C 
AO311X1          1      21.521    D_CELLS_MOSST_typ_1_80V_25C 
AO31X1           2      43.042    D_CELLS_MOSST_typ_1_80V_25C 
AO321X1          1      27.670    D_CELLS_MOSST_typ_1_80V_25C 
AO321X2          1      30.744    D_CELLS_MOSST_typ_1_80V_25C 
AO32X1           6     147.571    D_CELLS_MOSST_typ_1_80V_25C 
AO33X1           1      27.670    D_CELLS_MOSST_typ_1_80V_25C 
BUCX4            2      49.190    D_CELLS_MOSST_typ_1_80V_25C 
BUCX6            2      67.637    D_CELLS_MOSST_typ_1_80V_25C 
BUCX8            1      39.967    D_CELLS_MOSST_typ_1_80V_25C 
BUX1             4      49.190    D_CELLS_MOSST_typ_1_80V_25C 
BUX2             4      61.488    D_CELLS_MOSST_typ_1_80V_25C 
BUX3             1      21.521    D_CELLS_MOSST_typ_1_80V_25C 
BUX4             7     172.166    D_CELLS_MOSST_typ_1_80V_25C 
BUX6             5     169.092    D_CELLS_MOSST_typ_1_80V_25C 
BUX8             5     215.208    D_CELLS_MOSST_typ_1_80V_25C 
DFRQX0           1      49.190    D_CELLS_MOSST_typ_1_80V_25C 
DFRQX1        1293   67578.386    D_CELLS_MOSST_typ_1_80V_25C 
DFRQX2          40    2213.568    D_CELLS_MOSST_typ_1_80V_25C 
DFRQX4          13     919.246    D_CELLS_MOSST_typ_1_80V_25C 
DFRRX1           1      64.562    D_CELLS_MOSST_typ_1_80V_25C 
DFRSQX1          4     245.952    D_CELLS_MOSST_typ_1_80V_25C 
DFRX1          329   18206.597    D_CELLS_MOSST_typ_1_80V_25C 
DLLQX1          41    1512.605    D_CELLS_MOSST_typ_1_80V_25C 
EN2X0          793   12189.996    D_CELLS_MOSST_typ_1_80V_25C 
EN2X1          327    7037.302    D_CELLS_MOSST_typ_1_80V_25C 
EN2X2            4     135.274    D_CELLS_MOSST_typ_1_80V_25C 
EN2X4            1      36.893    D_CELLS_MOSST_typ_1_80V_25C 
EN3X1           31    1238.983    D_CELLS_MOSST_typ_1_80V_25C 
EO2X1           42     903.874    D_CELLS_MOSST_typ_1_80V_25C 
EO3X0            1      27.670    D_CELLS_MOSST_typ_1_80V_25C 
FAX0           383   20017.418    D_CELLS_MOSST_typ_1_80V_25C 
FAX1           466   27220.738    D_CELLS_MOSST_typ_1_80V_25C 
FAX2            14     903.874    D_CELLS_MOSST_typ_1_80V_25C 
FAX4           101    7452.346    D_CELLS_MOSST_typ_1_80V_25C 
HAX1            95    2920.680    D_CELLS_MOSST_typ_1_80V_25C 
HAX2            35    1291.248    D_CELLS_MOSST_typ_1_80V_25C 
INCX12           2     116.827    D_CELLS_MOSST_typ_1_80V_25C 
INX1           558    3431.030    D_CELLS_MOSST_typ_1_80V_25C 
INX12            1      58.414    D_CELLS_MOSST_typ_1_80V_25C 
INX2            23     212.134    D_CELLS_MOSST_typ_1_80V_25C 
INX3             9     138.348    D_CELLS_MOSST_typ_1_80V_25C 
INX4            10     184.464    D_CELLS_MOSST_typ_1_80V_25C 
INX6             1      21.521    D_CELLS_MOSST_typ_1_80V_25C 
INX8             2      61.488    D_CELLS_MOSST_typ_1_80V_25C 
ITHX0           32     393.523    D_CELLS_MOSST_typ_1_80V_25C 
MU2IX1         112    2065.997    D_CELLS_MOSST_typ_1_80V_25C 
MU2X0            1      21.521    D_CELLS_MOSST_typ_1_80V_25C 
MU2X1          112    2754.662    D_CELLS_MOSST_typ_1_80V_25C 
MU2X2           10     245.952    D_CELLS_MOSST_typ_1_80V_25C 
MU2X4            3      92.232    D_CELLS_MOSST_typ_1_80V_25C 
NA2I1X0          4      49.190    D_CELLS_MOSST_typ_1_80V_25C 
NA2I1X1         51     783.972    D_CELLS_MOSST_typ_1_80V_25C 
NA2I1X2          4      73.786    D_CELLS_MOSST_typ_1_80V_25C 
NA2I1X4          3      92.232    D_CELLS_MOSST_typ_1_80V_25C 
NA2X1          462    4261.118    D_CELLS_MOSST_typ_1_80V_25C 
NA2X2           53     814.716    D_CELLS_MOSST_typ_1_80V_25C 
NA2X4          119    3658.536    D_CELLS_MOSST_typ_1_80V_25C 
NA3I1X1         16     295.142    D_CELLS_MOSST_typ_1_80V_25C 
NA3I2X1          3      64.562    D_CELLS_MOSST_typ_1_80V_25C 
NA3X1          100    1229.760    D_CELLS_MOSST_typ_1_80V_25C 
NA3X2            1      24.595    D_CELLS_MOSST_typ_1_80V_25C 
NA4X1            2      55.339    D_CELLS_MOSST_typ_1_80V_25C 
NA5I1X1          1      33.818    D_CELLS_MOSST_typ_1_80V_25C 
NA5I3X1          3     101.455    D_CELLS_MOSST_typ_1_80V_25C 
NA6I1X1          2      73.786    D_CELLS_MOSST_typ_1_80V_25C 
NA6I3X1          2      73.786    D_CELLS_MOSST_typ_1_80V_25C 
NA6I4X1          1      39.967    D_CELLS_MOSST_typ_1_80V_25C 
NA6X1           37    1251.281    D_CELLS_MOSST_typ_1_80V_25C 
NO2I1X1         59     725.558    D_CELLS_MOSST_typ_1_80V_25C 
NO2X1          641    5912.071    D_CELLS_MOSST_typ_1_80V_25C 
NO2X2           20     307.440    D_CELLS_MOSST_typ_1_80V_25C 
NO2X4           20     553.392    D_CELLS_MOSST_typ_1_80V_25C 
NO3I1X1         27     498.053    D_CELLS_MOSST_typ_1_80V_25C 
NO3I1X2          2      55.339    D_CELLS_MOSST_typ_1_80V_25C 
NO3I2X1          2      43.042    D_CELLS_MOSST_typ_1_80V_25C 
NO3X1           28     430.416    D_CELLS_MOSST_typ_1_80V_25C 
NO4I1X1          1      30.744    D_CELLS_MOSST_typ_1_80V_25C 
NO4I2X1          3      92.232    D_CELLS_MOSST_typ_1_80V_25C 
NO4X2            4     122.976    D_CELLS_MOSST_typ_1_80V_25C 
NO5I2X1          1      33.818    D_CELLS_MOSST_typ_1_80V_25C 
NO5I2X4          1      43.042    D_CELLS_MOSST_typ_1_80V_25C 
NO5I3X1          1      33.818    D_CELLS_MOSST_typ_1_80V_25C 
NO5I3X4          1      43.042    D_CELLS_MOSST_typ_1_80V_25C 
NO5I4X1          1      36.893    D_CELLS_MOSST_typ_1_80V_25C 
NO5X2            1      33.818    D_CELLS_MOSST_typ_1_80V_25C 
NO6I2X1          3     129.125    D_CELLS_MOSST_typ_1_80V_25C 
NO6X1            5     184.464    D_CELLS_MOSST_typ_1_80V_25C 
OA211X1         10     215.208    D_CELLS_MOSST_typ_1_80V_25C 
OA21X0           1      15.372    D_CELLS_MOSST_typ_1_80V_25C 
OA21X1          20     368.928    D_CELLS_MOSST_typ_1_80V_25C 
OA221X1         34     836.237    D_CELLS_MOSST_typ_1_80V_25C 
OA222X1          2      55.339    D_CELLS_MOSST_typ_1_80V_25C 
OA22X1         101    2173.601    D_CELLS_MOSST_typ_1_80V_25C 
OA22X2           2      49.190    D_CELLS_MOSST_typ_1_80V_25C 
OA311X1          3      64.562    D_CELLS_MOSST_typ_1_80V_25C 
OA321X1          1      27.670    D_CELLS_MOSST_typ_1_80V_25C 
ON211X1         27     498.053    D_CELLS_MOSST_typ_1_80V_25C 
ON21X1          49     753.228    D_CELLS_MOSST_typ_1_80V_25C 
ON221X0          1      18.446    D_CELLS_MOSST_typ_1_80V_25C 
ON221X1        168    4131.994    D_CELLS_MOSST_typ_1_80V_25C 
ON222X1          3      83.009    D_CELLS_MOSST_typ_1_80V_25C 
ON22X0           1      15.372    D_CELLS_MOSST_typ_1_80V_25C 
ON22X1         562   10366.877    D_CELLS_MOSST_typ_1_80V_25C 
ON22X4           3     101.455    D_CELLS_MOSST_typ_1_80V_25C 
ON311X1          6     110.678    D_CELLS_MOSST_typ_1_80V_25C 
ON31X1          34     627.178    D_CELLS_MOSST_typ_1_80V_25C 
ON321X1          8     196.762    D_CELLS_MOSST_typ_1_80V_25C 
ON32X1           6     129.125    D_CELLS_MOSST_typ_1_80V_25C 
OR2X1          135    1660.176    D_CELLS_MOSST_typ_1_80V_25C 
OR2X2           44     676.368    D_CELLS_MOSST_typ_1_80V_25C 
OR2X4            1      24.595    D_CELLS_MOSST_typ_1_80V_25C 
OR3X1            2      36.893    D_CELLS_MOSST_typ_1_80V_25C 
OR4X1           12     295.142    D_CELLS_MOSST_typ_1_80V_25C 
OR5X1            7     193.687    D_CELLS_MOSST_typ_1_80V_25C 
OR6X1            7     236.729    D_CELLS_MOSST_typ_1_80V_25C 
SDFRQX1          1      70.711    D_CELLS_MOSST_typ_1_80V_25C 
--------------------------------------------------------------
total        10484  275918.177                                


                                           
     Type      Instances    Area    Area % 
-------------------------------------------
sequential          1723  90860.818   32.9 
inverter             606   4224.226    1.5 
buffer                31    845.460    0.3 
tristate              32    393.523    0.1 
logic               8092 179594.150   65.1 
physical_cells         0      0.000    0.0 
-------------------------------------------
total              10484 275918.177  100.0 

