###############################################################
#  Generated by:      Cadence Innovus 15.20-p005_1
#  OS:                Linux x86_64(Host ID pgmicro04)
#  Generated on:      Thu Feb 23 11:47:05 2023
#  Design:            minimips
#  Command:           check_design -all
###############################################################

#########################################################
## Total instances with placement violations: 4
##   of which 1 insts have multiple violations.
#########################################################

## Insts placed overlapping with other insts (4) ##
#########################################################
### 2 Overlapping with other instance>
set pchkOverlapList [list \
	{U4_ex_U1_alu_mul_138_45_g79557} \
	{U4_ex_U1_alu_mul_138_45_g89940} \
	]
### 2 (Preplaced) Overlapping with other instance>
set pchkOverlapFixedList [list \
	{WELLTAP_5054} \
	{WELLTAP_5583} \
	]

## Insts orientation is not legal based on its cell symmetry rules (1) ##
#########################################################
### 1 Orientation Violation>
set pchkInstOrientList [list \
	{U4_ex_U1_alu_mul_138_45_g89940} \
	]

## Summary: 
#########################################################
## Number of Placed Instances = 28236
##   of which 8235 are fixed.
## Number of Unplaced Instances = 0
## Placement Density:79.59%(473307/594712)
