###############################################################
#  Generated by:      Cadence Innovus 15.20-p005_1
#  OS:                Linux x86_64(Host ID pgmicro02)
#  Generated on:      Tue Mar 21 10:04:51 2023
#  Design:            minimips
#  Command:           check_design -all
###############################################################
Design: minimips

------ Design Summary:
Total Standard Cell Number   (cells) : 14722
Total Block Cell Number      (cells) : 0
Total I/O Pad Cell Number    (cells) : 0
Total Standard Cell Area     ( um^2) : 292040.33
Total Block Cell Area        ( um^2) : 0.00
Total I/O Pad Cell Area      ( um^2) : 0.00

------ Design Statistics:

Number of Instances            : 14722
Number of Nets                 : 12185
Average number of Pins per Net : 3.43
Maximum number of Pins in Net  : 101

------ I/O Port summary

Number of Primary I/O Ports    : 70
Number of Input Ports          : 4
Number of Output Ports         : 34
Number of Bidirectional Ports  : 32
Number of Power/Ground Ports   : 0



------------------------------------------------------------
Detail report:


------ I/O Pad/Port Checking


