============================================================
  Generated by:           Genus(TM) Synthesis Solution GENUS15.22 - 15.20-s024_1
  Generated on:           Mar 01 2023  09:48:51 pm
  Module:                 minimips
  Interconnect mode:      global
  Area mode:              physical library
============================================================


Path 1: MET (108 ps) Setup Check with Pin U4_ex_U1_alu_hilo_reg[61]/C->D
          Group: C2C
     Startpoint: (R) U3_di_DI_op2_reg[29]/C
          Clock: (R) clock
       Endpoint: (R) U4_ex_U1_alu_hilo_reg[61]/D
          Clock: (R) clock

                     Capture       Launch     
        Clock Edge:+    5000            0     
       Src Latency:+       0            0     
       Net Latency:+       0 (I)        0 (I) 
           Arrival:=    5000            0     
                                              
             Setup:-     126                  
     Required Time:=    4874                  
      Launch Clock:-       0                  
         Data Path:-    4765                  
             Slack:=     108                  

#----------------------------------------------------------------------------------------------------------
#              Timing Point                Flags    Arc   Edge   Cell     Fanout  Load Trans Delay Arrival 
#                                                                                 (fF)  (ps)  (ps)   (ps)  
#----------------------------------------------------------------------------------------------------------
  U3_di_DI_op2_reg[29]/C                   -       -      R     (arrival)    174     -     0     -       0 
  U3_di_DI_op2_reg[29]/Q                   -       C->Q   R     DFRQX2         1  17.1   113   278     278 
  U3_di_g8188/Q                            -       A->Q   R     BUX4          13 172.6   215   178     456 
  U4_ex_U1_alu_mul_139_47/g89402/Q         -       A->Q   F     INX4          13 111.3   149   118     574 
  U4_ex_U1_alu_mul_139_47/g88730/Q         -       A->Q   R     NA2X1          1  18.0   194   141     715 
  U4_ex_U1_alu_mul_139_47/g88141/Q         -       A->Q   F     NA2X4         12  85.5   156   114     829 
  U4_ex_U1_alu_mul_139_47/g86947/Q         -       A->Q   F     BUX4          23 131.8   150   176    1005 
  U4_ex_U1_alu_mul_139_47/g86079/Q         -       C->Q   F     AO22X1         1  21.9   142   253    1259 
  U4_ex_U1_alu_mul_139_47/cdnfadd_046_0/CO (p)     CI->CO F     FAX4           1  21.9    90   264    1523 
  U4_ex_U1_alu_mul_139_47/cdnfadd_047_3/S  (p)     CI->S  R     FAX4           1  21.9    88   420    1943 
  U4_ex_U1_alu_mul_139_47/cdnfadd_047_5/S  (p)     CI->S  R     FAX4           1  23.8    91   421    2364 
  U4_ex_U1_alu_mul_139_47/cdnfadd_047_7/S  (p)     A->S   R     FAX4           1  23.1    90   453    2817 
  U4_ex_U1_alu_mul_139_47/cdnfadd_047_8/S  (p)     B->S   F     FAX4           2  21.0   102   378    3195 
  U4_ex_U1_alu_mul_139_47/g85725/Q         -       A->Q   F     OR2X4          2  21.1    54   127    3322 
  U4_ex_U1_alu_mul_139_47/g85683/Q         -       A->Q   R     NA2X2          3  32.3   175   106    3427 
  U4_ex_U1_alu_mul_139_47/g85658/Q         -       B->Q   F     NO2I1X4        2  30.4    73    57    3484 
  U4_ex_U1_alu_mul_139_47/g85461/Q         -       B->Q   R     NA2X4          2  32.2   112    87    3572 
  U4_ex_U1_alu_mul_139_47/g85450/Q         -       A->Q   F     INX1           2  26.0   125    99    3671 
  U4_ex_U1_alu_mul_139_47/g85415/Q         -       B->Q   R     NA3X2          1  18.0   156   116    3786 
  U4_ex_U1_alu_mul_139_47/g85405/Q         -       A->Q   F     NA2X4          3  23.2    73    54    3840 
  U4_ex_U1_alu_mul_139_47/g85387/Q         -       A->Q   R     NA2X1          1  15.5   180   111    3951 
  U4_ex_U1_alu_mul_139_47/g85357/Q         -       B->Q   F     NO2X2          1  18.1    86    75    4025 
  U4_ex_U1_alu_mul_139_47/g85342/Q         -       A->Q   R     NO2X4          1  18.0   109    71    4096 
  U4_ex_U1_alu_mul_139_47/g85341/Q         -       A->Q   F     NA2X4          4  38.9    85    65    4162 
  U4_ex_U1_alu_mul_139_47/g85311/Q         -       A->Q   R     NA2X1          1  12.3   154   100    4262 
  U4_ex_U1_alu_mul_139_47/g85306/Q         -       A->Q   F     NA2X2          2  18.2   105    67    4329 
  U4_ex_U1_alu_mul_139_47/g89644/Q         -       AN->Q  F     NA2I1X2        1  15.0    97   140    4469 
  U4_ex_U1_alu_mul_139_47/g85265/Q         -       B->Q   R     NA2X2          1  10.7    93    83    4552 
  U4_ex_U1_alu_g18625/Q                    -       A->Q   F     AN21X1         1   9.8   174    88    4640 
  U4_ex_U1_alu_g18470/Q                    -       A->Q   R     NO2X1          1   9.7   250   125    4765 
  U4_ex_U1_alu_hilo_reg[61]/D              -       -      R     DFRQX1         1     -     -     0    4765 
#----------------------------------------------------------------------------------------------------------

(p) : Instance is preserved but may be resized

