Command: report datapath > reports_Mar01-21:41:22/map/minimips_datapath.rpt
============================================================
  Generated by:           Genus(TM) Synthesis Solution GENUS15.22 - 15.20-s024_1
  Generated on:           Mar 01 2023  09:48:51 pm
  Module:                 minimips
  Interconnect mode:      global
  Area mode:              physical library
============================================================


Inferred components

                 Operator   Signedness Inputs Outputs CellArea 
===============================================================
minimips
 U4_ex_U1_alu_csa_tree_eq_127_42_groupi
  
  module:csa_tree_eq_127_42_group_461
   very_fast  csa_and_adder            32x32  1        1810.82 
---------------------------------------------------------------
   eq_127_42
    very_fast       ==      unsigned   32x1   1                
===============================================================
minimips
 U4_ex_U1_alu_mul_138_45
  
  module:mult_signed
   timing_driven/booth
                    *       signed     32x32  64      78627.78 
===============================================================
minimips
 U4_ex_U1_alu_mul_139_47
  
  module:mult_unsigned
   timing_driven/booth
                    *       unsigned   32x32  64      84223.19 
===============================================================

      Type        CellArea Percentage 
--------------------------------------
datapath modules 164661.79      47.92 
external muxes        0.00       0.00 
others           178973.12      52.08 
--------------------------------------
total            343634.91     100.00 

