Command: report datapath > reports_Jan23-22:51:53/map/minimips_datapath.rpt
============================================================
  Generated by:           Genus(TM) Synthesis Solution GENUS15.22 - 15.20-s024_1
  Generated on:           Jan 23 2023  11:03:19 pm
  Module:                 minimips
  Interconnect mode:      global
  Area mode:              physical library
============================================================


Inferred components

                 Operator   Signedness Inputs Outputs  CellArea 
================================================================
minimips
 U4_ex_U1_alu_csa_tree_eq_127_42_groupi
  
  module:csa_tree_eq_127_42_group_456
   very_fast  csa_and_adder            32x32  1         1826.19 
----------------------------------------------------------------
   eq_127_42
    very_fast       ==      unsigned   32x1   1                 
================================================================
minimips
 U4_ex_U1_alu_mul_138_45
  
  module:mult_signed
   timing_driven/booth
                    *       signed     32x32  64      144232.40 
================================================================
minimips
 U4_ex_U1_alu_mul_139_47
  
  module:mult_unsigned
   timing_driven/booth
                    *       unsigned   32x32  64      165962.26 
================================================================

      Type        CellArea Percentage 
--------------------------------------
datapath modules 312020.86      62.79 
external muxes        0.00       0.00 
others           184940.53      37.21 
--------------------------------------
total            496961.39     100.00 

