============================================================
  Generated by:           Genus(TM) Synthesis Solution GENUS15.22 - 15.20-s024_1
  Generated on:           Mar 01 2023  10:55:29 pm
  Module:                 minimips
  Interconnect mode:      global
  Area mode:              physical library
============================================================


Path 1: MET (0 ps) Setup Check with Pin U4_ex_U1_alu_hilo_reg[62]/C->D
          Group: C2C
     Startpoint: (R) U3_di_DI_op2_reg[3]/C
          Clock: (R) clock
       Endpoint: (F) U4_ex_U1_alu_hilo_reg[62]/D
          Clock: (R) clock

                     Capture       Launch     
        Clock Edge:+   20000            0     
       Src Latency:+       0            0     
       Net Latency:+       0 (I)        0 (I) 
           Arrival:=   20000            0     
                                              
             Setup:-     143                  
     Required Time:=   19857                  
      Launch Clock:-       0                  
         Data Path:-   19857                  
             Slack:=       0                  

#---------------------------------------------------------------------------------------------------------
#              Timing Point               Flags    Arc   Edge   Cell     Fanout  Load Trans Delay Arrival 
#                                                                                (fF)  (ps)  (ps)   (ps)  
#---------------------------------------------------------------------------------------------------------
  U3_di_DI_op2_reg[3]/C                   -       -      R     (arrival)    174     -     0     -       0 
  U3_di_DI_op2_reg[3]/Q                   -       C->Q   R     DFRQX1         1  17.1   185   316     316 
  U3_di_g7545/Q                           -       A->Q   R     BUX4          54 397.4   471   321     637 
  U4_ex_U1_alu_mul_139_47/g24829/Q        -       A->Q   F     INCX12        13  99.6   104   325     962 
  U4_ex_U1_alu_mul_139_47/g25114/Q        -       IN1->Q F     MU2X2          6  48.4   145   249    1211 
  U4_ex_U1_alu_mul_139_47/g25112/Q        -       B->Q   R     NO2X1          5  44.0   510   317    1528 
  U4_ex_U1_alu_mul_139_47/g24003/Q        -       A->Q   F     INX2          28 197.4   443   348    1876 
  U4_ex_U1_alu_mul_139_47/g23779/Q        -       A->Q   R     ON22X1         1  23.8   421   276    2152 
  U4_ex_U1_alu_mul_139_47/cdnfadd_006_1/S (p)     A->S   R     FAX4           2  21.1    87   510    2662 
  U4_ex_U1_alu_mul_139_47/g23318/Q        -       A->Q   F     NO2X2          2  18.0    69    54    2716 
  U4_ex_U1_alu_mul_139_47/g23305/Q        -       A->Q   R     NO2X2          1  12.4   118    77    2793 
  U4_ex_U1_alu_mul_139_47/g23303/Q        -       A->Q   F     NO2X2          2  28.5    87    71    2864 
  U4_ex_U1_alu_mul_139_47/g23298/Q        -       A->Q   R     NO2X4          1  18.1   106    72    2935 
  U4_ex_U1_alu_mul_139_47/g23296/Q        -       A->Q   F     NO2X4          2  27.7    60    50    2986 
  U4_ex_U1_alu_mul_139_47/g23287/Q        -       A->Q   R     NO2X4          1  18.1   106    66    3052 
  U4_ex_U1_alu_mul_139_47/g23280/Q        -       A->Q   F     NO2X4          1  21.7    86    46    3097 
  U4_ex_U1_alu_mul_139_47/g23266/CO       -       CI->CO F     FAX2           2  24.4   112   235    3333 
  U4_ex_U1_alu_mul_139_47/g23257/Q        -       A->Q   R     NO2X4          1  18.1   106    77    3410 
  U4_ex_U1_alu_mul_139_47/g23251/Q        -       A->Q   F     NO2X4          2  24.1    57    48    3457 
  U4_ex_U1_alu_mul_139_47/g23240/Q        -       A->Q   R     NO2X4          1  18.1   106    65    3522 
  U4_ex_U1_alu_mul_139_47/g23237/Q        -       A->Q   F     NO2X4          2  24.1    57    48    3570 
  U4_ex_U1_alu_mul_139_47/g23226/Q        -       A->Q   R     NO2X4          1  18.1   106    65    3635 
  U4_ex_U1_alu_mul_139_47/g23213/Q        -       A->Q   F     NO2X4          2  24.1    57    48    3682 
  U4_ex_U1_alu_mul_139_47/g23200/Q        -       A->Q   R     NO2X4          1  18.1   106    65    3748 
  U4_ex_U1_alu_mul_139_47/g23197/Q        -       A->Q   F     NO2X4          2  24.1    57    48    3795 
  U4_ex_U1_alu_mul_139_47/g23190/Q        -       A->Q   R     NO2X4          1  18.1   106    65    3860 
  U4_ex_U1_alu_mul_139_47/g23185/Q        -       A->Q   F     NO2X4          2  27.7    60    50    3911 
  U4_ex_U1_alu_mul_139_47/g23156/Q        -       A->Q   R     NO2X4          1  18.1   106    66    3976 
  U4_ex_U1_alu_mul_139_47/g23154/Q        -       A->Q   F     NO2X4          1  21.7    55    46    4022 
  U4_ex_U1_alu_mul_139_47/g23151/CO       -       CI->CO F     FAX2           2  24.1   111   229    4251 
  U4_ex_U1_alu_mul_139_47/g23149/Q        -       A->Q   R     NO2X4          1  18.1   102    77    4328 
  U4_ex_U1_alu_mul_139_47/g23148/Q        -       A->Q   F     NO2X4          2  27.7    81    50    4378 
  U4_ex_U1_alu_mul_139_47/g23145/Q        -       A->Q   R     NO2X4          1   9.8    80    59    4437 
  U4_ex_U1_alu_mul_139_47/g23144/Q        -       A->Q   F     NO2X1          1  20.0   112    80    4517 
  U4_ex_U1_alu_mul_139_47/g23141/CO       -       CI->CO F     FAX1           1  21.7   153   263    4780 
  U4_ex_U1_alu_mul_139_47/g23139/CO       -       CI->CO F     FAX2           1  21.7   106   246    5027 
  U4_ex_U1_alu_mul_139_47/g23137/CO       -       CI->CO F     FAX2           1  21.7   106   234    5261 
  U4_ex_U1_alu_mul_139_47/g23135/CO       -       CI->CO F     FAX2           1  21.7   106   234    5495 
  U4_ex_U1_alu_mul_139_47/g23133/CO       -       CI->CO F     FAX2           1  21.7   106   234    5729 
  U4_ex_U1_alu_mul_139_47/g23131/CO       -       CI->CO F     FAX2           1  21.7   106   234    5963 
  U4_ex_U1_alu_mul_139_47/g23129/CO       -       CI->CO F     FAX2           1  21.7   106   234    6197 
  U4_ex_U1_alu_mul_139_47/g23127/CO       -       CI->CO F     FAX2           1  21.7   106   234    6431 
  U4_ex_U1_alu_mul_139_47/g23125/CO       -       CI->CO F     FAX2           1  21.7   106   234    6666 
  U4_ex_U1_alu_mul_139_47/g23123/CO       -       CI->CO F     FAX2           1  21.7   106   234    6900 
  U4_ex_U1_alu_mul_139_47/g23121/CO       -       CI->CO F     FAX2           1  20.0   101   230    7130 
  U4_ex_U1_alu_mul_139_47/g23119/CO       -       CI->CO F     FAX1           2  19.8   145   254    7384 
  U4_ex_U1_alu_mul_139_47/g23117/Q        -       A->Q   F     OA21X2         1  20.0    91   235    7618 
  U4_ex_U1_alu_mul_139_47/g23114/CO       -       CI->CO F     FAX1           1  20.0   146   253    7871 
  U4_ex_U1_alu_mul_139_47/g23112/CO       -       CI->CO F     FAX1           1  20.0   146   266    8138 
  U4_ex_U1_alu_mul_139_47/g23110/CO       -       CI->CO F     FAX1           1  20.0   146   266    8404 
  U4_ex_U1_alu_mul_139_47/g23108/CO       -       CI->CO F     FAX1           1  20.0   146   266    8670 
  U4_ex_U1_alu_mul_139_47/g23106/CO       -       CI->CO F     FAX1           1  20.0   146   266    8937 
  U4_ex_U1_alu_mul_139_47/g23104/CO       -       CI->CO F     FAX1           1  20.0   146   266    9203 
  U4_ex_U1_alu_mul_139_47/g23102/CO       -       CI->CO F     FAX1           1  15.0   124   250    9453 
  U4_ex_U1_alu_mul_139_47/g23100/CO       -       A->CO  F     FAX0           1  15.0   256   383    9836 
  U4_ex_U1_alu_mul_139_47/g23098/CO       -       A->CO  F     FAX0           1  15.0   256   408   10244 
  U4_ex_U1_alu_mul_139_47/g23096/CO       -       A->CO  F     FAX0           1  15.0   256   408   10651 
  U4_ex_U1_alu_mul_139_47/g23094/CO       -       A->CO  F     FAX0           1  15.0   256   408   11059 
  U4_ex_U1_alu_mul_139_47/g23092/CO       -       A->CO  F     FAX0           1  15.0   256   408   11466 
  U4_ex_U1_alu_mul_139_47/g23090/CO       -       A->CO  F     FAX0           1  15.0   256   408   11874 
  U4_ex_U1_alu_mul_139_47/g23088/CO       -       A->CO  F     FAX0           1  15.0   256   408   12282 
  U4_ex_U1_alu_mul_139_47/g23086/CO       -       A->CO  F     FAX0           1  15.0   256   408   12689 
  U4_ex_U1_alu_mul_139_47/g23084/CO       -       A->CO  F     FAX0           1  15.0   256   408   13097 
  U4_ex_U1_alu_mul_139_47/g23082/CO       -       A->CO  F     FAX0           1  15.0   256   408   13504 
  U4_ex_U1_alu_mul_139_47/g23080/CO       -       A->CO  F     FAX0           1  15.0   256   408   13912 
  U4_ex_U1_alu_mul_139_47/g23078/CO       -       A->CO  F     FAX0           1  15.0   256   408   14320 
  U4_ex_U1_alu_mul_139_47/g23076/CO       -       A->CO  F     FAX0           1  15.0   256   408   14727 
  U4_ex_U1_alu_mul_139_47/g23074/CO       -       A->CO  F     FAX0           1  15.0   256   408   15135 
  U4_ex_U1_alu_mul_139_47/g23072/CO       -       A->CO  F     FAX0           1  15.0   256   408   15542 
  U4_ex_U1_alu_mul_139_47/g23070/CO       -       A->CO  F     FAX0           1  15.0   256   408   15950 
  U4_ex_U1_alu_mul_139_47/g23068/CO       -       A->CO  F     FAX0           1  15.0   256   408   16358 
  U4_ex_U1_alu_mul_139_47/g23066/CO       -       A->CO  F     FAX0           1  15.0   256   408   16765 
  U4_ex_U1_alu_mul_139_47/g23064/CO       -       A->CO  F     FAX0           1  15.0   256   408   17173 
  U4_ex_U1_alu_mul_139_47/g23062/CO       -       A->CO  F     FAX0           1  15.0   256   408   17580 
  U4_ex_U1_alu_mul_139_47/g23060/CO       -       A->CO  F     FAX0           1  15.0   256   408   17988 
  U4_ex_U1_alu_mul_139_47/g23058/CO       -       A->CO  F     FAX0           1  15.0   256   408   18396 
  U4_ex_U1_alu_mul_139_47/g23056/CO       -       A->CO  F     FAX0           1  15.0   256   408   18803 
  U4_ex_U1_alu_mul_139_47/g23054/S        -       A->S   R     FAX0           1  12.4   376   601   19404 
  U4_ex_U1_alu_mul_139_47/g23053/Q        -       A->Q   F     INX1           1  10.9   119    87   19491 
  U4_ex_U1_alu_g20615/Q                   -       B->Q   R     AN222X1        1   9.8   391   283   19773 
  U4_ex_U1_alu_g20487/Q                   -       A->Q   F     NO2X1          1   9.7   123    84   19857 
  U4_ex_U1_alu_hilo_reg[62]/D             -       -      F     DFRQX1         1     -     -     0   19857 
#---------------------------------------------------------------------------------------------------------

(p) : Instance is preserved but may be resized

