============================================================
  Generated by:           Genus(TM) Synthesis Solution GENUS15.22 - 15.20-s024_1
  Generated on:           Jan 23 2023  11:09:30 pm
  Module:                 minimips
  Interconnect mode:      global
  Area mode:              physical library
============================================================

                               
  Gate   Instances     Area                Library            
--------------------------------------------------------------
AN211X0          1      15.372    D_CELLS_MOSST_typ_1_80V_25C 
AN211X1         31     571.838    D_CELLS_MOSST_typ_1_80V_25C 
AN21X0           4      49.190    D_CELLS_MOSST_typ_1_80V_25C 
AN21X1         171    2102.890    D_CELLS_MOSST_typ_1_80V_25C 
AN21X2           1      27.670    D_CELLS_MOSST_typ_1_80V_25C 
AN21X4           1      30.744    D_CELLS_MOSST_typ_1_80V_25C 
AN221X0          2      36.893    D_CELLS_MOSST_typ_1_80V_25C 
AN221X1        262    5638.450    D_CELLS_MOSST_typ_1_80V_25C 
AN222X0         31     667.145    D_CELLS_MOSST_typ_1_80V_25C 
AN222X1        149    3664.685    D_CELLS_MOSST_typ_1_80V_25C 
AN22X1         791   12159.252    D_CELLS_MOSST_typ_1_80V_25C 
AN22X2           2      61.488    D_CELLS_MOSST_typ_1_80V_25C 
AN22X4           2      67.637    D_CELLS_MOSST_typ_1_80V_25C 
AN31X1          51     783.972    D_CELLS_MOSST_typ_1_80V_25C 
AN321X1          2      49.190    D_CELLS_MOSST_typ_1_80V_25C 
AN32X1           3      55.339    D_CELLS_MOSST_typ_1_80V_25C 
AND2X0           6      73.786    D_CELLS_MOSST_typ_1_80V_25C 
AND2X1         429    5275.670    D_CELLS_MOSST_typ_1_80V_25C 
AND2X2         139    2564.050    D_CELLS_MOSST_typ_1_80V_25C 
AND2X4         327    9047.959    D_CELLS_MOSST_typ_1_80V_25C 
AND3X1          99    1521.828    D_CELLS_MOSST_typ_1_80V_25C 
AND3X2          16     344.333    D_CELLS_MOSST_typ_1_80V_25C 
AND3X4          13     439.639    D_CELLS_MOSST_typ_1_80V_25C 
AND4X1           4      98.381    D_CELLS_MOSST_typ_1_80V_25C 
AND5X1          12     332.035    D_CELLS_MOSST_typ_1_80V_25C 
AND5X2           1      33.818    D_CELLS_MOSST_typ_1_80V_25C 
AND6X1         130    3996.720    D_CELLS_MOSST_typ_1_80V_25C 
AO211X1          5     107.604    D_CELLS_MOSST_typ_1_80V_25C 
AO21X1          31     571.838    D_CELLS_MOSST_typ_1_80V_25C 
AO21X2          31     762.451    D_CELLS_MOSST_typ_1_80V_25C 
AO21X4          17     470.383    D_CELLS_MOSST_typ_1_80V_25C 
AO221X1         38     934.618    D_CELLS_MOSST_typ_1_80V_25C 
AO222X1         10     276.696    D_CELLS_MOSST_typ_1_80V_25C 
AO22X1         154    3314.203    D_CELLS_MOSST_typ_1_80V_25C 
AO22X2         230    6364.008    D_CELLS_MOSST_typ_1_80V_25C 
AO22X4          48    1475.712    D_CELLS_MOSST_typ_1_80V_25C 
AO31X1           3      64.562    D_CELLS_MOSST_typ_1_80V_25C 
AO31X4           1      27.670    D_CELLS_MOSST_typ_1_80V_25C 
AO321X1          1      27.670    D_CELLS_MOSST_typ_1_80V_25C 
AO32X1           1      24.595    D_CELLS_MOSST_typ_1_80V_25C 
AO32X2           1      27.670    D_CELLS_MOSST_typ_1_80V_25C 
BUCX4            1      24.595    D_CELLS_MOSST_typ_1_80V_25C 
BUX0            18     221.357    D_CELLS_MOSST_typ_1_80V_25C 
BUX1           137    1684.771    D_CELLS_MOSST_typ_1_80V_25C 
BUX12           24    1475.712    D_CELLS_MOSST_typ_1_80V_25C 
BUX16            4     332.035    D_CELLS_MOSST_typ_1_80V_25C 
BUX2            74    1137.528    D_CELLS_MOSST_typ_1_80V_25C 
BUX20            1      98.381    D_CELLS_MOSST_typ_1_80V_25C 
BUX3            32     688.666    D_CELLS_MOSST_typ_1_80V_25C 
BUX4            65    1598.688    D_CELLS_MOSST_typ_1_80V_25C 
BUX6            38    1285.099    D_CELLS_MOSST_typ_1_80V_25C 
BUX8            51    2195.122    D_CELLS_MOSST_typ_1_80V_25C 
DFRQX0          21    1032.998    D_CELLS_MOSST_typ_1_80V_25C 
DFRQX1        1291   67473.857    D_CELLS_MOSST_typ_1_80V_25C 
DFRQX2          41    2268.907    D_CELLS_MOSST_typ_1_80V_25C 
DFRQX4          42    2969.870    D_CELLS_MOSST_typ_1_80V_25C 
DFRRX1           1      64.562    D_CELLS_MOSST_typ_1_80V_25C 
DFRX0            3     156.794    D_CELLS_MOSST_typ_1_80V_25C 
DFRX1          258   14277.514    D_CELLS_MOSST_typ_1_80V_25C 
DFRX4           24    1992.211    D_CELLS_MOSST_typ_1_80V_25C 
DLLQX1          41    1512.605    D_CELLS_MOSST_typ_1_80V_25C 
DLY1X1           2      49.190    D_CELLS_MOSST_typ_1_80V_25C 
EN2X0           27     415.044    D_CELLS_MOSST_typ_1_80V_25C 
EN2X1          176    3787.661    D_CELLS_MOSST_typ_1_80V_25C 
EN2X2           10     338.184    D_CELLS_MOSST_typ_1_80V_25C 
EN2X4           11     405.821    D_CELLS_MOSST_typ_1_80V_25C 
EN3X1           37    1478.786    D_CELLS_MOSST_typ_1_80V_25C 
EN3X2            2     104.530    D_CELLS_MOSST_typ_1_80V_25C 
EN3X4           10     553.392    D_CELLS_MOSST_typ_1_80V_25C 
EO2X0            5      76.860    D_CELLS_MOSST_typ_1_80V_25C 
EO2X1           89    1915.351    D_CELLS_MOSST_typ_1_80V_25C 
EO3X1            2      79.934    D_CELLS_MOSST_typ_1_80V_25C 
FAX0             1      52.265    D_CELLS_MOSST_typ_1_80V_25C 
FAX1            39    2278.130    D_CELLS_MOSST_typ_1_80V_25C 
FAX2           121    7812.050    D_CELLS_MOSST_typ_1_80V_25C 
FAX4             6     442.714    D_CELLS_MOSST_typ_1_80V_25C 
HAX0             1      30.744    D_CELLS_MOSST_typ_1_80V_25C 
HAX1            47    1444.968    D_CELLS_MOSST_typ_1_80V_25C 
HAX2            17     627.178    D_CELLS_MOSST_typ_1_80V_25C 
HAX4             2      92.232    D_CELLS_MOSST_typ_1_80V_25C 
INCX12           1      58.414    D_CELLS_MOSST_typ_1_80V_25C 
INX0            18     110.678    D_CELLS_MOSST_typ_1_80V_25C 
INX1          1001    6154.949    D_CELLS_MOSST_typ_1_80V_25C 
INX12           12     700.963    D_CELLS_MOSST_typ_1_80V_25C 
INX16            7     516.499    D_CELLS_MOSST_typ_1_80V_25C 
INX2          1012    9333.878    D_CELLS_MOSST_typ_1_80V_25C 
INX20            4     381.226    D_CELLS_MOSST_typ_1_80V_25C 
INX3           195    2997.540    D_CELLS_MOSST_typ_1_80V_25C 
INX4           260    4796.064    D_CELLS_MOSST_typ_1_80V_25C 
INX6            89    1915.351    D_CELLS_MOSST_typ_1_80V_25C 
INX8           148    4550.112    D_CELLS_MOSST_typ_1_80V_25C 
ITHX0           32     393.523    D_CELLS_MOSST_typ_1_80V_25C 
MU2IX1         189    3486.370    D_CELLS_MOSST_typ_1_80V_25C 
MU2IX2          24     885.427    D_CELLS_MOSST_typ_1_80V_25C 
MU2IX4          36    2434.925    D_CELLS_MOSST_typ_1_80V_25C 
MU2X0           10     215.208    D_CELLS_MOSST_typ_1_80V_25C 
MU2X1          130    3197.376    D_CELLS_MOSST_typ_1_80V_25C 
MU2X2           66    1623.283    D_CELLS_MOSST_typ_1_80V_25C 
MU2X4           56    1721.664    D_CELLS_MOSST_typ_1_80V_25C 
NA2I1X0          5      61.488    D_CELLS_MOSST_typ_1_80V_25C 
NA2I1X1        264    4058.208    D_CELLS_MOSST_typ_1_80V_25C 
NA2I1X2        433    7987.291    D_CELLS_MOSST_typ_1_80V_25C 
NA2I1X4        720   22135.680    D_CELLS_MOSST_typ_1_80V_25C 
NA2X0           29     267.473    D_CELLS_MOSST_typ_1_80V_25C 
NA2X1         2274   20973.557    D_CELLS_MOSST_typ_1_80V_25C 
NA2X2         2309   35493.948    D_CELLS_MOSST_typ_1_80V_25C 
NA2X4         1575   48421.800    D_CELLS_MOSST_typ_1_80V_25C 
NA3I1X0          3      46.116    D_CELLS_MOSST_typ_1_80V_25C 
NA3I1X1         27     498.053    D_CELLS_MOSST_typ_1_80V_25C 
NA3I1X2         32     885.427    D_CELLS_MOSST_typ_1_80V_25C 
NA3I1X4         22     879.278    D_CELLS_MOSST_typ_1_80V_25C 
NA3I2X1          3      64.562    D_CELLS_MOSST_typ_1_80V_25C 
NA3I2X2         33    1014.552    D_CELLS_MOSST_typ_1_80V_25C 
NA3I2X4         18     885.427    D_CELLS_MOSST_typ_1_80V_25C 
NA3X1           81     996.106    D_CELLS_MOSST_typ_1_80V_25C 
NA3X2           50    1229.760    D_CELLS_MOSST_typ_1_80V_25C 
NA3X4           31    1429.596    D_CELLS_MOSST_typ_1_80V_25C 
NA4I1X2          1      33.818    D_CELLS_MOSST_typ_1_80V_25C 
NA4X1            5     138.348    D_CELLS_MOSST_typ_1_80V_25C 
NA4X2            1      33.818    D_CELLS_MOSST_typ_1_80V_25C 
NA5I1X1          2      67.637    D_CELLS_MOSST_typ_1_80V_25C 
NA5I2X1          1      33.818    D_CELLS_MOSST_typ_1_80V_25C 
NA6I1X1          2      73.786    D_CELLS_MOSST_typ_1_80V_25C 
NA6I4X1          1      39.967    D_CELLS_MOSST_typ_1_80V_25C 
NA6X1            2      67.637    D_CELLS_MOSST_typ_1_80V_25C 
NO2I1X0          3      36.893    D_CELLS_MOSST_typ_1_80V_25C 
NO2I1X1        204    2508.710    D_CELLS_MOSST_typ_1_80V_25C 
NO2I1X2        285    6133.428    D_CELLS_MOSST_typ_1_80V_25C 
NO2I1X4        238    7317.072    D_CELLS_MOSST_typ_1_80V_25C 
NO2X0            8      73.786    D_CELLS_MOSST_typ_1_80V_25C 
NO2X1         1060    9776.592    D_CELLS_MOSST_typ_1_80V_25C 
NO2X2         1328   20414.016    D_CELLS_MOSST_typ_1_80V_25C 
NO2X4         1193   33009.833    D_CELLS_MOSST_typ_1_80V_25C 
NO3I1X1         16     295.142    D_CELLS_MOSST_typ_1_80V_25C 
NO3I1X2          1      27.670    D_CELLS_MOSST_typ_1_80V_25C 
NO3I1X4          1      46.116    D_CELLS_MOSST_typ_1_80V_25C 
NO3I2X1          2      43.042    D_CELLS_MOSST_typ_1_80V_25C 
NO3I2X2          1      33.818    D_CELLS_MOSST_typ_1_80V_25C 
NO3X0            7      86.083    D_CELLS_MOSST_typ_1_80V_25C 
NO3X1           59     906.948    D_CELLS_MOSST_typ_1_80V_25C 
NO3X2           13     319.738    D_CELLS_MOSST_typ_1_80V_25C 
NO3X4            6     239.803    D_CELLS_MOSST_typ_1_80V_25C 
NO4I1X1          1      30.744    D_CELLS_MOSST_typ_1_80V_25C 
NO4I2X1          2      61.488    D_CELLS_MOSST_typ_1_80V_25C 
NO4X4            2      73.786    D_CELLS_MOSST_typ_1_80V_25C 
NO5I1X1          2      67.637    D_CELLS_MOSST_typ_1_80V_25C 
NO5I2X1          1      33.818    D_CELLS_MOSST_typ_1_80V_25C 
NO5I4X1          1      36.893    D_CELLS_MOSST_typ_1_80V_25C 
NO5X4            1      39.967    D_CELLS_MOSST_typ_1_80V_25C 
NO6I4X1          1      43.042    D_CELLS_MOSST_typ_1_80V_25C 
NO6X1            2      73.786    D_CELLS_MOSST_typ_1_80V_25C 
OA211X1          5     107.604    D_CELLS_MOSST_typ_1_80V_25C 
OA21X1          27     498.053    D_CELLS_MOSST_typ_1_80V_25C 
OA21X2          18     387.374    D_CELLS_MOSST_typ_1_80V_25C 
OA21X4          53    1466.489    D_CELLS_MOSST_typ_1_80V_25C 
OA221X1          9     221.357    D_CELLS_MOSST_typ_1_80V_25C 
OA222X1          6     166.018    D_CELLS_MOSST_typ_1_80V_25C 
OA22X0           1      18.446    D_CELLS_MOSST_typ_1_80V_25C 
OA22X1         104    2238.163    D_CELLS_MOSST_typ_1_80V_25C 
OA22X2         127    3123.590    D_CELLS_MOSST_typ_1_80V_25C 
OA22X4         154    4734.576    D_CELLS_MOSST_typ_1_80V_25C 
OA321X1          1      27.670    D_CELLS_MOSST_typ_1_80V_25C 
ON211X1         44     811.642    D_CELLS_MOSST_typ_1_80V_25C 
ON21X0           1      12.298    D_CELLS_MOSST_typ_1_80V_25C 
ON21X1         123    1890.756    D_CELLS_MOSST_typ_1_80V_25C 
ON221X0          1      18.446    D_CELLS_MOSST_typ_1_80V_25C 
ON221X1         30     737.856    D_CELLS_MOSST_typ_1_80V_25C 
ON222X1         12     332.035    D_CELLS_MOSST_typ_1_80V_25C 
ON22X1         157    2896.085    D_CELLS_MOSST_typ_1_80V_25C 
ON22X4           1      33.818    D_CELLS_MOSST_typ_1_80V_25C 
ON311X1          3      55.339    D_CELLS_MOSST_typ_1_80V_25C 
ON311X2          1      30.744    D_CELLS_MOSST_typ_1_80V_25C 
ON31X1          35     645.624    D_CELLS_MOSST_typ_1_80V_25C 
ON321X1         11     270.547    D_CELLS_MOSST_typ_1_80V_25C 
ON32X0           1      18.446    D_CELLS_MOSST_typ_1_80V_25C 
ON32X1           7     150.646    D_CELLS_MOSST_typ_1_80V_25C 
ON33X0           2      43.042    D_CELLS_MOSST_typ_1_80V_25C 
OR2X1          112    1377.331    D_CELLS_MOSST_typ_1_80V_25C 
OR2X2          105    1614.060    D_CELLS_MOSST_typ_1_80V_25C 
OR2X4          102    2508.710    D_CELLS_MOSST_typ_1_80V_25C 
OR3X1            2      36.893    D_CELLS_MOSST_typ_1_80V_25C 
OR3X4            7     236.729    D_CELLS_MOSST_typ_1_80V_25C 
OR4X1           17     418.118    D_CELLS_MOSST_typ_1_80V_25C 
OR4X2            6     184.464    D_CELLS_MOSST_typ_1_80V_25C 
OR5X1            8     221.357    D_CELLS_MOSST_typ_1_80V_25C 
OR5X2            1      33.818    D_CELLS_MOSST_typ_1_80V_25C 
OR6X1            1      33.818    D_CELLS_MOSST_typ_1_80V_25C 
SDFRQX0          1      64.562    D_CELLS_MOSST_typ_1_80V_25C 
--------------------------------------------------------------
total        22971  491322.938                                


                                           
     Type      Instances    Area    Area % 
-------------------------------------------
sequential          1723  91813.882   18.7 
inverter            2747  31515.674    6.4 
buffer               447  10791.144    2.2 
tristate              32    393.523    0.1 
logic              18022 356808.715   72.6 
physical_cells         0      0.000    0.0 
-------------------------------------------
total              22971 491322.938  100.0 

