============================================================
  Generated by:           Genus(TM) Synthesis Solution GENUS15.22 - 15.20-s024_1
  Generated on:           Mar 01 2023  10:29:45 pm
  Module:                 minimips
  Interconnect mode:      global
  Area mode:              physical library
============================================================

             Instance              Cells  Cell Area  Net Area   Total Area 
---------------------------------------------------------------------------
minimips                           18616     420558       494       421052 
  U4_ex                            14851     258355         0       258355 
    U1_alu                         14003     240441         0       240441 
      mul_139_47                    6242      99623         0        99623 
      mul_138_45                    5858      93460         0        93460 
      final_adder_add_125_73         452       6242         0         6242 
      SHIFT_RIGHT_134_22:srl00618    165       4601         0         4601 
      SHIFT_RIGHT_133_26:srl00611    165       4601         0         4601 
      SHIFT_LEFT_132_22:sll00604     165       4601         0         4601 
      csa_tree_eq_127_42_groupi      169       2312         0         2312 
    add_178_53                       426       5895         0         5895 
    add_132_74                       176       2186         0         2186 
  U7_banc                           1384      92971         0        92971 
  U3_di                             1016      24109         0        24109 
  U8_syscop                          409      16446         0        16446 
  U6_renvoi                          259       7039         0         7039 
  U5_mem                             133       6179         0         6179 
  U1_pf                              253       5674         0         5674 
    add_90_43                        176       2186         0         2186 
  U9_bus_ctrl                        187       5240         0         5240 
  U2_ei                              119       4427         0         4427 
