============================================================
  Generated by:           Genus(TM) Synthesis Solution GENUS15.22 - 15.20-s024_1
  Generated on:           Jan 23 2023  11:09:29 pm
  Module:                 minimips
  Interconnect mode:      global
  Area mode:              physical library
============================================================

                                 Leakage     Internal   
  Gate   Instances     Area    Power (nW)   Power (nW)              Library            
---------------------------------------------------------------------------------------
AN211X0          1      15.372      0.026        19.792    D_CELLS_MOSST_typ_1_80V_25C 
AN211X1         31     571.838      0.692       108.854    D_CELLS_MOSST_typ_1_80V_25C 
AN21X0           4      49.190      0.128         0.000    D_CELLS_MOSST_typ_1_80V_25C 
AN21X1         171    2102.890      4.069     11320.731    D_CELLS_MOSST_typ_1_80V_25C 
AN21X2           1      27.670      0.073         0.000    D_CELLS_MOSST_typ_1_80V_25C 
AN21X4           1      30.744      0.111         0.000    D_CELLS_MOSST_typ_1_80V_25C 
AN221X0          2      36.893      0.068       924.001    D_CELLS_MOSST_typ_1_80V_25C 
AN221X1        262    5638.450      7.535     15382.247    D_CELLS_MOSST_typ_1_80V_25C 
AN222X0         31     667.145      1.344     54754.698    D_CELLS_MOSST_typ_1_80V_25C 
AN222X1        149    3664.685      5.555    107372.948    D_CELLS_MOSST_typ_1_80V_25C 
AN22X1         791   12159.252     24.205      5811.063    D_CELLS_MOSST_typ_1_80V_25C 
AN22X2           2      61.488      0.158         0.000    D_CELLS_MOSST_typ_1_80V_25C 
AN22X4           2      67.637      0.246         0.000    D_CELLS_MOSST_typ_1_80V_25C 
AN31X1          51     783.972      1.257       366.146    D_CELLS_MOSST_typ_1_80V_25C 
AN321X1          2      49.190      0.060         0.000    D_CELLS_MOSST_typ_1_80V_25C 
AN32X1           3      55.339      0.092         0.000    D_CELLS_MOSST_typ_1_80V_25C 
AND2X0           6      73.786      0.244         0.000    D_CELLS_MOSST_typ_1_80V_25C 
AND2X1         429    5275.670     12.178    600614.980    D_CELLS_MOSST_typ_1_80V_25C 
AND2X2         139    2564.050      6.098         0.000    D_CELLS_MOSST_typ_1_80V_25C 
AND2X4         327    9047.959     28.985      7337.492    D_CELLS_MOSST_typ_1_80V_25C 
AND3X1          99    1521.828      2.325      9992.054    D_CELLS_MOSST_typ_1_80V_25C 
AND3X2          16     344.333      0.597         0.000    D_CELLS_MOSST_typ_1_80V_25C 
AND3X4          13     439.639      1.014        17.578    D_CELLS_MOSST_typ_1_80V_25C 
AND4X1           4      98.381      0.170      3024.775    D_CELLS_MOSST_typ_1_80V_25C 
AND5X1          12     332.035      0.446      6762.295    D_CELLS_MOSST_typ_1_80V_25C 
AND5X2           1      33.818      0.050         0.000    D_CELLS_MOSST_typ_1_80V_25C 
AND6X1         130    3996.720      4.244         0.000    D_CELLS_MOSST_typ_1_80V_25C 
AO211X1          5     107.604      0.197         0.000    D_CELLS_MOSST_typ_1_80V_25C 
AO21X1          31     571.838      1.260         0.000    D_CELLS_MOSST_typ_1_80V_25C 
AO21X2          31     762.451      1.888         0.000    D_CELLS_MOSST_typ_1_80V_25C 
AO21X4          17     470.383      1.706         0.000    D_CELLS_MOSST_typ_1_80V_25C 
AO221X1         38     934.618      1.645        22.661    D_CELLS_MOSST_typ_1_80V_25C 
AO222X1         10     276.696      0.475         0.000    D_CELLS_MOSST_typ_1_80V_25C 
AO22X1         154    3314.203      6.407         0.000    D_CELLS_MOSST_typ_1_80V_25C 
AO22X2         230    6364.008     13.484         0.000    D_CELLS_MOSST_typ_1_80V_25C 
AO22X4          48    1475.712      4.604         0.000    D_CELLS_MOSST_typ_1_80V_25C 
AO31X1           3      64.562      0.112      2036.237    D_CELLS_MOSST_typ_1_80V_25C 
AO31X4           1      27.670      0.099         0.000    D_CELLS_MOSST_typ_1_80V_25C 
AO321X1          1      27.670      0.041         0.000    D_CELLS_MOSST_typ_1_80V_25C 
AO32X1           1      24.595      0.038         0.000    D_CELLS_MOSST_typ_1_80V_25C 
AO32X2           1      27.670      0.057         0.000    D_CELLS_MOSST_typ_1_80V_25C 
BUCX4            1      24.595      0.093         0.000    D_CELLS_MOSST_typ_1_80V_25C 
BUX0            18     221.357      0.936         0.000    D_CELLS_MOSST_typ_1_80V_25C 
BUX1           137    1684.771      5.369         0.000    D_CELLS_MOSST_typ_1_80V_25C 
BUX12           24    1475.712      8.955         0.000    D_CELLS_MOSST_typ_1_80V_25C 
BUX16            4     332.035      2.029         0.000    D_CELLS_MOSST_typ_1_80V_25C 
BUX2            74    1137.528      4.754         0.000    D_CELLS_MOSST_typ_1_80V_25C 
BUX20            1      98.381      0.631         0.000    D_CELLS_MOSST_typ_1_80V_25C 
BUX3            32     688.666      3.090         0.000    D_CELLS_MOSST_typ_1_80V_25C 
BUX4            65    1598.688      8.351         0.000    D_CELLS_MOSST_typ_1_80V_25C 
BUX6            38    1285.099      7.070         0.000    D_CELLS_MOSST_typ_1_80V_25C 
BUX8            51    2195.122     12.948         0.000    D_CELLS_MOSST_typ_1_80V_25C 
DFRQX0          21    1032.998      3.840    144098.073    D_CELLS_MOSST_typ_1_80V_25C 
DFRQX1        1291   67473.857    192.132  16724363.273    D_CELLS_MOSST_typ_1_80V_25C 
DFRQX2          41    2268.907      6.403    750642.714    D_CELLS_MOSST_typ_1_80V_25C 
DFRQX4          42    2969.870      7.439    862049.997    D_CELLS_MOSST_typ_1_80V_25C 
DFRRX1           1      64.562      0.094     17218.750    D_CELLS_MOSST_typ_1_80V_25C 
DFRX0            3     156.794      0.569     19428.907    D_CELLS_MOSST_typ_1_80V_25C 
DFRX1          258   14277.514     38.399   2908704.664    D_CELLS_MOSST_typ_1_80V_25C 
DFRX4           24    1992.211      4.283    493650.020    D_CELLS_MOSST_typ_1_80V_25C 
DLLQX1          41    1512.605      3.883    777070.695    D_CELLS_MOSST_typ_1_80V_25C 
DLY1X1           2      49.190      0.083         0.000    D_CELLS_MOSST_typ_1_80V_25C 
EN2X0           27     415.044      1.281         0.000    D_CELLS_MOSST_typ_1_80V_25C 
EN2X1          176    3787.661      7.989      6976.346    D_CELLS_MOSST_typ_1_80V_25C 
EN2X2           10     338.184      0.896         0.000    D_CELLS_MOSST_typ_1_80V_25C 
EN2X4           11     405.821      1.379         0.000    D_CELLS_MOSST_typ_1_80V_25C 
EN3X1           37    1478.786      3.318         0.000    D_CELLS_MOSST_typ_1_80V_25C 
EN3X2            2     104.530      0.268         0.000    D_CELLS_MOSST_typ_1_80V_25C 
EN3X4           10     553.392      1.691         0.000    D_CELLS_MOSST_typ_1_80V_25C 
EO2X0            5      76.860      0.360         0.000    D_CELLS_MOSST_typ_1_80V_25C 
EO2X1           89    1915.351      4.518     48060.847    D_CELLS_MOSST_typ_1_80V_25C 
EO3X1            2      79.934      0.188         0.000    D_CELLS_MOSST_typ_1_80V_25C 
FAX0             1      52.265      0.103         0.000    D_CELLS_MOSST_typ_1_80V_25C 
FAX1            39    2278.130      2.826         0.000    D_CELLS_MOSST_typ_1_80V_25C 
FAX2           121    7812.050     10.287         0.000    D_CELLS_MOSST_typ_1_80V_25C 
FAX4             6     442.714      0.584         0.000    D_CELLS_MOSST_typ_1_80V_25C 
HAX0             1      30.744      0.067         0.000    D_CELLS_MOSST_typ_1_80V_25C 
HAX1            47    1444.968      2.616    143749.693    D_CELLS_MOSST_typ_1_80V_25C 
HAX2            17     627.178      1.077         0.000    D_CELLS_MOSST_typ_1_80V_25C 
HAX4             2      92.232      0.154         0.000    D_CELLS_MOSST_typ_1_80V_25C 
INCX12           1      58.414      0.272         0.000    D_CELLS_MOSST_typ_1_80V_25C 
INX0            18     110.678      0.478         0.000    D_CELLS_MOSST_typ_1_80V_25C 
INX1          1001    6154.949     20.083      8974.681    D_CELLS_MOSST_typ_1_80V_25C 
INX12           12     700.963      4.069         0.000    D_CELLS_MOSST_typ_1_80V_25C 
INX16            7     516.499      3.300         0.000    D_CELLS_MOSST_typ_1_80V_25C 
INX2          1012    9333.878     40.848      1854.617    D_CELLS_MOSST_typ_1_80V_25C 
INX20            4     381.226      2.513         0.000    D_CELLS_MOSST_typ_1_80V_25C 
INX3           195    2997.540     11.985         0.000    D_CELLS_MOSST_typ_1_80V_25C 
INX4           260    4796.064     21.961      3022.444    D_CELLS_MOSST_typ_1_80V_25C 
INX6            89    1915.351     10.242         0.000    D_CELLS_MOSST_typ_1_80V_25C 
INX8           148    4550.112     24.456         0.000    D_CELLS_MOSST_typ_1_80V_25C 
ITHX0           32     393.523      1.179       867.936    D_CELLS_MOSST_typ_1_80V_25C 
MU2IX1         189    3486.370      8.767      2599.260    D_CELLS_MOSST_typ_1_80V_25C 
MU2IX2          24     885.427      2.409         0.000    D_CELLS_MOSST_typ_1_80V_25C 
MU2IX4          36    2434.925      5.366         0.000    D_CELLS_MOSST_typ_1_80V_25C 
MU2X0           10     215.208      0.873         0.000    D_CELLS_MOSST_typ_1_80V_25C 
MU2X1          130    3197.376      8.026    101661.158    D_CELLS_MOSST_typ_1_80V_25C 
MU2X2           66    1623.283      5.049         0.000    D_CELLS_MOSST_typ_1_80V_25C 
MU2X4           56    1721.664      6.747         0.000    D_CELLS_MOSST_typ_1_80V_25C 
NA2I1X0          5      61.488      0.254       728.395    D_CELLS_MOSST_typ_1_80V_25C 
NA2I1X1        264    4058.208     10.330      4300.880    D_CELLS_MOSST_typ_1_80V_25C 
NA2I1X2        433    7987.291     23.719         0.000    D_CELLS_MOSST_typ_1_80V_25C 
NA2I1X4        720   22135.680     76.862         0.000    D_CELLS_MOSST_typ_1_80V_25C 
NA2X0           29     267.473      0.735       560.599    D_CELLS_MOSST_typ_1_80V_25C 
NA2X1         2274   20973.557     43.108     14038.444    D_CELLS_MOSST_typ_1_80V_25C 
NA2X2         2309   35493.948     87.536      2133.935    D_CELLS_MOSST_typ_1_80V_25C 
NA2X4         1575   48421.800    119.420      4169.444    D_CELLS_MOSST_typ_1_80V_25C 
NA3I1X0          3      46.116      0.140      2325.567    D_CELLS_MOSST_typ_1_80V_25C 
NA3I1X1         27     498.053      1.003         1.992    D_CELLS_MOSST_typ_1_80V_25C 
NA3I1X2         32     885.427      1.631      1983.691    D_CELLS_MOSST_typ_1_80V_25C 
NA3I1X4         22     879.278      2.221         0.000    D_CELLS_MOSST_typ_1_80V_25C 
NA3I2X1          3      64.562      0.172         0.000    D_CELLS_MOSST_typ_1_80V_25C 
NA3I2X2         33    1014.552      2.243         0.000    D_CELLS_MOSST_typ_1_80V_25C 
NA3I2X4         18     885.427      2.435         0.000    D_CELLS_MOSST_typ_1_80V_25C 
NA3X1           81     996.106      1.363     12726.054    D_CELLS_MOSST_typ_1_80V_25C 
NA3X2           50    1229.760      1.693      7387.340    D_CELLS_MOSST_typ_1_80V_25C 
NA3X4           31    1429.596      2.100        29.297    D_CELLS_MOSST_typ_1_80V_25C 
NA4I1X2          1      33.818      0.113         0.000    D_CELLS_MOSST_typ_1_80V_25C 
NA4X1            5     138.348      0.326         0.000    D_CELLS_MOSST_typ_1_80V_25C 
NA4X2            1      33.818      0.093         0.000    D_CELLS_MOSST_typ_1_80V_25C 
NA5I1X1          2      67.637      0.160     11604.156    D_CELLS_MOSST_typ_1_80V_25C 
NA5I2X1          1      33.818      0.093         0.000    D_CELLS_MOSST_typ_1_80V_25C 
NA6I1X1          2      73.786      0.152         0.000    D_CELLS_MOSST_typ_1_80V_25C 
NA6I4X1          1      39.967      0.112         0.000    D_CELLS_MOSST_typ_1_80V_25C 
NA6X1            2      67.637      0.112         0.000    D_CELLS_MOSST_typ_1_80V_25C 
NO2I1X0          3      36.893      0.154         0.000    D_CELLS_MOSST_typ_1_80V_25C 
NO2I1X1        204    2508.710      8.108      5107.930    D_CELLS_MOSST_typ_1_80V_25C 
NO2I1X2        285    6133.428     15.990         0.000    D_CELLS_MOSST_typ_1_80V_25C 
NO2I1X4        238    7317.072     23.366         0.000    D_CELLS_MOSST_typ_1_80V_25C 
NO2X0            8      73.786      0.206         0.000    D_CELLS_MOSST_typ_1_80V_25C 
NO2X1         1060    9776.592     20.752    183237.323    D_CELLS_MOSST_typ_1_80V_25C 
NO2X2         1328   20414.016     51.994      9752.093    D_CELLS_MOSST_typ_1_80V_25C 
NO2X4         1193   33009.833     85.847      4225.827    D_CELLS_MOSST_typ_1_80V_25C 
NO3I1X1         16     295.142      0.586      6731.695    D_CELLS_MOSST_typ_1_80V_25C 
NO3I1X2          1      27.670      0.050         0.000    D_CELLS_MOSST_typ_1_80V_25C 
NO3I1X4          1      46.116      0.091         0.000    D_CELLS_MOSST_typ_1_80V_25C 
NO3I2X1          2      43.042      0.114         0.000    D_CELLS_MOSST_typ_1_80V_25C 
NO3I2X2          1      33.818      0.067         0.000    D_CELLS_MOSST_typ_1_80V_25C 
NO3X0            7      86.083      0.139        41.995    D_CELLS_MOSST_typ_1_80V_25C 
NO3X1           59     906.948      0.967      3137.322    D_CELLS_MOSST_typ_1_80V_25C 
NO3X2           13     319.738      0.426         0.000    D_CELLS_MOSST_typ_1_80V_25C 
NO3X4            6     239.803      0.376         0.000    D_CELLS_MOSST_typ_1_80V_25C 
NO4I1X1          1      30.744      0.086         0.000    D_CELLS_MOSST_typ_1_80V_25C 
NO4I2X1          2      61.488      0.146         0.000    D_CELLS_MOSST_typ_1_80V_25C 
NO4X4            2      73.786      0.198         0.000    D_CELLS_MOSST_typ_1_80V_25C 
NO5I1X1          2      67.637      0.160         0.000    D_CELLS_MOSST_typ_1_80V_25C 
NO5I2X1          1      33.818      0.067         0.000    D_CELLS_MOSST_typ_1_80V_25C 
NO5I4X1          1      36.893      0.084      2413.732    D_CELLS_MOSST_typ_1_80V_25C 
NO5X4            1      39.967      0.091         0.000    D_CELLS_MOSST_typ_1_80V_25C 
NO6I4X1          1      43.042      0.094      3459.979    D_CELLS_MOSST_typ_1_80V_25C 
NO6X1            2      73.786      0.106         0.000    D_CELLS_MOSST_typ_1_80V_25C 
OA211X1          5     107.604      0.141         0.000    D_CELLS_MOSST_typ_1_80V_25C 
OA21X1          27     498.053      0.949         0.000    D_CELLS_MOSST_typ_1_80V_25C 
OA21X2          18     387.374      0.905         0.000    D_CELLS_MOSST_typ_1_80V_25C 
OA21X4          53    1466.489      4.690         0.000    D_CELLS_MOSST_typ_1_80V_25C 
OA221X1          9     221.357      0.314         0.000    D_CELLS_MOSST_typ_1_80V_25C 
OA222X1          6     166.018      0.251         0.000    D_CELLS_MOSST_typ_1_80V_25C 
OA22X0           1      18.446      0.066         0.000    D_CELLS_MOSST_typ_1_80V_25C 
OA22X1         104    2238.163      4.269         0.000    D_CELLS_MOSST_typ_1_80V_25C 
OA22X2         127    3123.590      7.639         0.000    D_CELLS_MOSST_typ_1_80V_25C 
OA22X4         154    4734.576     15.948         0.000    D_CELLS_MOSST_typ_1_80V_25C 
OA321X1          1      27.670      0.037         0.000    D_CELLS_MOSST_typ_1_80V_25C 
ON211X1         44     811.642      0.908         0.000    D_CELLS_MOSST_typ_1_80V_25C 
ON21X0           1      12.298      0.031         0.000    D_CELLS_MOSST_typ_1_80V_25C 
ON21X1         123    1890.756      2.977         0.000    D_CELLS_MOSST_typ_1_80V_25C 
ON221X0          1      18.446      0.033         0.000    D_CELLS_MOSST_typ_1_80V_25C 
ON221X1         30     737.856      0.819         0.000    D_CELLS_MOSST_typ_1_80V_25C 
ON222X1         12     332.035      0.417      2167.168    D_CELLS_MOSST_typ_1_80V_25C 
ON22X1         157    2896.085      4.801         4.700    D_CELLS_MOSST_typ_1_80V_25C 
ON22X4           1      33.818      0.119         0.000    D_CELLS_MOSST_typ_1_80V_25C 
ON311X1          3      55.339      0.065         0.000    D_CELLS_MOSST_typ_1_80V_25C 
ON311X2          1      30.744      0.073         0.000    D_CELLS_MOSST_typ_1_80V_25C 
ON31X1          35     645.624      0.894    132133.386    D_CELLS_MOSST_typ_1_80V_25C 
ON321X1         11     270.547      0.306        11.719    D_CELLS_MOSST_typ_1_80V_25C 
ON32X0           1      18.446      0.034         0.000    D_CELLS_MOSST_typ_1_80V_25C 
ON32X1           7     150.646      0.223        11.719    D_CELLS_MOSST_typ_1_80V_25C 
ON33X0           2      43.042      0.061         0.000    D_CELLS_MOSST_typ_1_80V_25C 
OR2X1          112    1377.331      4.761     83615.489    D_CELLS_MOSST_typ_1_80V_25C 
OR2X2          105    1614.060      6.538         0.000    D_CELLS_MOSST_typ_1_80V_25C 
OR2X4          102    2508.710     10.923         0.000    D_CELLS_MOSST_typ_1_80V_25C 
OR3X1            2      36.893      0.080         0.000    D_CELLS_MOSST_typ_1_80V_25C 
OR3X4            7     236.729      0.854         0.000    D_CELLS_MOSST_typ_1_80V_25C 
OR4X1           17     418.118      0.969      1588.359    D_CELLS_MOSST_typ_1_80V_25C 
OR4X2            6     184.464      0.411         0.000    D_CELLS_MOSST_typ_1_80V_25C 
OR5X1            8     221.357      0.405         0.000    D_CELLS_MOSST_typ_1_80V_25C 
OR5X2            1      33.818      0.062         0.000    D_CELLS_MOSST_typ_1_80V_25C 
OR6X1            1      33.818      0.072         0.000    D_CELLS_MOSST_typ_1_80V_25C 
SDFRQX0          1      64.562      0.191     18236.094    D_CELLS_MOSST_typ_1_80V_25C 
---------------------------------------------------------------------------------------
total        22971  491322.938   1324.182  24358728.952                                


                                             Leakage  Leakage   Internal   Internal 
     Type      Instances    Area    Area % Power (nW) Power %  Power (nW)   Power % 
------------------------------------------------------------------------------------
sequential          1723  91813.882   18.7    257.233    19.4 22715463.189     93.3 
inverter            2747  31515.674    6.4    140.209    10.6    13851.742      0.1 
buffer               447  10791.144    2.2     54.308     4.1        0.000      0.0 
tristate              32    393.523    0.1      1.179     0.1      867.936      0.0 
logic              18022 356808.715   72.6    871.253    65.8  1628546.086      6.7 
physical_cells         0      0.000    0.0      0.000     0.0        0.000      0.0 
------------------------------------------------------------------------------------
total              22971 491322.938  100.0   1324.182   100.0 24358728.952    100.0 

