============================================================
  Generated by:           Genus(TM) Synthesis Solution GENUS15.22 - 15.20-s024_1
  Generated on:           Jan 23 2023  11:03:19 pm
  Module:                 minimips
  Interconnect mode:      global
  Area mode:              physical library
============================================================


Path 1: VIOLATED (-230 ps) Setup Check with Pin U4_ex_U1_alu_hilo_reg[52]/C->D
          Group: C2C
     Startpoint: (R) U3_di_DI_op2_reg[27]/C
          Clock: (R) clock
       Endpoint: (F) U4_ex_U1_alu_hilo_reg[52]/D
          Clock: (R) clock

                     Capture       Launch     
        Clock Edge:+    4000            0     
       Src Latency:+       0            0     
       Net Latency:+       0 (I)        0 (I) 
           Arrival:=    4000            0     
                                              
             Setup:-     157                  
     Required Time:=    3843                  
      Launch Clock:-       0                  
         Data Path:-    4073                  
             Slack:=    -230                  

#--------------------------------------------------------------------------------------------------
#          Timing Point            Flags    Arc   Edge   Cell     Fanout  Load Trans Delay Arrival 
#                                                                         (fF)  (ps)  (ps)   (ps)  
#--------------------------------------------------------------------------------------------------
  U3_di_DI_op2_reg[27]/C           -       -      R     (arrival)    174     -     0     -       0 
  U3_di_DI_op2_reg[27]/Q           -       C->Q   F     DFRQX4         1  22.0    84   249     249 
  U3_di_g7905/Q                    -       A->Q   F     BUX6           8 134.7   114   140     390 
  U4_ex_U1_alu_mul_139_47/g83457/Q -       A->Q   R     INX20         11 157.9    61   162     552 
  U4_ex_U1_alu_mul_139_47/g82069/Q -       B->Q   R     AND2X1         1  15.5   159   152     704 
  U4_ex_U1_alu_mul_139_47/g81174/Q -       B->Q   F     NO2X2          2  17.6    80    72     775 
  U4_ex_U1_alu_mul_139_47/g84541/Q -       AN->Q  F     NA2I1X1        1  18.0   134   179     954 
  U4_ex_U1_alu_mul_139_47/g78758/Q -       A->Q   R     NA2X4          2  32.8   121    91    1045 
  U4_ex_U1_alu_mul_139_47/g78403/Q -       A->Q   F     INX3           3  38.0    82    70    1115 
  U4_ex_U1_alu_mul_139_47/g76825/Q -       B->Q   R     NA2X1          1  15.0   170   121    1236 
  U4_ex_U1_alu_mul_139_47/g76565/Q -       B->Q   F     NA2X2          2  21.1    94    73    1309 
  U4_ex_U1_alu_mul_139_47/g75866/Q -       A->Q   R     NO2X2          1  14.2   125    88    1396 
  U4_ex_U1_alu_mul_139_47/g75491/Q -       AN->Q  R     NA2I1X4        2  24.3    96   105    1501 
  U4_ex_U1_alu_mul_139_47/g73891/Q -       AN->Q  R     NO2I1X2        1  14.2   125   147    1648 
  U4_ex_U1_alu_mul_139_47/g73736/Q -       AN->Q  R     NA2I1X4        2  40.1   129   121    1769 
  U4_ex_U1_alu_mul_139_47/g86073/Q -       A->Q   F     INX2           1  24.0    72    62    1831 
  U4_ex_U1_alu_mul_139_47/g73288/Q -       IN1->Q R     MU2IX4         4  40.8   212   153    1984 
  U4_ex_U1_alu_mul_139_47/g72930/Q -       B->Q   F     NO2X2          1  14.2    84    71    2056 
  U4_ex_U1_alu_mul_139_47/g72850/Q -       AN->Q  F     NA2I1X4        2  31.2    78   123    2178 
  U4_ex_U1_alu_mul_139_47/g85783/Q -       A->Q   R     INX2           1  18.0    64    52    2230 
  U4_ex_U1_alu_mul_139_47/g72478/Q -       A->Q   F     NA2X4          1  18.0    58    41    2271 
  U4_ex_U1_alu_mul_139_47/g72414/Q -       A->Q   R     NA2X4          4  53.1   152    94    2366 
  U4_ex_U1_alu_mul_139_47/g72202/Q -       B->Q   F     NO2X4          1  14.2    59    54    2420 
  U4_ex_U1_alu_mul_139_47/g72180/Q -       AN->Q  F     NA2I1X4        2  21.0    64   107    2527 
  U4_ex_U1_alu_mul_139_47/g83913/Q -       A->Q   F     OR2X4          2  34.0    69   131    2658 
  U4_ex_U1_alu_mul_139_47/g71903/Q -       B->Q   R     NA2X4          2  24.3    97    78    2736 
  U4_ex_U1_alu_mul_139_47/g71838/Q -       A->Q   F     NA2X4          1  20.2    60    48    2784 
  U4_ex_U1_alu_mul_139_47/g71802/Q -       B->Q   R     NA2I1X4        1  18.0    83    65    2849 
  U4_ex_U1_alu_mul_139_47/g71783/Q -       A->Q   F     NA2X4          2  19.9    63    45    2894 
  U4_ex_U1_alu_mul_139_47/g71767/Q -       A->Q   R     NA2X2          1  18.0   119    77    2971 
  U4_ex_U1_alu_mul_139_47/g71754/Q -       A->Q   F     NA2X4          2  30.8    76    59    3030 
  U4_ex_U1_alu_mul_139_47/g71738/Q -       B->Q   R     NO2X4          1  20.8   106    86    3116 
  U4_ex_U1_alu_mul_139_47/g71728/Q -       B->Q   F     NA2X4          2  26.8    68    55    3172 
  U4_ex_U1_alu_mul_139_47/g71712/Q -       A->Q   R     NA2X4          2  43.1   133    86    3258 
  U4_ex_U1_alu_mul_139_47/g71708/Q -       A->Q   F     INX4           2  26.8    55    46    3304 
  U4_ex_U1_alu_mul_139_47/g71699/Q -       A->Q   R     NO2X4          2  22.0   110    70    3374 
  U4_ex_U1_alu_mul_139_47/g71688/Q -       A->Q   F     NO2X2          1  12.4    82    48    3422 
  U4_ex_U1_alu_mul_139_47/g71676/Q -       A->Q   R     NO2X2          1  12.4   118    80    3502 
  U4_ex_U1_alu_mul_139_47/g71654/Q -       A->Q   F     NO2X2          1  18.1    68    58    3560 
  U4_ex_U1_alu_mul_139_47/g71640/Q -       B->Q   R     NO2I1X4        3  30.6   131    85    3645 
  U4_ex_U1_alu_mul_139_47/g71623/Q -       A->Q   F     NO2X4          2  25.5    58    50    3695 
  U4_ex_U1_alu_mul_139_47/g71606/Q -       B->Q   R     NO2I1X4        1  12.4    86    57    3752 
  U4_ex_U1_alu_mul_139_47/g71594/Q -       A->Q   F     NO2X2          1  14.2    92    48    3800 
  U4_ex_U1_alu_mul_139_47/g71586/Q -       AN->Q  F     NA2I1X4        1  12.3    59   108    3908 
  U4_ex_U1_alu_g18716/Q            -       A->Q   R     NA2X2          1  10.6   151    60    3969 
  U4_ex_U1_alu_g18405/Q            -       C->Q   F     AN31X1         1   8.9   395   104    4073 
  U4_ex_U1_alu_hilo_reg[52]/D      -       -      F     DFRQX0         1     -     -     0    4073 
#--------------------------------------------------------------------------------------------------

