============================================================
  Generated by:           Genus(TM) Synthesis Solution GENUS15.22 - 15.20-s024_1
  Generated on:           Mar 09 2023  12:07:26 pm
  Module:                 minimips
  Interconnect mode:      global
  Area mode:              physical library
============================================================

                                 Leakage     Internal   
  Gate   Instances     Area    Power (nW)   Power (nW)              Library            
---------------------------------------------------------------------------------------
AN211X0          1      15.372      0.026         0.000    D_CELLS_MOSST_typ_1_80V_25C 
AN211X1         81    1494.158      1.808      1798.020    D_CELLS_MOSST_typ_1_80V_25C 
AN21X0           1      12.298      0.032        35.541    D_CELLS_MOSST_typ_1_80V_25C 
AN21X1          86    1057.594      2.046      4502.011    D_CELLS_MOSST_typ_1_80V_25C 
AN221X0          1      18.446      0.034         0.000    D_CELLS_MOSST_typ_1_80V_25C 
AN221X1        280    6025.824      8.053      7896.043    D_CELLS_MOSST_typ_1_80V_25C 
AN222X0          2      43.042      0.087       802.714    D_CELLS_MOSST_typ_1_80V_25C 
AN222X1        162    3984.422      6.040     96463.499    D_CELLS_MOSST_typ_1_80V_25C 
AN22X1        1041   16002.252     31.856      5335.555    D_CELLS_MOSST_typ_1_80V_25C 
AN311X0          1      18.446      0.028        46.505    D_CELLS_MOSST_typ_1_80V_25C 
AN311X1          2      43.042      0.047         0.000    D_CELLS_MOSST_typ_1_80V_25C 
AN31X1           3      46.116      0.074       117.830    D_CELLS_MOSST_typ_1_80V_25C 
AN321X1          9     221.357      0.272         0.000    D_CELLS_MOSST_typ_1_80V_25C 
AN32X1          11     202.910      0.336      1265.856    D_CELLS_MOSST_typ_1_80V_25C 
AND2X1         343    4218.077      9.737    278603.772    D_CELLS_MOSST_typ_1_80V_25C 
AND2X2           7     129.125      0.307       386.786    D_CELLS_MOSST_typ_1_80V_25C 
AND2X4           6     166.018      0.532         0.000    D_CELLS_MOSST_typ_1_80V_25C 
AND3X1         108    1660.176      2.536      6422.058    D_CELLS_MOSST_typ_1_80V_25C 
AND4X1          10     245.952      0.426      1357.601    D_CELLS_MOSST_typ_1_80V_25C 
AND5X1           1      27.670      0.037         0.260    D_CELLS_MOSST_typ_1_80V_25C 
AND6X1          43    1321.992      1.404      4035.083    D_CELLS_MOSST_typ_1_80V_25C 
AO211X1         16     344.333      0.631         0.000    D_CELLS_MOSST_typ_1_80V_25C 
AO21X1          10     184.464      0.406       543.507    D_CELLS_MOSST_typ_1_80V_25C 
AO221X0          2      43.042      0.141         2.474    D_CELLS_MOSST_typ_1_80V_25C 
AO221X1        122    3000.614      5.283      4027.843    D_CELLS_MOSST_typ_1_80V_25C 
AO221X2          1      33.818      0.066         0.000    D_CELLS_MOSST_typ_1_80V_25C 
AO222X1         34     940.766      1.614         0.000    D_CELLS_MOSST_typ_1_80V_25C 
AO22X1         224    4820.659      9.320         0.000    D_CELLS_MOSST_typ_1_80V_25C 
AO22X2           5     138.348      0.293         0.000    D_CELLS_MOSST_typ_1_80V_25C 
AO22X4           1      30.744      0.096         0.000    D_CELLS_MOSST_typ_1_80V_25C 
AO311X1          1      21.521      0.038         0.000    D_CELLS_MOSST_typ_1_80V_25C 
AO31X1           2      43.042      0.075      1296.414    D_CELLS_MOSST_typ_1_80V_25C 
AO321X1          1      27.670      0.041         0.000    D_CELLS_MOSST_typ_1_80V_25C 
AO321X2          1      30.744      0.067       255.247    D_CELLS_MOSST_typ_1_80V_25C 
AO32X1           6     147.571      0.227         0.260    D_CELLS_MOSST_typ_1_80V_25C 
AO33X1           1      27.670      0.035         0.000    D_CELLS_MOSST_typ_1_80V_25C 
BUCX4            2      49.190      0.186         0.000    D_CELLS_MOSST_typ_1_80V_25C 
BUCX6            2      67.637      0.254         0.000    D_CELLS_MOSST_typ_1_80V_25C 
BUCX8            1      39.967      0.172         0.000    D_CELLS_MOSST_typ_1_80V_25C 
BUX1             4      49.190      0.157         0.000    D_CELLS_MOSST_typ_1_80V_25C 
BUX2             4      61.488      0.257         0.000    D_CELLS_MOSST_typ_1_80V_25C 
BUX3             1      21.521      0.097         0.000    D_CELLS_MOSST_typ_1_80V_25C 
BUX4             7     172.166      0.899         0.000    D_CELLS_MOSST_typ_1_80V_25C 
BUX6             5     169.092      0.930         0.000    D_CELLS_MOSST_typ_1_80V_25C 
BUX8             5     215.208      1.269         0.000    D_CELLS_MOSST_typ_1_80V_25C 
DFRQX0           1      49.190      0.183      5608.564    D_CELLS_MOSST_typ_1_80V_25C 
DFRQX1        1293   67578.386    192.429   7970574.376    D_CELLS_MOSST_typ_1_80V_25C 
DFRQX2          40    2213.568      6.247    287536.230    D_CELLS_MOSST_typ_1_80V_25C 
DFRQX4          13     919.246      2.303    113668.932    D_CELLS_MOSST_typ_1_80V_25C 
DFRRX1           1      64.562      0.094      6887.500    D_CELLS_MOSST_typ_1_80V_25C 
DFRSQX1          4     245.952      0.543     27832.291    D_CELLS_MOSST_typ_1_80V_25C 
DFRX1          329   18206.597     48.966   1797313.257    D_CELLS_MOSST_typ_1_80V_25C 
DLLQX1          41    1512.605      3.883    303137.944    D_CELLS_MOSST_typ_1_80V_25C 
EN2X0          793   12189.996     37.615         0.000    D_CELLS_MOSST_typ_1_80V_25C 
EN2X1          327    7037.302     14.843      2111.802    D_CELLS_MOSST_typ_1_80V_25C 
EN2X2            4     135.274      0.358         0.000    D_CELLS_MOSST_typ_1_80V_25C 
EN2X4            1      36.893      0.125         0.000    D_CELLS_MOSST_typ_1_80V_25C 
EN3X1           31    1238.983      2.780         0.000    D_CELLS_MOSST_typ_1_80V_25C 
EO2X1           42     903.874      2.132      3524.421    D_CELLS_MOSST_typ_1_80V_25C 
EO3X0            1      27.670      0.145         0.000    D_CELLS_MOSST_typ_1_80V_25C 
FAX0           383   20017.418     39.307      1624.247    D_CELLS_MOSST_typ_1_80V_25C 
FAX1           466   27220.738     33.770      3097.227    D_CELLS_MOSST_typ_1_80V_25C 
FAX2            14     903.874      1.190         0.000    D_CELLS_MOSST_typ_1_80V_25C 
FAX4           101    7452.346      9.834         0.000    D_CELLS_MOSST_typ_1_80V_25C 
HAX1            95    2920.680      5.287     84350.513    D_CELLS_MOSST_typ_1_80V_25C 
HAX2            35    1291.248      2.217         0.000    D_CELLS_MOSST_typ_1_80V_25C 
INCX12           2     116.827      0.544         0.000    D_CELLS_MOSST_typ_1_80V_25C 
INX1           558    3431.030     11.195      6572.726    D_CELLS_MOSST_typ_1_80V_25C 
INX12            1      58.414      0.339         0.000    D_CELLS_MOSST_typ_1_80V_25C 
INX2            23     212.134      0.928         0.000    D_CELLS_MOSST_typ_1_80V_25C 
INX3             9     138.348      0.553         0.000    D_CELLS_MOSST_typ_1_80V_25C 
INX4            10     184.464      0.845      1193.034    D_CELLS_MOSST_typ_1_80V_25C 
INX6             1      21.521      0.115         0.000    D_CELLS_MOSST_typ_1_80V_25C 
INX8             2      61.488      0.330         0.000    D_CELLS_MOSST_typ_1_80V_25C 
ITHX0           32     393.523      1.179       366.792    D_CELLS_MOSST_typ_1_80V_25C 
MU2IX1         112    2065.997      5.195         0.000    D_CELLS_MOSST_typ_1_80V_25C 
MU2X0            1      21.521      0.087         0.000    D_CELLS_MOSST_typ_1_80V_25C 
MU2X1          112    2754.662      6.915     47528.514    D_CELLS_MOSST_typ_1_80V_25C 
MU2X2           10     245.952      0.765         0.000    D_CELLS_MOSST_typ_1_80V_25C 
MU2X4            3      92.232      0.361         0.000    D_CELLS_MOSST_typ_1_80V_25C 
NA2I1X0          4      49.190      0.203         0.000    D_CELLS_MOSST_typ_1_80V_25C 
NA2I1X1         51     783.972      1.996      2897.360    D_CELLS_MOSST_typ_1_80V_25C 
NA2I1X2          4      73.786      0.219         0.000    D_CELLS_MOSST_typ_1_80V_25C 
NA2I1X4          3      92.232      0.320         0.000    D_CELLS_MOSST_typ_1_80V_25C 
NA2X1          462    4261.118      8.758      8156.101    D_CELLS_MOSST_typ_1_80V_25C 
NA2X2           53     814.716      2.009         0.000    D_CELLS_MOSST_typ_1_80V_25C 
NA2X4          119    3658.536      9.023         0.000    D_CELLS_MOSST_typ_1_80V_25C 
NA3I1X1         16     295.142      0.594      3182.042    D_CELLS_MOSST_typ_1_80V_25C 
NA3I2X1          3      64.562      0.172      1010.826    D_CELLS_MOSST_typ_1_80V_25C 
NA3X1          100    1229.760      1.683      2539.532    D_CELLS_MOSST_typ_1_80V_25C 
NA3X2            1      24.595      0.034         0.000    D_CELLS_MOSST_typ_1_80V_25C 
NA4X1            2      55.339      0.131         0.000    D_CELLS_MOSST_typ_1_80V_25C 
NA5I1X1          1      33.818      0.080         0.000    D_CELLS_MOSST_typ_1_80V_25C 
NA5I3X1          3     101.455      0.288      1250.500    D_CELLS_MOSST_typ_1_80V_25C 
NA6I1X1          2      73.786      0.152      2744.355    D_CELLS_MOSST_typ_1_80V_25C 
NA6I3X1          2      73.786      0.183      4503.787    D_CELLS_MOSST_typ_1_80V_25C 
NA6I4X1          1      39.967      0.112         0.000    D_CELLS_MOSST_typ_1_80V_25C 
NA6X1           37    1251.281      2.068       646.529    D_CELLS_MOSST_typ_1_80V_25C 
NO2I1X1         59     725.558      2.345      4346.877    D_CELLS_MOSST_typ_1_80V_25C 
NO2X1          641    5912.071     12.549     78983.560    D_CELLS_MOSST_typ_1_80V_25C 
NO2X2           20     307.440      0.783       287.506    D_CELLS_MOSST_typ_1_80V_25C 
NO2X4           20     553.392      1.439         0.000    D_CELLS_MOSST_typ_1_80V_25C 
NO3I1X1         27     498.053      0.989      7304.581    D_CELLS_MOSST_typ_1_80V_25C 
NO3I1X2          2      55.339      0.100         0.000    D_CELLS_MOSST_typ_1_80V_25C 
NO3I2X1          2      43.042      0.114         0.000    D_CELLS_MOSST_typ_1_80V_25C 
NO3X1           28     430.416      0.459      1172.374    D_CELLS_MOSST_typ_1_80V_25C 
NO4I1X1          1      30.744      0.086         0.000    D_CELLS_MOSST_typ_1_80V_25C 
NO4I2X1          3      92.232      0.219       138.095    D_CELLS_MOSST_typ_1_80V_25C 
NO4X2            4     122.976      0.256         0.000    D_CELLS_MOSST_typ_1_80V_25C 
NO5I2X1          1      33.818      0.067       344.555    D_CELLS_MOSST_typ_1_80V_25C 
NO5I2X4          1      43.042      0.101      1591.604    D_CELLS_MOSST_typ_1_80V_25C 
NO5I3X1          1      33.818      0.064         0.000    D_CELLS_MOSST_typ_1_80V_25C 
NO5I3X4          1      43.042      0.100         0.000    D_CELLS_MOSST_typ_1_80V_25C 
NO5I4X1          1      36.893      0.084       667.591    D_CELLS_MOSST_typ_1_80V_25C 
NO5X2            1      33.818      0.059         2.144    D_CELLS_MOSST_typ_1_80V_25C 
NO6I2X1          3     129.125      0.261      1000.147    D_CELLS_MOSST_typ_1_80V_25C 
NO6X1            5     184.464      0.265       932.873    D_CELLS_MOSST_typ_1_80V_25C 
OA211X1         10     215.208      0.282         0.521    D_CELLS_MOSST_typ_1_80V_25C 
OA21X0           1      15.372      0.052         0.000    D_CELLS_MOSST_typ_1_80V_25C 
OA21X1          20     368.928      0.703         0.000    D_CELLS_MOSST_typ_1_80V_25C 
OA221X1         34     836.237      1.185      1627.839    D_CELLS_MOSST_typ_1_80V_25C 
OA222X1          2      55.339      0.084         0.000    D_CELLS_MOSST_typ_1_80V_25C 
OA22X1         101    2173.601      4.146       622.930    D_CELLS_MOSST_typ_1_80V_25C 
OA22X2           2      49.190      0.120         0.000    D_CELLS_MOSST_typ_1_80V_25C 
OA311X1          3      64.562      0.091         3.906    D_CELLS_MOSST_typ_1_80V_25C 
OA321X1          1      27.670      0.037         2.474    D_CELLS_MOSST_typ_1_80V_25C 
ON211X1         27     498.053      0.557         0.260    D_CELLS_MOSST_typ_1_80V_25C 
ON21X1          49     753.228      1.186         1.039    D_CELLS_MOSST_typ_1_80V_25C 
ON221X0          1      18.446      0.033         0.000    D_CELLS_MOSST_typ_1_80V_25C 
ON221X1        168    4131.994      4.586      1552.483    D_CELLS_MOSST_typ_1_80V_25C 
ON222X1          3      83.009      0.104         0.000    D_CELLS_MOSST_typ_1_80V_25C 
ON22X0           1      15.372      0.036         0.000    D_CELLS_MOSST_typ_1_80V_25C 
ON22X1         562   10366.877     17.185         0.059    D_CELLS_MOSST_typ_1_80V_25C 
ON22X4           3     101.455      0.358         0.000    D_CELLS_MOSST_typ_1_80V_25C 
ON311X1          6     110.678      0.130         0.000    D_CELLS_MOSST_typ_1_80V_25C 
ON31X1          34     627.178      0.868     51961.712    D_CELLS_MOSST_typ_1_80V_25C 
ON321X1          8     196.762      0.223         5.987    D_CELLS_MOSST_typ_1_80V_25C 
ON32X1           6     129.125      0.191         0.620    D_CELLS_MOSST_typ_1_80V_25C 
OR2X1          135    1660.176      5.738     31930.338    D_CELLS_MOSST_typ_1_80V_25C 
OR2X2           44     676.368      2.740         0.000    D_CELLS_MOSST_typ_1_80V_25C 
OR2X4            1      24.595      0.107       667.181    D_CELLS_MOSST_typ_1_80V_25C 
OR3X1            2      36.893      0.080         0.000    D_CELLS_MOSST_typ_1_80V_25C 
OR4X1           12     295.142      0.684       785.918    D_CELLS_MOSST_typ_1_80V_25C 
OR5X1            7     193.687      0.355       216.205    D_CELLS_MOSST_typ_1_80V_25C 
OR6X1            7     236.729      0.507      1618.912    D_CELLS_MOSST_typ_1_80V_25C 
SDFRQX1          1      70.711      0.183      9938.027    D_CELLS_MOSST_typ_1_80V_25C 
---------------------------------------------------------------------------------------
total        10484  275918.177    612.790  11302762.599                                


                                             Leakage  Leakage   Internal   Internal 
     Type      Instances    Area    Area % Power (nW) Power %  Power (nW)   Power % 
------------------------------------------------------------------------------------
sequential          1723  90860.818   32.9    254.831    41.6 10522497.122     93.1 
inverter             606   4224.226    1.5     14.850     2.4     7765.760      0.1 
buffer                31    845.460    0.3      4.223     0.7        0.000      0.0 
tristate              32    393.523    0.1      1.179     0.2      366.792      0.0 
logic               8092 179594.150   65.1    337.708    55.1   772132.925      6.8 
physical_cells         0      0.000    0.0      0.000     0.0        0.000      0.0 
------------------------------------------------------------------------------------
total              10484 275918.177  100.0    612.790   100.0 11302762.599    100.0 

