============================================================
  Generated by:           Genus(TM) Synthesis Solution GENUS15.22 - 15.20-s024_1
  Generated on:           Mar 01 2023  09:49:54 pm
  Module:                 minimips
  Interconnect mode:      global
  Area mode:              physical library
============================================================

                               
  Gate   Instances     Area                Library            
--------------------------------------------------------------
AN211X0          1      15.372    D_CELLS_MOSST_typ_1_80V_25C 
AN211X1         15     276.696    D_CELLS_MOSST_typ_1_80V_25C 
AN21X1         117    1438.819    D_CELLS_MOSST_typ_1_80V_25C 
AN21X2           1      27.670    D_CELLS_MOSST_typ_1_80V_25C 
AN221X0          1      18.446    D_CELLS_MOSST_typ_1_80V_25C 
AN221X1        327    7037.302    D_CELLS_MOSST_typ_1_80V_25C 
AN221X2          1      30.744    D_CELLS_MOSST_typ_1_80V_25C 
AN222X0         31     667.145    D_CELLS_MOSST_typ_1_80V_25C 
AN222X1        189    4648.493    D_CELLS_MOSST_typ_1_80V_25C 
AN22X1         580    8915.760    D_CELLS_MOSST_typ_1_80V_25C 
AN31X1          13     199.836    D_CELLS_MOSST_typ_1_80V_25C 
AN321X1          9     221.357    D_CELLS_MOSST_typ_1_80V_25C 
AN32X1           6     110.678    D_CELLS_MOSST_typ_1_80V_25C 
AND2X1         344    4230.374    D_CELLS_MOSST_typ_1_80V_25C 
AND2X2          59    1088.338    D_CELLS_MOSST_typ_1_80V_25C 
AND2X4          41    1134.454    D_CELLS_MOSST_typ_1_80V_25C 
AND3X1         110    1690.920    D_CELLS_MOSST_typ_1_80V_25C 
AND3X2           5     107.604    D_CELLS_MOSST_typ_1_80V_25C 
AND3X4           4     135.274    D_CELLS_MOSST_typ_1_80V_25C 
AND4X1          15     368.928    D_CELLS_MOSST_typ_1_80V_25C 
AND4X2           1      30.744    D_CELLS_MOSST_typ_1_80V_25C 
AND5X1          13     359.705    D_CELLS_MOSST_typ_1_80V_25C 
AND6X1          69    2121.336    D_CELLS_MOSST_typ_1_80V_25C 
AO211X1         15     322.812    D_CELLS_MOSST_typ_1_80V_25C 
AO21X1          24     442.714    D_CELLS_MOSST_typ_1_80V_25C 
AO21X2           8     196.762    D_CELLS_MOSST_typ_1_80V_25C 
AO21X4           2      55.339    D_CELLS_MOSST_typ_1_80V_25C 
AO221X0          1      21.521    D_CELLS_MOSST_typ_1_80V_25C 
AO221X1         78    1918.426    D_CELLS_MOSST_typ_1_80V_25C 
AO222X1          8     221.357    D_CELLS_MOSST_typ_1_80V_25C 
AO22X0           3      55.339    D_CELLS_MOSST_typ_1_80V_25C 
AO22X1         601   12934.001    D_CELLS_MOSST_typ_1_80V_25C 
AO22X2         165    4565.484    D_CELLS_MOSST_typ_1_80V_25C 
AO22X4           7     215.208    D_CELLS_MOSST_typ_1_80V_25C 
AO311X1          2      43.042    D_CELLS_MOSST_typ_1_80V_25C 
AO31X1           1      21.521    D_CELLS_MOSST_typ_1_80V_25C 
AO31X2           1      24.595    D_CELLS_MOSST_typ_1_80V_25C 
AO321X1          1      27.670    D_CELLS_MOSST_typ_1_80V_25C 
AO32X1           1      24.595    D_CELLS_MOSST_typ_1_80V_25C 
AO32X2           2      55.339    D_CELLS_MOSST_typ_1_80V_25C 
BUCX8            1      39.967    D_CELLS_MOSST_typ_1_80V_25C 
BUX1            26     319.738    D_CELLS_MOSST_typ_1_80V_25C 
BUX12            8     491.904    D_CELLS_MOSST_typ_1_80V_25C 
BUX16            1      83.009    D_CELLS_MOSST_typ_1_80V_25C 
BUX2            14     215.208    D_CELLS_MOSST_typ_1_80V_25C 
BUX3             5     107.604    D_CELLS_MOSST_typ_1_80V_25C 
BUX4            16     393.523    D_CELLS_MOSST_typ_1_80V_25C 
BUX6            16     541.094    D_CELLS_MOSST_typ_1_80V_25C 
BUX8            29    1248.206    D_CELLS_MOSST_typ_1_80V_25C 
DFRQX0           1      49.190    D_CELLS_MOSST_typ_1_80V_25C 
DFRQX1        1516   79233.437    D_CELLS_MOSST_typ_1_80V_25C 
DFRQX2          79    4371.797    D_CELLS_MOSST_typ_1_80V_25C 
DFRQX4          14     989.957    D_CELLS_MOSST_typ_1_80V_25C 
DFRRX1           1      64.562    D_CELLS_MOSST_typ_1_80V_25C 
DFRSQX1          1      61.488    D_CELLS_MOSST_typ_1_80V_25C 
DFRX0            1      52.265    D_CELLS_MOSST_typ_1_80V_25C 
DFRX1           64    3541.709    D_CELLS_MOSST_typ_1_80V_25C 
DFRX4            4     332.035    D_CELLS_MOSST_typ_1_80V_25C 
DLLQX1          41    1512.605    D_CELLS_MOSST_typ_1_80V_25C 
EN2X0           41     630.252    D_CELLS_MOSST_typ_1_80V_25C 
EN2X1          283    6090.386    D_CELLS_MOSST_typ_1_80V_25C 
EN2X4            1      36.893    D_CELLS_MOSST_typ_1_80V_25C 
EN3X1           29    1159.049    D_CELLS_MOSST_typ_1_80V_25C 
EO2X0            1      15.372    D_CELLS_MOSST_typ_1_80V_25C 
EO2X1          105    2259.684    D_CELLS_MOSST_typ_1_80V_25C 
EO3X1            2      79.934    D_CELLS_MOSST_typ_1_80V_25C 
FAX0            18     940.766    D_CELLS_MOSST_typ_1_80V_25C 
FAX1             4     233.654    D_CELLS_MOSST_typ_1_80V_25C 
FAX2            11     710.186    D_CELLS_MOSST_typ_1_80V_25C 
FAX4           895   66038.112    D_CELLS_MOSST_typ_1_80V_25C 
HAX1            73    2244.312    D_CELLS_MOSST_typ_1_80V_25C 
HAX2            49    1807.747    D_CELLS_MOSST_typ_1_80V_25C 
INCX12           1      58.414    D_CELLS_MOSST_typ_1_80V_25C 
INX1           750    4611.600    D_CELLS_MOSST_typ_1_80V_25C 
INX12            4     233.654    D_CELLS_MOSST_typ_1_80V_25C 
INX2           148    1365.034    D_CELLS_MOSST_typ_1_80V_25C 
INX3            50     768.600    D_CELLS_MOSST_typ_1_80V_25C 
INX4            81    1494.158    D_CELLS_MOSST_typ_1_80V_25C 
INX6            37     796.270    D_CELLS_MOSST_typ_1_80V_25C 
INX8            38    1168.272    D_CELLS_MOSST_typ_1_80V_25C 
ITHX0           32     393.523    D_CELLS_MOSST_typ_1_80V_25C 
MU2IX1         367    6769.829    D_CELLS_MOSST_typ_1_80V_25C 
MU2X0           26     559.541    D_CELLS_MOSST_typ_1_80V_25C 
MU2X1          140    3443.328    D_CELLS_MOSST_typ_1_80V_25C 
MU2X2            3      73.786    D_CELLS_MOSST_typ_1_80V_25C 
MU2X4            6     184.464    D_CELLS_MOSST_typ_1_80V_25C 
NA2I1X0          1      12.298    D_CELLS_MOSST_typ_1_80V_25C 
NA2I1X1        126    1936.872    D_CELLS_MOSST_typ_1_80V_25C 
NA2I1X2         17     313.589    D_CELLS_MOSST_typ_1_80V_25C 
NA2I1X4         20     614.880    D_CELLS_MOSST_typ_1_80V_25C 
NA2X0            1       9.223    D_CELLS_MOSST_typ_1_80V_25C 
NA2X1         1587   14637.218    D_CELLS_MOSST_typ_1_80V_25C 
NA2X2          207    3182.004    D_CELLS_MOSST_typ_1_80V_25C 
NA2X4          176    5410.944    D_CELLS_MOSST_typ_1_80V_25C 
NA3I1X0          3      46.116    D_CELLS_MOSST_typ_1_80V_25C 
NA3I1X1         13     239.803    D_CELLS_MOSST_typ_1_80V_25C 
NA3I1X2         14     387.374    D_CELLS_MOSST_typ_1_80V_25C 
NA3I1X4          7     279.770    D_CELLS_MOSST_typ_1_80V_25C 
NA3I2X1          3      64.562    D_CELLS_MOSST_typ_1_80V_25C 
NA3I2X2          3      92.232    D_CELLS_MOSST_typ_1_80V_25C 
NA3X1           68     836.237    D_CELLS_MOSST_typ_1_80V_25C 
NA3X2           42    1032.998    D_CELLS_MOSST_typ_1_80V_25C 
NA3X4            9     415.044    D_CELLS_MOSST_typ_1_80V_25C 
NA4I1X1          1      30.744    D_CELLS_MOSST_typ_1_80V_25C 
NA4I1X4          1      43.042    D_CELLS_MOSST_typ_1_80V_25C 
NA4I2X1          1      30.744    D_CELLS_MOSST_typ_1_80V_25C 
NA4X1            2      55.339    D_CELLS_MOSST_typ_1_80V_25C 
NA5I1X1          2      67.637    D_CELLS_MOSST_typ_1_80V_25C 
NA5X1            1      30.744    D_CELLS_MOSST_typ_1_80V_25C 
NA6I1X1          2      73.786    D_CELLS_MOSST_typ_1_80V_25C 
NA6I1X4          1      52.265    D_CELLS_MOSST_typ_1_80V_25C 
NA6I4X1          2      79.934    D_CELLS_MOSST_typ_1_80V_25C 
NA6X1           62    2096.741    D_CELLS_MOSST_typ_1_80V_25C 
NO2I1X1         74     910.022    D_CELLS_MOSST_typ_1_80V_25C 
NO2I1X2         15     322.812    D_CELLS_MOSST_typ_1_80V_25C 
NO2I1X4         21     645.624    D_CELLS_MOSST_typ_1_80V_25C 
NO2X1          832    7673.702    D_CELLS_MOSST_typ_1_80V_25C 
NO2X2          156    2398.032    D_CELLS_MOSST_typ_1_80V_25C 
NO2X4          103    2849.969    D_CELLS_MOSST_typ_1_80V_25C 
NO3I1X0          1      15.372    D_CELLS_MOSST_typ_1_80V_25C 
NO3I1X1         24     442.714    D_CELLS_MOSST_typ_1_80V_25C 
NO3I1X2          1      27.670    D_CELLS_MOSST_typ_1_80V_25C 
NO3I1X4          1      46.116    D_CELLS_MOSST_typ_1_80V_25C 
NO3I2X1          2      43.042    D_CELLS_MOSST_typ_1_80V_25C 
NO3I2X2          4     135.274    D_CELLS_MOSST_typ_1_80V_25C 
NO3X0            7      86.083    D_CELLS_MOSST_typ_1_80V_25C 
NO3X1           52     799.344    D_CELLS_MOSST_typ_1_80V_25C 
NO3X2            8     196.762    D_CELLS_MOSST_typ_1_80V_25C 
NO3X4            4     159.869    D_CELLS_MOSST_typ_1_80V_25C 
NO4I2X1          3      92.232    D_CELLS_MOSST_typ_1_80V_25C 
NO4X2            1      30.744    D_CELLS_MOSST_typ_1_80V_25C 
NO4X4            3     110.678    D_CELLS_MOSST_typ_1_80V_25C 
NO5I2X1          1      33.818    D_CELLS_MOSST_typ_1_80V_25C 
NO5I3X1          1      33.818    D_CELLS_MOSST_typ_1_80V_25C 
NO5I4X1          2      73.786    D_CELLS_MOSST_typ_1_80V_25C 
NO6I2X1          1      43.042    D_CELLS_MOSST_typ_1_80V_25C 
NO6I2X4          1      52.265    D_CELLS_MOSST_typ_1_80V_25C 
NO6I4X1          2      86.083    D_CELLS_MOSST_typ_1_80V_25C 
NO6X1            2      73.786    D_CELLS_MOSST_typ_1_80V_25C 
OA211X1          7     150.646    D_CELLS_MOSST_typ_1_80V_25C 
OA211X4          1      30.744    D_CELLS_MOSST_typ_1_80V_25C 
OA21X1          17     313.589    D_CELLS_MOSST_typ_1_80V_25C 
OA21X2           1      21.521    D_CELLS_MOSST_typ_1_80V_25C 
OA21X4           1      27.670    D_CELLS_MOSST_typ_1_80V_25C 
OA221X1         10     245.952    D_CELLS_MOSST_typ_1_80V_25C 
OA221X2          1      27.670    D_CELLS_MOSST_typ_1_80V_25C 
OA222X1          5     138.348    D_CELLS_MOSST_typ_1_80V_25C 
OA22X1          74    1592.539    D_CELLS_MOSST_typ_1_80V_25C 
OA22X2          10     245.952    D_CELLS_MOSST_typ_1_80V_25C 
OA22X4           3      92.232    D_CELLS_MOSST_typ_1_80V_25C 
OA311X1          2      43.042    D_CELLS_MOSST_typ_1_80V_25C 
OA321X1          2      55.339    D_CELLS_MOSST_typ_1_80V_25C 
OA32X1           1      24.595    D_CELLS_MOSST_typ_1_80V_25C 
ON211X1         34     627.178    D_CELLS_MOSST_typ_1_80V_25C 
ON21X1         154    2367.288    D_CELLS_MOSST_typ_1_80V_25C 
ON21X4           1      30.744    D_CELLS_MOSST_typ_1_80V_25C 
ON221X1         38     934.618    D_CELLS_MOSST_typ_1_80V_25C 
ON222X1         10     276.696    D_CELLS_MOSST_typ_1_80V_25C 
ON22X1         509    9389.218    D_CELLS_MOSST_typ_1_80V_25C 
ON22X4           1      33.818    D_CELLS_MOSST_typ_1_80V_25C 
ON311X1          3      55.339    D_CELLS_MOSST_typ_1_80V_25C 
ON31X1          34     627.178    D_CELLS_MOSST_typ_1_80V_25C 
ON321X1          4      98.381    D_CELLS_MOSST_typ_1_80V_25C 
ON32X1           4      86.083    D_CELLS_MOSST_typ_1_80V_25C 
ON33X0           1      21.521    D_CELLS_MOSST_typ_1_80V_25C 
ON33X1           1      24.595    D_CELLS_MOSST_typ_1_80V_25C 
OR2X1          111    1365.034    D_CELLS_MOSST_typ_1_80V_25C 
OR2X2           23     353.556    D_CELLS_MOSST_typ_1_80V_25C 
OR2X4           16     393.523    D_CELLS_MOSST_typ_1_80V_25C 
OR3X2            1      21.521    D_CELLS_MOSST_typ_1_80V_25C 
OR4X1           12     295.142    D_CELLS_MOSST_typ_1_80V_25C 
OR4X2            1      30.744    D_CELLS_MOSST_typ_1_80V_25C 
OR5X1            8     221.357    D_CELLS_MOSST_typ_1_80V_25C 
OR5X2            2      67.637    D_CELLS_MOSST_typ_1_80V_25C 
OR6X1            3     101.455    D_CELLS_MOSST_typ_1_80V_25C 
SDFRQX0          1      64.562    D_CELLS_MOSST_typ_1_80V_25C 
--------------------------------------------------------------
total        12706  323789.659                                


                                           
     Type      Instances    Area    Area % 
-------------------------------------------
sequential          1723  90273.607   27.9 
inverter            1109  10496.002    3.2 
buffer               116   3440.254    1.1 
tristate              32    393.523    0.1 
logic               9726 219186.274   67.7 
physical_cells         0      0.000    0.0 
-------------------------------------------
total              12706 323789.659  100.0 

