============================================================
  Generated by:           Genus(TM) Synthesis Solution GENUS15.22 - 15.20-s024_1
  Generated on:           Mar 01 2023  09:48:48 pm
  Module:                 minimips
  Interconnect mode:      global
  Area mode:              physical library
============================================================

Timing
--------

Clock Period 
-------------
clock 5000.0 


         Cost           Critical       Violating 
        Group          Path Slack TNS    Paths   
-------------------------------------------------
C2C                         108.3   0          0 
C2O                      No paths   0            
cg_enable_group_clock         0.0   0          0 
clock                      1044.0   0          0 
default                  No paths   0            
I2C                        3941.7   0          0 
I2O                      No paths   0            
-------------------------------------------------
Total                               0          0 

Instance Count
--------------
Leaf Instance Count             14247 
Sequential Instance Count        1724 
Combinational Instance Count    12523 
Hierarchical Instance Count        45 

Area
----
Cell Area                          343634.911
Physical Cell Area                 0.000
Total Cell Area (Cell+Physical)    343634.911
Net Area                           181473.539
Total Area (Cell+Physical+Net)     525108.450

Runtime                            -277.900 seconds
Elapsed Runtime                    487 seconds
Genus peak memory usage            709.83 
Innovus peak memory usage          no_value 
Hostname                           pgmicro04
