============================================================
  Generated by:           Genus(TM) Synthesis Solution GENUS15.22 - 15.20-s024_1
  Generated on:           Mar 01 2023  09:48:49 pm
  Module:                 minimips
  Interconnect mode:      global
  Area mode:              physical library
============================================================

                               
  Gate   Instances     Area                Library            
--------------------------------------------------------------
AN211X0          1      15.372    D_CELLS_MOSST_typ_1_80V_25C 
AN211X1         17     313.589    D_CELLS_MOSST_typ_1_80V_25C 
AN21X1         110    1352.736    D_CELLS_MOSST_typ_1_80V_25C 
AN21X4           1      30.744    D_CELLS_MOSST_typ_1_80V_25C 
AN221X0          1      18.446    D_CELLS_MOSST_typ_1_80V_25C 
AN221X1        320    6886.656    D_CELLS_MOSST_typ_1_80V_25C 
AN221X2          1      30.744    D_CELLS_MOSST_typ_1_80V_25C 
AN222X0         31     667.145    D_CELLS_MOSST_typ_1_80V_25C 
AN222X1        189    4648.493    D_CELLS_MOSST_typ_1_80V_25C 
AN22X1         572    8792.784    D_CELLS_MOSST_typ_1_80V_25C 
AN31X1          13     199.836    D_CELLS_MOSST_typ_1_80V_25C 
AN321X1          9     221.357    D_CELLS_MOSST_typ_1_80V_25C 
AN32X1           6     110.678    D_CELLS_MOSST_typ_1_80V_25C 
AND2X1         355    4365.648    D_CELLS_MOSST_typ_1_80V_25C 
AND2X2          74    1365.034    D_CELLS_MOSST_typ_1_80V_25C 
AND2X4          55    1521.828    D_CELLS_MOSST_typ_1_80V_25C 
AND3X1         107    1644.804    D_CELLS_MOSST_typ_1_80V_25C 
AND3X2           7     150.646    D_CELLS_MOSST_typ_1_80V_25C 
AND3X4           5     169.092    D_CELLS_MOSST_typ_1_80V_25C 
AND4X1          14     344.333    D_CELLS_MOSST_typ_1_80V_25C 
AND4X2           3      92.232    D_CELLS_MOSST_typ_1_80V_25C 
AND5X1          13     359.705    D_CELLS_MOSST_typ_1_80V_25C 
AND6X1          69    2121.336    D_CELLS_MOSST_typ_1_80V_25C 
AO211X1         15     322.812    D_CELLS_MOSST_typ_1_80V_25C 
AO21X1          14     258.250    D_CELLS_MOSST_typ_1_80V_25C 
AO21X2           9     221.357    D_CELLS_MOSST_typ_1_80V_25C 
AO21X4           1      27.670    D_CELLS_MOSST_typ_1_80V_25C 
AO221X0          2      43.042    D_CELLS_MOSST_typ_1_80V_25C 
AO221X1         77    1893.830    D_CELLS_MOSST_typ_1_80V_25C 
AO222X1          8     221.357    D_CELLS_MOSST_typ_1_80V_25C 
AO22X0          12     221.357    D_CELLS_MOSST_typ_1_80V_25C 
AO22X1         388    8350.070    D_CELLS_MOSST_typ_1_80V_25C 
AO22X2          27     747.079    D_CELLS_MOSST_typ_1_80V_25C 
AO22X4           4     122.976    D_CELLS_MOSST_typ_1_80V_25C 
AO311X1          2      43.042    D_CELLS_MOSST_typ_1_80V_25C 
AO31X1           1      21.521    D_CELLS_MOSST_typ_1_80V_25C 
AO31X2           1      24.595    D_CELLS_MOSST_typ_1_80V_25C 
AO321X1          1      27.670    D_CELLS_MOSST_typ_1_80V_25C 
AO32X1           1      24.595    D_CELLS_MOSST_typ_1_80V_25C 
BUCX12           1      52.265    D_CELLS_MOSST_typ_1_80V_25C 
BUCX8            1      39.967    D_CELLS_MOSST_typ_1_80V_25C 
BUX1           129    1586.390    D_CELLS_MOSST_typ_1_80V_25C 
BUX12           24    1475.712    D_CELLS_MOSST_typ_1_80V_25C 
BUX16            2     166.018    D_CELLS_MOSST_typ_1_80V_25C 
BUX2            39     599.508    D_CELLS_MOSST_typ_1_80V_25C 
BUX20            1      98.381    D_CELLS_MOSST_typ_1_80V_25C 
BUX3            20     430.416    D_CELLS_MOSST_typ_1_80V_25C 
BUX4            31     762.451    D_CELLS_MOSST_typ_1_80V_25C 
BUX6            19     642.550    D_CELLS_MOSST_typ_1_80V_25C 
BUX8            26    1119.082    D_CELLS_MOSST_typ_1_80V_25C 
DFRQX0           3     147.571    D_CELLS_MOSST_typ_1_80V_25C 
DFRQX1        1348   70452.950    D_CELLS_MOSST_typ_1_80V_25C 
DFRQX2         232   12838.694    D_CELLS_MOSST_typ_1_80V_25C 
DFRQX4          10     707.112    D_CELLS_MOSST_typ_1_80V_25C 
DFRRX1           1      64.562    D_CELLS_MOSST_typ_1_80V_25C 
DFRSQX1          1      61.488    D_CELLS_MOSST_typ_1_80V_25C 
DFRX0            2     104.530    D_CELLS_MOSST_typ_1_80V_25C 
DFRX1           63    3486.370    D_CELLS_MOSST_typ_1_80V_25C 
DFRX4           21    1743.185    D_CELLS_MOSST_typ_1_80V_25C 
DLLQX1          42    1549.498    D_CELLS_MOSST_typ_1_80V_25C 
EN2X0           51     783.972    D_CELLS_MOSST_typ_1_80V_25C 
EN2X1          236    5078.909    D_CELLS_MOSST_typ_1_80V_25C 
EN2X2            1      33.818    D_CELLS_MOSST_typ_1_80V_25C 
EN3X1           28    1119.082    D_CELLS_MOSST_typ_1_80V_25C 
EO2X1           93    2001.434    D_CELLS_MOSST_typ_1_80V_25C 
EO3X1            1      39.967    D_CELLS_MOSST_typ_1_80V_25C 
FAX0            18     940.766    D_CELLS_MOSST_typ_1_80V_25C 
FAX1             3     175.241    D_CELLS_MOSST_typ_1_80V_25C 
FAX2            11     710.186    D_CELLS_MOSST_typ_1_80V_25C 
FAX4           895   66038.112    D_CELLS_MOSST_typ_1_80V_25C 
HAX1            73    2244.312    D_CELLS_MOSST_typ_1_80V_25C 
HAX2            50    1844.640    D_CELLS_MOSST_typ_1_80V_25C 
INCX12           1      58.414    D_CELLS_MOSST_typ_1_80V_25C 
INX1           800    4919.040    D_CELLS_MOSST_typ_1_80V_25C 
INX12            8     467.309    D_CELLS_MOSST_typ_1_80V_25C 
INX2           221    2038.327    D_CELLS_MOSST_typ_1_80V_25C 
INX3           149    2290.428    D_CELLS_MOSST_typ_1_80V_25C 
INX4           129    2379.586    D_CELLS_MOSST_typ_1_80V_25C 
INX6            64    1377.331    D_CELLS_MOSST_typ_1_80V_25C 
INX8            58    1783.152    D_CELLS_MOSST_typ_1_80V_25C 
ITHX0           32     393.523    D_CELLS_MOSST_typ_1_80V_25C 
MU2IX1         370    6825.168    D_CELLS_MOSST_typ_1_80V_25C 
MU2IX2           2      73.786    D_CELLS_MOSST_typ_1_80V_25C 
MU2X0           58    1248.206    D_CELLS_MOSST_typ_1_80V_25C 
MU2X1           79    1943.021    D_CELLS_MOSST_typ_1_80V_25C 
MU2X2           14     344.333    D_CELLS_MOSST_typ_1_80V_25C 
MU2X4            1      30.744    D_CELLS_MOSST_typ_1_80V_25C 
NA2I1X0          2      24.595    D_CELLS_MOSST_typ_1_80V_25C 
NA2I1X1        133    2044.476    D_CELLS_MOSST_typ_1_80V_25C 
NA2I1X2         42     774.749    D_CELLS_MOSST_typ_1_80V_25C 
NA2I1X4         48    1475.712    D_CELLS_MOSST_typ_1_80V_25C 
NA2X1         2246   20715.307    D_CELLS_MOSST_typ_1_80V_25C 
NA2X2          716   11006.352    D_CELLS_MOSST_typ_1_80V_25C 
NA2X4          268    8239.392    D_CELLS_MOSST_typ_1_80V_25C 
NA3I1X0          3      46.116    D_CELLS_MOSST_typ_1_80V_25C 
NA3I1X1         12     221.357    D_CELLS_MOSST_typ_1_80V_25C 
NA3I1X2          5     138.348    D_CELLS_MOSST_typ_1_80V_25C 
NA3I1X4         11     439.639    D_CELLS_MOSST_typ_1_80V_25C 
NA3I2X1          2      43.042    D_CELLS_MOSST_typ_1_80V_25C 
NA3X1           52     639.475    D_CELLS_MOSST_typ_1_80V_25C 
NA3X2           45    1106.784    D_CELLS_MOSST_typ_1_80V_25C 
NA3X4           19     876.204    D_CELLS_MOSST_typ_1_80V_25C 
NA4I1X1          1      30.744    D_CELLS_MOSST_typ_1_80V_25C 
NA4I2X1          1      30.744    D_CELLS_MOSST_typ_1_80V_25C 
NA4X1            1      27.670    D_CELLS_MOSST_typ_1_80V_25C 
NA4X2            1      33.818    D_CELLS_MOSST_typ_1_80V_25C 
NA5I1X1          2      67.637    D_CELLS_MOSST_typ_1_80V_25C 
NA5X1            1      30.744    D_CELLS_MOSST_typ_1_80V_25C 
NA6I1X1          2      73.786    D_CELLS_MOSST_typ_1_80V_25C 
NA6I4X1          2      79.934    D_CELLS_MOSST_typ_1_80V_25C 
NA6X1           62    2096.741    D_CELLS_MOSST_typ_1_80V_25C 
NO2I1X1         74     910.022    D_CELLS_MOSST_typ_1_80V_25C 
NO2I1X2         14     301.291    D_CELLS_MOSST_typ_1_80V_25C 
NO2I1X4         24     737.856    D_CELLS_MOSST_typ_1_80V_25C 
NO2X1          889    8199.425    D_CELLS_MOSST_typ_1_80V_25C 
NO2X2          206    3166.632    D_CELLS_MOSST_typ_1_80V_25C 
NO2X4          148    4095.101    D_CELLS_MOSST_typ_1_80V_25C 
NO3I1X0          1      15.372    D_CELLS_MOSST_typ_1_80V_25C 
NO3I1X1         21     387.374    D_CELLS_MOSST_typ_1_80V_25C 
NO3I1X2          2      55.339    D_CELLS_MOSST_typ_1_80V_25C 
NO3I2X1          2      43.042    D_CELLS_MOSST_typ_1_80V_25C 
NO3X0           40     491.904    D_CELLS_MOSST_typ_1_80V_25C 
NO3X1           18     276.696    D_CELLS_MOSST_typ_1_80V_25C 
NO3X2            9     221.357    D_CELLS_MOSST_typ_1_80V_25C 
NO3X4            6     239.803    D_CELLS_MOSST_typ_1_80V_25C 
NO4I2X1          3      92.232    D_CELLS_MOSST_typ_1_80V_25C 
NO4X2            1      30.744    D_CELLS_MOSST_typ_1_80V_25C 
NO4X4            2      73.786    D_CELLS_MOSST_typ_1_80V_25C 
NO5I2X1          1      33.818    D_CELLS_MOSST_typ_1_80V_25C 
NO5I3X1          1      33.818    D_CELLS_MOSST_typ_1_80V_25C 
NO5I4X1          2      73.786    D_CELLS_MOSST_typ_1_80V_25C 
NO6I2X1          1      43.042    D_CELLS_MOSST_typ_1_80V_25C 
NO6I2X4          1      52.265    D_CELLS_MOSST_typ_1_80V_25C 
NO6I4X1          2      86.083    D_CELLS_MOSST_typ_1_80V_25C 
NO6X1            2      73.786    D_CELLS_MOSST_typ_1_80V_25C 
OA211X1          7     150.646    D_CELLS_MOSST_typ_1_80V_25C 
OA21X0           2      30.744    D_CELLS_MOSST_typ_1_80V_25C 
OA21X1          15     276.696    D_CELLS_MOSST_typ_1_80V_25C 
OA21X2           1      21.521    D_CELLS_MOSST_typ_1_80V_25C 
OA221X1         10     245.952    D_CELLS_MOSST_typ_1_80V_25C 
OA221X2          1      27.670    D_CELLS_MOSST_typ_1_80V_25C 
OA222X1          5     138.348    D_CELLS_MOSST_typ_1_80V_25C 
OA22X1          46     989.957    D_CELLS_MOSST_typ_1_80V_25C 
OA22X2           9     221.357    D_CELLS_MOSST_typ_1_80V_25C 
OA22X4           6     184.464    D_CELLS_MOSST_typ_1_80V_25C 
OA311X1          2      43.042    D_CELLS_MOSST_typ_1_80V_25C 
OA321X1          2      55.339    D_CELLS_MOSST_typ_1_80V_25C 
OA32X1           1      24.595    D_CELLS_MOSST_typ_1_80V_25C 
ON211X1         33     608.731    D_CELLS_MOSST_typ_1_80V_25C 
ON21X1         113    1737.036    D_CELLS_MOSST_typ_1_80V_25C 
ON221X1         38     934.618    D_CELLS_MOSST_typ_1_80V_25C 
ON222X1         10     276.696    D_CELLS_MOSST_typ_1_80V_25C 
ON22X1         496    9149.414    D_CELLS_MOSST_typ_1_80V_25C 
ON22X2           1      30.744    D_CELLS_MOSST_typ_1_80V_25C 
ON22X4           8     270.547    D_CELLS_MOSST_typ_1_80V_25C 
ON311X1          3      55.339    D_CELLS_MOSST_typ_1_80V_25C 
ON31X1          34     627.178    D_CELLS_MOSST_typ_1_80V_25C 
ON321X1          4      98.381    D_CELLS_MOSST_typ_1_80V_25C 
ON32X1           4      86.083    D_CELLS_MOSST_typ_1_80V_25C 
ON33X0           1      21.521    D_CELLS_MOSST_typ_1_80V_25C 
ON33X1           1      24.595    D_CELLS_MOSST_typ_1_80V_25C 
OR2X1          154    1893.830    D_CELLS_MOSST_typ_1_80V_25C 
OR2X2           42     645.624    D_CELLS_MOSST_typ_1_80V_25C 
OR2X4           26     639.475    D_CELLS_MOSST_typ_1_80V_25C 
OR3X4            1      33.818    D_CELLS_MOSST_typ_1_80V_25C 
OR4X1            6     147.571    D_CELLS_MOSST_typ_1_80V_25C 
OR4X2            6     184.464    D_CELLS_MOSST_typ_1_80V_25C 
OR5X1            8     221.357    D_CELLS_MOSST_typ_1_80V_25C 
OR5X2            2      67.637    D_CELLS_MOSST_typ_1_80V_25C 
OR6X1            3     101.455    D_CELLS_MOSST_typ_1_80V_25C 
SDFRQX0          1      64.562    D_CELLS_MOSST_typ_1_80V_25C 
--------------------------------------------------------------
total        14247  343634.911                                


                                           
     Type      Instances    Area    Area % 
-------------------------------------------
sequential          1724  91220.522   26.5 
inverter            1430  15313.586    4.5 
buffer               293   6972.739    2.0 
tristate              32    393.523    0.1 
logic              10768 229734.540   66.9 
physical_cells         0      0.000    0.0 
-------------------------------------------
total              14247 343634.911  100.0 

