============================================================
  Generated by:           Genus(TM) Synthesis Solution GENUS15.22 - 15.20-s024_1
  Generated on:           Jan 23 2023  11:08:44 pm
  Module:                 minimips
  Interconnect mode:      global
  Area mode:              physical library
============================================================

Timing
--------

Clock Period 
-------------
clock 4000.0 


         Cost           Critical       Violating 
        Group          Path Slack TNS    Paths   
-------------------------------------------------
C2C                           0.0   0          0 
C2O                      No paths   0            
cg_enable_group_clock         0.0   0          0 
clock                       386.3   0          0 
default                  No paths   0            
I2C                        2932.1   0          0 
I2O                      No paths   0            
-------------------------------------------------
Total                               0          0 

Instance Count
--------------
Leaf Instance Count             22974 
Sequential Instance Count        1723 
Combinational Instance Count    21251 
Hierarchical Instance Count        41 

Area
----
Cell Area                          491369.054
Physical Cell Area                 0.000
Total Cell Area (Cell+Physical)    491369.054
Net Area                           269469.118
Total Area (Cell+Physical+Net)     760838.172

Runtime                            -525.090 seconds
Elapsed Runtime                    1027 seconds
Genus peak memory usage            725.65 
Innovus peak memory usage          no_value 
Hostname                           pgmicro01
