Command: report datapath > reports_Mar02-11:41:02/map/minimips_datapath.rpt
============================================================
  Generated by:           Genus(TM) Synthesis Solution GENUS15.22 - 15.20-s024_1
  Generated on:           Mar 02 2023  11:47:52 am
  Module:                 minimips
  Interconnect mode:      global
  Area mode:              physical library
============================================================


Inferred components

                 Operator   Signedness Inputs Outputs CellArea 
===============================================================
minimips
 U4_ex_U1_alu_csa_tree_eq_127_42_groupi
  
  module:csa_tree_eq_127_42_group_461
   very_fast  csa_and_adder            32x32  1        1780.08 
---------------------------------------------------------------
   eq_127_42
    very_fast       ==      unsigned   32x1   1                
===============================================================
minimips
 U4_ex_U1_alu_mul_138_45
  
  module:mult_signed
   timing_driven/booth
                    *       signed     32x32  64      52802.82 
===============================================================
minimips
 U4_ex_U1_alu_mul_139_47
  
  module:mult_unsigned
   timing_driven/booth
                    *       unsigned   32x32  64      55468.32 
===============================================================

      Type        CellArea Percentage 
--------------------------------------
datapath modules 110051.22      39.27 
external muxes        0.00       0.00 
others           170214.16      60.73 
--------------------------------------
total            280265.38     100.00 

