============================================================
  Generated by:           Genus(TM) Synthesis Solution GENUS15.22 - 15.20-s024_1
  Generated on:           Mar 01 2023  10:35:43 pm
  Module:                 minimips
  Interconnect mode:      global
  Area mode:              physical library
============================================================


Path 1: MET (0 ps) Setup Check with Pin U4_ex_U1_alu_hilo_reg[58]/C->D
          Group: C2C
     Startpoint: (R) U3_di_DI_op2_reg[15]/C
          Clock: (R) clock
       Endpoint: (F) U4_ex_U1_alu_hilo_reg[58]/D
          Clock: (R) clock

                     Capture       Launch     
        Clock Edge:+   10000            0     
       Src Latency:+       0            0     
       Net Latency:+       0 (I)        0 (I) 
           Arrival:=   10000            0     
                                              
             Setup:-     143                  
     Required Time:=    9857                  
      Launch Clock:-       0                  
         Data Path:-    9857                  
             Slack:=       0                  

#----------------------------------------------------------------------------------------------------------
#              Timing Point                Flags    Arc   Edge   Cell     Fanout  Load Trans Delay Arrival 
#                                                                                 (fF)  (ps)  (ps)   (ps)  
#----------------------------------------------------------------------------------------------------------
  U3_di_DI_op2_reg[15]/C                   -       -      R     (arrival)    174     -     0     -       0 
  U3_di_DI_op2_reg[15]/Q                   -       C->Q   F     DFRQX1         1  17.1   146   290     290 
  U3_di_g7537/Q                            -       A->Q   F     BUX4          46 330.1   345   289     580 
  U4_ex_U1_alu_mul_138_45/g38344/Q         -       A->Q   R     INX1           4  33.6   216   190     769 
  U4_ex_U1_alu_mul_138_45/g37923/Q         -       IN0->Q R     MU2X2         33 254.1  1038   692    1461 
  U4_ex_U1_alu_mul_138_45/g37648/Q         -       A->Q   F     INX1           2  17.4   249   147    1608 
  U4_ex_U1_alu_mul_138_45/g37295/Q         -       A->Q   F     OR2X2         32 229.3   476   441    2049 
  U4_ex_U1_alu_mul_138_45/g37018/Q         -       A->Q   R     ON22X1         1  14.8   350   233    2282 
  U4_ex_U1_alu_mul_138_45/cdnfadd_025_0/S  (p)     CI->S  R     FAX0           1  23.8   660   752    3034 
  U4_ex_U1_alu_mul_138_45/cdnfadd_025_6/S  (p)     A->S   R     FAX4           1  14.8    78   548    3582 
  U4_ex_U1_alu_mul_138_45/cdnfadd_025_8/CO (p)     CI->CO R     FAX0           1  14.8   433   379    3960 
  U4_ex_U1_alu_mul_138_45/cdnfadd_026_10/S (p)     CI->S  R     FAX0           1  14.8   436   652    4612 
  U4_ex_U1_alu_mul_138_45/cdnfadd_026_11/S (p)     CI->S  F     FAX0           2  16.1   266   494    5106 
  U4_ex_U1_alu_mul_138_45/g38225/Q         -       A->Q   F     OR2X2          2  27.1    91   200    5306 
  U4_ex_U1_alu_mul_138_45/g36274/Q         -       B->Q   R     NA2X4          1  18.0    87    77    5383 
  U4_ex_U1_alu_mul_138_45/g36273/Q         -       A->Q   F     NA2X4          2  27.5    94    52    5436 
  U4_ex_U1_alu_mul_138_45/g36269/Q         -       A->Q   R     NA2X4          1  18.0    87    65    5501 
  U4_ex_U1_alu_mul_138_45/g36268/Q         -       A->Q   F     NA2X4          2  27.5    94    52    5553 
  U4_ex_U1_alu_mul_138_45/g36264/Q         -       A->Q   R     NA2X4          1  18.0    95    65    5618 
  U4_ex_U1_alu_mul_138_45/g36263/Q         -       A->Q   F     NA2X4          2  27.5    94    54    5672 
  U4_ex_U1_alu_mul_138_45/g36259/Q         -       A->Q   R     NA2X4          1  18.0    87    65    5737 
  U4_ex_U1_alu_mul_138_45/g36258/Q         -       A->Q   F     NA2X4          2  27.5    94    52    5790 
  U4_ex_U1_alu_mul_138_45/g36254/Q         -       A->Q   R     NA2X4          1  18.0    95    65    5855 
  U4_ex_U1_alu_mul_138_45/g36253/Q         -       A->Q   F     NA2X4          2  27.5    94    54    5908 
  U4_ex_U1_alu_mul_138_45/g36249/Q         -       A->Q   R     NA2X4          1  18.0    87    65    5974 
  U4_ex_U1_alu_mul_138_45/g36248/Q         -       A->Q   F     NA2X4          2  27.5    94    52    6026 
  U4_ex_U1_alu_mul_138_45/g36244/Q         -       A->Q   R     NA2X4          1  18.0    87    65    6091 
  U4_ex_U1_alu_mul_138_45/g36243/Q         -       A->Q   F     NA2X4          2  27.5    94    52    6144 
  U4_ex_U1_alu_mul_138_45/g36239/Q         -       A->Q   R     NA2X4          1  18.0    87    65    6209 
  U4_ex_U1_alu_mul_138_45/g36238/Q         -       A->Q   F     NA2X4          2  27.5    94    52    6261 
  U4_ex_U1_alu_mul_138_45/g36234/Q         -       A->Q   R     NA2X4          1  18.0    87    65    6326 
  U4_ex_U1_alu_mul_138_45/g36233/Q         -       A->Q   F     NA2X4          2  27.5    94    52    6379 
  U4_ex_U1_alu_mul_138_45/g36229/Q         -       A->Q   R     NA2X4          1  18.0    87    65    6444 
  U4_ex_U1_alu_mul_138_45/g36228/Q         -       A->Q   F     NA2X4          2  27.5    94    52    6496 
  U4_ex_U1_alu_mul_138_45/g36224/Q         -       A->Q   R     NA2X4          1  18.0    87    65    6562 
  U4_ex_U1_alu_mul_138_45/g36223/Q         -       A->Q   F     NA2X4          2  27.5    94    52    6614 
  U4_ex_U1_alu_mul_138_45/g36219/Q         -       A->Q   R     NA2X4          1  18.0    87    65    6679 
  U4_ex_U1_alu_mul_138_45/g36218/Q         -       A->Q   F     NA2X4          2  27.5    94    52    6732 
  U4_ex_U1_alu_mul_138_45/g36214/Q         -       A->Q   R     NA2X4          1  18.0    87    65    6797 
  U4_ex_U1_alu_mul_138_45/g36213/Q         -       A->Q   F     NA2X4          2  27.5    94    52    6849 
  U4_ex_U1_alu_mul_138_45/g36209/Q         -       A->Q   R     NA2X4          1  18.0    87    65    6914 
  U4_ex_U1_alu_mul_138_45/g36208/Q         -       A->Q   F     NA2X4          2  27.5    94    52    6967 
  U4_ex_U1_alu_mul_138_45/g36204/Q         -       A->Q   R     NA2X4          1  18.0    87    65    7032 
  U4_ex_U1_alu_mul_138_45/g36203/Q         -       A->Q   F     NA2X4          2  27.5    94    52    7084 
  U4_ex_U1_alu_mul_138_45/g36199/Q         -       A->Q   R     NA2X4          1  18.0    87    65    7150 
  U4_ex_U1_alu_mul_138_45/g36198/Q         -       A->Q   F     NA2X4          2  18.5    83    44    7194 
  U4_ex_U1_alu_mul_138_45/g36194/Q         -       A->Q   R     NA2X2          1  18.0   119    82    7276 
  U4_ex_U1_alu_mul_138_45/g36193/Q         -       A->Q   F     NA2X4          2  21.9    87    50    7327 
  U4_ex_U1_alu_mul_138_45/g36189/Q         -       A->Q   R     NA2X2          1  18.0   124    83    7410 
  U4_ex_U1_alu_mul_138_45/g36188/Q         -       A->Q   F     NA2X4          2  21.9    86    51    7461 
  U4_ex_U1_alu_mul_138_45/g36184/Q         -       A->Q   R     NA2X2          1  18.0   119    83    7544 
  U4_ex_U1_alu_mul_138_45/g36183/Q         -       A->Q   F     NA2X4          2  21.9    86    50    7594 
  U4_ex_U1_alu_mul_138_45/g36179/Q         -       A->Q   R     NA2X2          1  18.0   119    83    7678 
  U4_ex_U1_alu_mul_138_45/g36178/Q         -       A->Q   F     NA2X4          2  21.8    86    50    7728 
  U4_ex_U1_alu_mul_138_45/g36174/Q         -       A->Q   R     NA2X2          1  18.0   119    83    7811 
  U4_ex_U1_alu_mul_138_45/g36173/Q         -       A->Q   F     NA2X4          2  21.8    87    50    7862 
  U4_ex_U1_alu_mul_138_45/g36170/Q         -       A->Q   R     NA2X2          1  18.0   119    83    7945 
  U4_ex_U1_alu_mul_138_45/g36169/Q         -       A->Q   F     NA2X4          2  21.8    87    50    7995 
  U4_ex_U1_alu_mul_138_45/g36166/Q         -       A->Q   R     NA2X2          1  18.0   119    83    8079 
  U4_ex_U1_alu_mul_138_45/g36165/Q         -       A->Q   F     NA2X4          2  21.8    87    50    8129 
  U4_ex_U1_alu_mul_138_45/g36162/Q         -       A->Q   R     NA2X2          1  18.0   119    83    8212 
  U4_ex_U1_alu_mul_138_45/g36161/Q         -       A->Q   F     NA2X4          2  21.8    87    50    8263 
  U4_ex_U1_alu_mul_138_45/g36158/Q         -       A->Q   R     NA2X2          1  18.0   119    83    8346 
  U4_ex_U1_alu_mul_138_45/g36157/Q         -       A->Q   F     NA2X4          2  21.8    87    50    8396 
  U4_ex_U1_alu_mul_138_45/g36154/Q         -       A->Q   R     NA2X2          1  18.0   119    83    8480 
  U4_ex_U1_alu_mul_138_45/g36153/Q         -       A->Q   F     NA2X4          2  25.5    92    54    8533 
  U4_ex_U1_alu_mul_138_45/g36149/Q         -       A->Q   R     NA2X2          1  18.0   120    84    8618 
  U4_ex_U1_alu_mul_138_45/g36148/Q         -       A->Q   F     NA2X4          2  21.8    92    50    8668 
  U4_ex_U1_alu_mul_138_45/g36144/Q         -       A->Q   R     NA2X2          1  18.0   127    85    8753 
  U4_ex_U1_alu_mul_138_45/g36142/Q         -       A->Q   F     NA2X4          2  21.8    92    51    8804 
  U4_ex_U1_alu_mul_138_45/g36137/Q         -       A->Q   R     NA2X2          1  18.0   127    85    8888 
  U4_ex_U1_alu_mul_138_45/g36135/Q         -       A->Q   F     NA2X4          2  21.8    93    51    8939 
  U4_ex_U1_alu_mul_138_45/g36130/Q         -       A->Q   R     NA2X2          1  18.0   127    85    9024 
  U4_ex_U1_alu_mul_138_45/g36128/Q         -       A->Q   F     NA2X4          2  18.5    89    48    9071 
  U4_ex_U1_alu_mul_138_45/g36125/Q         -       A->Q   R     NA2X2          1  18.0   128    84    9155 
  U4_ex_U1_alu_mul_138_45/g36121/Q         -       A->Q   F     NA2X4          2  20.3    93    49    9204 
  U4_ex_U1_alu_mul_138_45/g36117/Q         -       A->Q   R     AN21X1         1  13.1   227   156    9360 
  U4_ex_U1_alu_mul_138_45/g38246/Q         -       A->Q   F     EN2X1          1  11.7   133   209    9569 
  U4_ex_U1_alu_g21027/Q                    -       E->Q   R     AN222X1        1   9.8   390   204    9773 
  U4_ex_U1_alu_g20880/Q                    -       A->Q   F     NO2X1          1   9.7   123    84    9857 
  U4_ex_U1_alu_hilo_reg[58]/D              -       -      F     DFRQX1         1     -     -     0    9857 
#----------------------------------------------------------------------------------------------------------

(p) : Instance is preserved but may be resized

