============================================================
  Generated by:           Genus(TM) Synthesis Solution GENUS15.22 - 15.20-s024_1
  Generated on:           Mar 01 2023  10:34:52 pm
  Module:                 minimips
  Interconnect mode:      global
  Area mode:              physical library
============================================================


Path 1: MET (275 ps) Setup Check with Pin U4_ex_U1_alu_hilo_reg[58]/C->D
          Group: C2C
     Startpoint: (R) U3_di_DI_op2_reg[25]/C
          Clock: (R) clock
       Endpoint: (F) U4_ex_U1_alu_hilo_reg[58]/D
          Clock: (R) clock

                     Capture       Launch     
        Clock Edge:+   10000            0     
       Src Latency:+       0            0     
       Net Latency:+       0 (I)        0 (I) 
           Arrival:=   10000            0     
                                              
             Setup:-     161                  
     Required Time:=    9839                  
      Launch Clock:-       0                  
         Data Path:-    9564                  
             Slack:=     275                  

#----------------------------------------------------------------------------------------------------------
#              Timing Point                Flags    Arc   Edge   Cell     Fanout  Load Trans Delay Arrival 
#                                                                                 (fF)  (ps)  (ps)   (ps)  
#----------------------------------------------------------------------------------------------------------
  U3_di_DI_op2_reg[25]/C                   -       -      R     (arrival)    174     -     0     -       0 
  U3_di_DI_op2_reg[25]/Q                   -       C->Q   F     DFRQX1         1  22.0   166   309     309 
  U3_di_g7536/Q                            -       A->Q   F     BUX6          46 337.3   254   240     549 
  U4_ex_U1_alu_mul_138_45/g38051/Q         -       A->Q   R     INX3           5  37.7   108    95     644 
  U4_ex_U1_alu_mul_138_45/g37921/Q         -       IN0->Q R     MU2X2         33 254.1  1038   681    1325 
  U4_ex_U1_alu_mul_138_45/g37646/Q         -       A->Q   F     INX1           2  17.4   249   147    1472 
  U4_ex_U1_alu_mul_138_45/g37245/Q         -       A->Q   F     OR2X2         32 229.3   476   441    1913 
  U4_ex_U1_alu_mul_138_45/g37129/Q         -       A->Q   R     ON22X1         1  14.8   340   233    2146 
  U4_ex_U1_alu_mul_138_45/cdnfadd_027_3/S  (p)     CI->S  R     FAX0           1  23.8   660   749    2895 
  U4_ex_U1_alu_mul_138_45/cdnfadd_027_6/S  (p)     A->S   R     FAX4           1  15.1    79   548    3443 
  U4_ex_U1_alu_mul_138_45/cdnfadd_027_9/CO (p)     B->CO  R     FAX0           1  14.8   433   393    3836 
  U4_ex_U1_alu_mul_138_45/cdnfadd_028_11/S (p)     CI->S  R     FAX0           1  14.8   436   652    4487 
  U4_ex_U1_alu_mul_138_45/cdnfadd_028_12/S (p)     CI->S  F     FAX0           2  15.0   255   486    4973 
  U4_ex_U1_alu_mul_138_45/g36409/Q         -       A->Q   F     OR2X1          2  27.1   152   268    5241 
  U4_ex_U1_alu_mul_138_45/g36264/Q         -       B->Q   R     NA2X4          1  18.0    95    91    5332 
  U4_ex_U1_alu_mul_138_45/g36263/Q         -       A->Q   F     NA2X4          2  27.5    94    54    5386 
  U4_ex_U1_alu_mul_138_45/g36259/Q         -       A->Q   R     NA2X4          1  18.0    87    65    5451 
  U4_ex_U1_alu_mul_138_45/g36258/Q         -       A->Q   F     NA2X4          2  27.5    94    52    5503 
  U4_ex_U1_alu_mul_138_45/g36254/Q         -       A->Q   R     NA2X4          1  18.0    95    65    5568 
  U4_ex_U1_alu_mul_138_45/g36253/Q         -       A->Q   F     NA2X4          2  27.5    94    54    5622 
  U4_ex_U1_alu_mul_138_45/g36249/Q         -       A->Q   R     NA2X4          1  18.0    87    65    5687 
  U4_ex_U1_alu_mul_138_45/g36248/Q         -       A->Q   F     NA2X4          2  27.5    94    52    5740 
  U4_ex_U1_alu_mul_138_45/g36244/Q         -       A->Q   R     NA2X4          1  18.0    87    65    5805 
  U4_ex_U1_alu_mul_138_45/g36243/Q         -       A->Q   F     NA2X4          2  27.5    94    52    5857 
  U4_ex_U1_alu_mul_138_45/g36239/Q         -       A->Q   R     NA2X4          1  18.0    87    65    5922 
  U4_ex_U1_alu_mul_138_45/g36238/Q         -       A->Q   F     NA2X4          2  27.5    94    52    5975 
  U4_ex_U1_alu_mul_138_45/g36234/Q         -       A->Q   R     NA2X4          1  18.0    87    65    6040 
  U4_ex_U1_alu_mul_138_45/g36233/Q         -       A->Q   F     NA2X4          2  27.5    94    52    6092 
  U4_ex_U1_alu_mul_138_45/g36229/Q         -       A->Q   R     NA2X4          1  18.0    87    65    6158 
  U4_ex_U1_alu_mul_138_45/g36228/Q         -       A->Q   F     NA2X4          2  27.5    94    52    6210 
  U4_ex_U1_alu_mul_138_45/g36224/Q         -       A->Q   R     NA2X4          1  18.0    87    65    6275 
  U4_ex_U1_alu_mul_138_45/g36223/Q         -       A->Q   F     NA2X4          2  27.5    94    52    6328 
  U4_ex_U1_alu_mul_138_45/g36219/Q         -       A->Q   R     NA2X4          1  18.0    87    65    6393 
  U4_ex_U1_alu_mul_138_45/g36218/Q         -       A->Q   F     NA2X4          2  27.5    94    52    6445 
  U4_ex_U1_alu_mul_138_45/g36214/Q         -       A->Q   R     NA2X4          1  18.0    87    65    6510 
  U4_ex_U1_alu_mul_138_45/g36213/Q         -       A->Q   F     NA2X4          2  27.5    94    52    6563 
  U4_ex_U1_alu_mul_138_45/g36209/Q         -       A->Q   R     NA2X4          1  18.0    87    65    6628 
  U4_ex_U1_alu_mul_138_45/g36208/Q         -       A->Q   F     NA2X4          2  27.5    94    52    6680 
  U4_ex_U1_alu_mul_138_45/g36204/Q         -       A->Q   R     NA2X4          1  18.0    87    65    6746 
  U4_ex_U1_alu_mul_138_45/g36203/Q         -       A->Q   F     NA2X4          2  27.5    94    52    6798 
  U4_ex_U1_alu_mul_138_45/g36199/Q         -       A->Q   R     NA2X4          1  18.0    87    65    6863 
  U4_ex_U1_alu_mul_138_45/g36198/Q         -       A->Q   F     NA2X4          2  19.8    85    46    6909 
  U4_ex_U1_alu_mul_138_45/g36194/Q         -       A->Q   R     NA2X2          1  18.0   119    83    6992 
  U4_ex_U1_alu_mul_138_45/g36193/Q         -       A->Q   F     NA2X4          2  21.1    86    50    7041 
  U4_ex_U1_alu_mul_138_45/g36189/Q         -       A->Q   R     NA2X2          1  18.0   124    83    7124 
  U4_ex_U1_alu_mul_138_45/g36188/Q         -       A->Q   F     NA2X4          2  18.5    82    47    7172 
  U4_ex_U1_alu_mul_138_45/g36184/Q         -       A->Q   R     NA2X2          1  18.0   119    82    7254 
  U4_ex_U1_alu_mul_138_45/g36183/Q         -       A->Q   F     NA2X4          2  18.5    82    47    7301 
  U4_ex_U1_alu_mul_138_45/g36179/Q         -       A->Q   R     NA2X2          1  18.0   119    82    7383 
  U4_ex_U1_alu_mul_138_45/g36178/Q         -       A->Q   F     NA2X4          2  21.8    86    50    7433 
  U4_ex_U1_alu_mul_138_45/g36174/Q         -       A->Q   R     NA2X2          1  18.0   119    83    7517 
  U4_ex_U1_alu_mul_138_45/g36173/Q         -       A->Q   F     NA2X4          2  21.8    87    50    7567 
  U4_ex_U1_alu_mul_138_45/g36170/Q         -       A->Q   R     NA2X2          1  18.0   119    83    7650 
  U4_ex_U1_alu_mul_138_45/g36169/Q         -       A->Q   F     NA2X4          2  21.8    87    50    7701 
  U4_ex_U1_alu_mul_138_45/g36166/Q         -       A->Q   R     NA2X2          1  18.0   119    83    7784 
  U4_ex_U1_alu_mul_138_45/g36165/Q         -       A->Q   F     NA2X4          2  21.8    87    50    7834 
  U4_ex_U1_alu_mul_138_45/g36162/Q         -       A->Q   R     NA2X2          1  18.0   119    83    7918 
  U4_ex_U1_alu_mul_138_45/g36161/Q         -       A->Q   F     NA2X4          2  21.8    87    50    7968 
  U4_ex_U1_alu_mul_138_45/g36158/Q         -       A->Q   R     NA2X2          1  18.0   119    83    8051 
  U4_ex_U1_alu_mul_138_45/g36157/Q         -       A->Q   F     NA2X4          2  21.8    87    50    8102 
  U4_ex_U1_alu_mul_138_45/g36154/Q         -       A->Q   R     NA2X2          1  18.0   119    83    8185 
  U4_ex_U1_alu_mul_138_45/g36153/Q         -       A->Q   F     NA2X4          2  25.5    92    54    8239 
  U4_ex_U1_alu_mul_138_45/g36149/Q         -       A->Q   R     NA2X2          1  18.0   120    84    8323 
  U4_ex_U1_alu_mul_138_45/g36148/Q         -       A->Q   F     NA2X4          2  21.8    92    50    8374 
  U4_ex_U1_alu_mul_138_45/g36144/Q         -       A->Q   R     NA2X2          1  18.0   120    85    8458 
  U4_ex_U1_alu_mul_138_45/g36142/Q         -       A->Q   F     NA2X4          2  21.8    92    50    8509 
  U4_ex_U1_alu_mul_138_45/g36137/Q         -       A->Q   R     NA2X2          1  18.0   127    85    8594 
  U4_ex_U1_alu_mul_138_45/g36135/Q         -       A->Q   F     NA2X4          2  21.8    93    51    8644 
  U4_ex_U1_alu_mul_138_45/g36130/Q         -       A->Q   R     NA2X2          1  18.0   127    85    8729 
  U4_ex_U1_alu_mul_138_45/g36128/Q         -       A->Q   F     NA2X4          2  19.8    91    49    8778 
  U4_ex_U1_alu_mul_138_45/g36125/Q         -       A->Q   R     NA2X2          1  18.0   128    84    8862 
  U4_ex_U1_alu_mul_138_45/g36121/Q         -       A->Q   F     NA2X4          2  20.3    93    49    8911 
  U4_ex_U1_alu_mul_138_45/g36117/Q         -       A->Q   R     AN21X1         1  13.1   227   156    9067 
  U4_ex_U1_alu_mul_138_45/g38246/Q         -       A->Q   F     EN2X1          1  11.7   133   209    9276 
  U4_ex_U1_alu_g21027/Q                    -       E->Q   R     AN222X1        1   9.8   388   204    9480 
  U4_ex_U1_alu_g20880/Q                    -       A->Q   F     NO2X1          1   9.7   243    84    9564 
  U4_ex_U1_alu_hilo_reg[58]/D              -       -      F     DFRQX1         1     -     -     0    9564 
#----------------------------------------------------------------------------------------------------------

(p) : Instance is preserved but may be resized

