============================================================
  Generated by:           Genus(TM) Synthesis Solution GENUS15.22 - 15.20-s024_1
  Generated on:           Mar 01 2023  11:13:34 pm
  Module:                 minimips
  Interconnect mode:      global
  Area mode:              physical library
============================================================


Path 1: MET (1482 ps)
          Group: cg_enable_group_clock
     Startpoint: (R) U2_ei_EI_instr_reg[29]/C
          Clock: (R) clock
       Endpoint: (F) U1_pf_RC_CG_HIER_INST1/enl_reg/D
          Clock: (F) clock

                     Capture       Launch     
        Clock Edge:+   10000            0     
       Src Latency:+       0            0     
       Net Latency:+       0 (I)        0 (I) 
           Arrival:=   10000            0     
                                              
     Required Time:=   10000                  
      Launch Clock:-       0                  
         Data Path:-    8518                  
             Slack:=    1482                  

#-------------------------------------------------------------------------------------------------
#          Timing Point            Flags   Arc   Edge   Cell     Fanout  Load Trans Delay Arrival 
#                                                                        (fF)  (ps)  (ps)   (ps)  
#-------------------------------------------------------------------------------------------------
  U2_ei_EI_instr_reg[29]/C         -       -     R     (arrival)     33     -     0     -       0 
  U2_ei_EI_instr_reg[29]/Q         -       C->Q  F     DFRQX1         2  15.9   141   286     286 
  U3_di_g9505/Q                    -       D->Q  F     OR4X1          2  17.6   144   237     523 
  U3_di_g9503/Q                    -       A->Q  R     NO2X1          8  62.1   694   408     931 
  U3_di_g9502/Q                    -       A->Q  F     INX1           4  29.8   250   185    1115 
  U3_di_g9499/Q                    -       A->Q  R     NO2X1          6  40.5   477   315    1430 
  U3_di_g9496/Q                    -       A->Q  F     AN22X1         2  20.2   254   210    1641 
  U3_di_g9493/Q                    -       A->Q  R     INX1           4  28.2   180   151    1791 
  U3_di_g9482/Q                    -       E->Q  R     AO221X1        3  21.8   220   205    1996 
  U3_di_g9474/Q                    -       A->Q  F     NO2X1          5  39.8   198   154    2150 
  U3_di_g9469/Q                    -       A->Q  R     NA2X1          6  43.0   396   261    2411 
  U3_di_g9462/Q                    -       A->Q  F     INX1           3  23.3   172   137    2548 
  U3_di_g9443/Q                    -       A->Q  R     NA2X1          6  40.2   379   242    2790 
  U3_di_g9423/Q                    -       A->Q  R     OR2X1          4  28.1   259   244    3033 
  U3_di_g9404/Q                    -       A->Q  R     OR2X1          2  15.3   160   177    3210 
  U3_di_g9390/Q                    -       D->Q  R     OA31X1         2  14.2   155   212    3422 
  U3_di_g9382/Q                    -       D->Q  R     OA31X1         2  15.1   160   215    3637 
  U3_di_g9381/Q                    -       B->Q  F     NA3I1X1       11  79.2   540   333    3970 
  U3_di_g9369/Q                    -       A->Q  R     NO2X1          5  39.1   486   381    4351 
  U3_di_g9359/Q                    -       AN->Q R     NO2I1X1        9  57.7   651   441    4792 
  U3_di_g9331/Q                    -       B->Q  R     OR2X1          2  16.8   172   228    5020 
  U3_di_g9322/Q                    -       A->Q  R     AND2X1         5  45.3   395   286    5306 
  U6_renvoi_g3008/Q                -       A->Q  F     EO2X1          1  10.1   165   274    5580 
  U6_renvoi_g2992/Q                -       D->Q  R     AN211X1        1  10.9   287   183    5763 
  U6_renvoi_g2985/Q                -       D->Q  F     ON211X1        1   9.8   185   132    5895 
  U6_renvoi_g2983/Q                -       A->Q  R     NO2X1          2  14.9   220   158    6053 
  U6_renvoi_g2980/Q                -       AN->Q R     NO3I1X1       35 189.4  2532  1430    7483 
  U6_renvoi_g2977/Q                -       A->Q  F     NO2X1          1  11.5   431    43    7526 
  U6_renvoi_g2974/Q                -       E->Q  R     ON321X1        4  28.6   666   361    7887 
  g2732/Q                          -       B->Q  F     NO2I1X1        2  13.9   197   131    8018 
  g2678/Q                          -       B->Q  F     AO221X1        1   8.7   116   321    8339 
  U1_pf_RC_CG_HIER_INST1/g7/Q      -       A->Q  F     OR2X1          1   9.4    82   179    8518 
  U1_pf_RC_CG_HIER_INST1/enl_reg/D -       -     F     DLLQX1         1     -     -     0    8518 
#-------------------------------------------------------------------------------------------------

