============================================================
  Generated by:           Genus(TM) Synthesis Solution GENUS15.22 - 15.20-s024_1
  Generated on:           Mar 01 2023  11:12:46 pm
  Module:                 minimips
  Interconnect mode:      global
  Area mode:              physical library
============================================================


Path 1: MET (535 ps) Setup Check with Pin U4_ex_U1_alu_hilo_reg[62]/C->D
          Group: C2C
     Startpoint: (R) U3_di_DI_op1_reg[0]/C
          Clock: (R) clock
       Endpoint: (F) U4_ex_U1_alu_hilo_reg[62]/D
          Clock: (R) clock

                     Capture       Launch     
        Clock Edge:+   20000            0     
       Src Latency:+       0            0     
       Net Latency:+       0 (I)        0 (I) 
           Arrival:=   20000            0     
                                              
             Setup:-     161                  
     Required Time:=   19839                  
      Launch Clock:-       0                  
         Data Path:-   19304                  
             Slack:=     535                  

#---------------------------------------------------------------------------------------------------------
#              Timing Point               Flags    Arc   Edge   Cell     Fanout  Load Trans Delay Arrival 
#                                                                                (fF)  (ps)  (ps)   (ps)  
#---------------------------------------------------------------------------------------------------------
  U3_di_DI_op1_reg[0]/C                   -       -      R     (arrival)    174     -     0     -       0 
  U3_di_DI_op1_reg[0]/Q                   -       C->Q   F     DFRQX1         1  17.1   146   290     290 
  U3_di_g7533/Q                           -       A->Q   F     BUX4          25 247.2   263   241     532 
  U4_ex_U1_alu_mul_139_47/g25009/Q        -       A->Q   R     INX3          15 108.9   208   168     700 
  U4_ex_U1_alu_mul_139_47/g25008/Q        -       A->Q   F     INX1          15 111.1   464   317    1016 
  U4_ex_U1_alu_mul_139_47/g24719/Q        -       A->Q   R     NA2X1          1  10.6   182   183    1199 
  U4_ex_U1_alu_mul_139_47/g23916/Q        -       B->Q   R     AND3X2         1  16.5   101   159    1358 
  U4_ex_U1_alu_mul_139_47/g23337/S        -       B->S   R     HAX2           1  23.1   120   284    1642 
  U4_ex_U1_alu_mul_139_47/cdnfadd_009_1/S (p)     B->S   R     FAX4           1  21.9    89   442    2084 
  U4_ex_U1_alu_mul_139_47/cdnfadd_009_2/S (p)     CI->S  R     FAX4           1  25.9    95   424    2508 
  U4_ex_U1_alu_mul_139_47/g23301/Q        -       A->Q   F     INX4           1  23.0    46    40    2548 
  U4_ex_U1_alu_mul_139_47/g23266/CO       -       B->CO  F     FAX2           2  24.9   113   249    2798 
  U4_ex_U1_alu_mul_139_47/g23257/Q        -       A->Q   R     NO2X4          1  18.1   102    77    2875 
  U4_ex_U1_alu_mul_139_47/g23251/Q        -       A->Q   F     NO2X4          2  24.3    57    48    2923 
  U4_ex_U1_alu_mul_139_47/g23240/Q        -       A->Q   R     NO2X4          1  18.1    99    65    2988 
  U4_ex_U1_alu_mul_139_47/g23237/Q        -       A->Q   F     NO2X4          2  24.3    57    47    3035 
  U4_ex_U1_alu_mul_139_47/g23226/Q        -       A->Q   R     NO2X4          1  18.1   106    65    3100 
  U4_ex_U1_alu_mul_139_47/g23213/Q        -       A->Q   F     NO2X4          2  24.3    57    48    3148 
  U4_ex_U1_alu_mul_139_47/g23200/Q        -       A->Q   R     NO2X4          1  18.1    99    65    3213 
  U4_ex_U1_alu_mul_139_47/g23197/Q        -       A->Q   F     NO2X4          2  24.3    57    47    3260 
  U4_ex_U1_alu_mul_139_47/g23190/Q        -       A->Q   R     NO2X4          1  18.1    99    65    3326 
  U4_ex_U1_alu_mul_139_47/g23185/Q        -       A->Q   F     NO2X4          2  24.3    57    47    3373 
  U4_ex_U1_alu_mul_139_47/g23156/Q        -       A->Q   R     NO2X4          1  18.1    99    65    3438 
  U4_ex_U1_alu_mul_139_47/g23154/Q        -       A->Q   F     NO2X4          1  21.7    55    45    3483 
  U4_ex_U1_alu_mul_139_47/g23151/CO       -       CI->CO F     FAX2           2  24.3   112   229    3712 
  U4_ex_U1_alu_mul_139_47/g23149/Q        -       A->Q   R     NO2X4          1  18.1   102    77    3789 
  U4_ex_U1_alu_mul_139_47/g23148/Q        -       A->Q   F     NO2X4          2  27.7    81    50    3840 
  U4_ex_U1_alu_mul_139_47/g23145/Q        -       A->Q   R     NO2X4          1   9.8    80    59    3898 
  U4_ex_U1_alu_mul_139_47/g23144/Q        -       A->Q   F     NO2X1          1  20.0   112    80    3979 
  U4_ex_U1_alu_mul_139_47/g23141/CO       -       CI->CO F     FAX1           1  21.7   153   263    4242 
  U4_ex_U1_alu_mul_139_47/g23139/CO       -       CI->CO F     FAX2           1  21.7   106   246    4488 
  U4_ex_U1_alu_mul_139_47/g23137/CO       -       CI->CO F     FAX2           1  21.7   106   234    4722 
  U4_ex_U1_alu_mul_139_47/g23135/CO       -       CI->CO F     FAX2           1  21.7   106   234    4956 
  U4_ex_U1_alu_mul_139_47/g23133/CO       -       CI->CO F     FAX2           1  21.7   106   234    5191 
  U4_ex_U1_alu_mul_139_47/g23131/CO       -       CI->CO F     FAX2           1  21.7   106   234    5425 
  U4_ex_U1_alu_mul_139_47/g23129/CO       -       CI->CO F     FAX2           1  21.7   106   234    5659 
  U4_ex_U1_alu_mul_139_47/g23127/CO       -       CI->CO F     FAX2           1  21.7   106   234    5893 
  U4_ex_U1_alu_mul_139_47/g23125/CO       -       CI->CO F     FAX2           1  21.7   106   234    6127 
  U4_ex_U1_alu_mul_139_47/g23123/CO       -       CI->CO F     FAX2           1  21.7   106   234    6361 
  U4_ex_U1_alu_mul_139_47/g23121/CO       -       CI->CO F     FAX2           1  20.0   101   230    6591 
  U4_ex_U1_alu_mul_139_47/g23119/CO       -       CI->CO F     FAX1           2  16.4   130   243    6834 
  U4_ex_U1_alu_mul_139_47/g23117/Q        -       A->Q   F     OA21X2         1  20.0    91   231    7065 
  U4_ex_U1_alu_mul_139_47/g23114/CO       -       CI->CO F     FAX1           1  20.0   146   253    7318 
  U4_ex_U1_alu_mul_139_47/g23112/CO       -       CI->CO F     FAX1           1  20.0   146   266    7584 
  U4_ex_U1_alu_mul_139_47/g23110/CO       -       CI->CO F     FAX1           1  20.0   146   266    7850 
  U4_ex_U1_alu_mul_139_47/g23108/CO       -       CI->CO F     FAX1           1  20.0   146   266    8117 
  U4_ex_U1_alu_mul_139_47/g23106/CO       -       CI->CO F     FAX1           1  20.0   146   266    8383 
  U4_ex_U1_alu_mul_139_47/g23104/CO       -       CI->CO F     FAX1           1  20.0   146   266    8650 
  U4_ex_U1_alu_mul_139_47/g23102/CO       -       CI->CO F     FAX1           1  15.0   124   250    8900 
  U4_ex_U1_alu_mul_139_47/g23100/CO       -       A->CO  F     FAX0           1  15.0   256   383    9282 
  U4_ex_U1_alu_mul_139_47/g23098/CO       -       A->CO  F     FAX0           1  15.0   256   408    9690 
  U4_ex_U1_alu_mul_139_47/g23096/CO       -       A->CO  F     FAX0           1  15.0   256   408   10098 
  U4_ex_U1_alu_mul_139_47/g23094/CO       -       A->CO  F     FAX0           1  15.0   256   408   10505 
  U4_ex_U1_alu_mul_139_47/g23092/CO       -       A->CO  F     FAX0           1  15.0   256   408   10913 
  U4_ex_U1_alu_mul_139_47/g23090/CO       -       A->CO  F     FAX0           1  15.0   256   408   11320 
  U4_ex_U1_alu_mul_139_47/g23088/CO       -       A->CO  F     FAX0           1  15.0   256   408   11728 
  U4_ex_U1_alu_mul_139_47/g23086/CO       -       A->CO  F     FAX0           1  15.0   256   408   12136 
  U4_ex_U1_alu_mul_139_47/g23084/CO       -       A->CO  F     FAX0           1  15.0   256   408   12543 
  U4_ex_U1_alu_mul_139_47/g23082/CO       -       A->CO  F     FAX0           1  15.0   256   408   12951 
  U4_ex_U1_alu_mul_139_47/g23080/CO       -       A->CO  F     FAX0           1  15.0   256   408   13358 
  U4_ex_U1_alu_mul_139_47/g23078/CO       -       A->CO  F     FAX0           1  15.0   256   408   13766 
  U4_ex_U1_alu_mul_139_47/g23076/CO       -       A->CO  F     FAX0           1  15.0   256   408   14174 
  U4_ex_U1_alu_mul_139_47/g23074/CO       -       A->CO  F     FAX0           1  15.0   256   408   14581 
  U4_ex_U1_alu_mul_139_47/g23072/CO       -       A->CO  F     FAX0           1  15.0   256   408   14989 
  U4_ex_U1_alu_mul_139_47/g23070/CO       -       A->CO  F     FAX0           1  15.0   256   408   15396 
  U4_ex_U1_alu_mul_139_47/g23068/CO       -       A->CO  F     FAX0           1  15.0   256   408   15804 
  U4_ex_U1_alu_mul_139_47/g23066/CO       -       A->CO  F     FAX0           1  15.0   256   408   16212 
  U4_ex_U1_alu_mul_139_47/g23064/CO       -       A->CO  F     FAX0           1  15.0   256   408   16619 
  U4_ex_U1_alu_mul_139_47/g23062/CO       -       A->CO  F     FAX0           1  15.0   256   408   17027 
  U4_ex_U1_alu_mul_139_47/g23060/CO       -       A->CO  F     FAX0           1  15.0   256   408   17434 
  U4_ex_U1_alu_mul_139_47/g23058/CO       -       A->CO  F     FAX0           1  15.0   256   408   17842 
  U4_ex_U1_alu_mul_139_47/g23056/CO       -       A->CO  F     FAX0           1  15.0   256   408   18250 
  U4_ex_U1_alu_mul_139_47/g23054/S        -       A->S   R     FAX0           1  12.4   376   601   18850 
  U4_ex_U1_alu_mul_139_47/g23053/Q        -       A->Q   F     INX1           1  10.9   119    87   18937 
  U4_ex_U1_alu_g20615/Q                   -       B->Q   R     AN222X1        1   9.8   391   283   19220 
  U4_ex_U1_alu_g20487/Q                   -       A->Q   F     NO2X1          1   9.7   243    84   19304 
  U4_ex_U1_alu_hilo_reg[62]/D             -       -      F     DFRQX1         1     -     -     0   19304 
#---------------------------------------------------------------------------------------------------------

(p) : Instance is preserved but may be resized

