============================================================
  Generated by:           Genus(TM) Synthesis Solution GENUS15.22 - 15.20-s024_1
  Generated on:           Mar 02 2023  11:47:43 am
  Module:                 minimips
  Interconnect mode:      global
  Area mode:              physical library
============================================================

                               
  Gate   Instances     Area                Library            
--------------------------------------------------------------
AN211X0          1      15.372    D_CELLS_MOSST_typ_1_80V_25C 
AN211X1         81    1494.158    D_CELLS_MOSST_typ_1_80V_25C 
AN21X1          87    1069.891    D_CELLS_MOSST_typ_1_80V_25C 
AN21X2           2      55.339    D_CELLS_MOSST_typ_1_80V_25C 
AN221X0          2      36.893    D_CELLS_MOSST_typ_1_80V_25C 
AN221X1        273    5875.178    D_CELLS_MOSST_typ_1_80V_25C 
AN222X0         31     667.145    D_CELLS_MOSST_typ_1_80V_25C 
AN222X1        137    3369.542    D_CELLS_MOSST_typ_1_80V_25C 
AN22X1        1041   16002.252    D_CELLS_MOSST_typ_1_80V_25C 
AN311X0          1      18.446    D_CELLS_MOSST_typ_1_80V_25C 
AN311X1          2      43.042    D_CELLS_MOSST_typ_1_80V_25C 
AN31X1           3      46.116    D_CELLS_MOSST_typ_1_80V_25C 
AN321X1          9     221.357    D_CELLS_MOSST_typ_1_80V_25C 
AN32X1          12     221.357    D_CELLS_MOSST_typ_1_80V_25C 
AND2X1         354    4353.350    D_CELLS_MOSST_typ_1_80V_25C 
AND2X2           8     147.571    D_CELLS_MOSST_typ_1_80V_25C 
AND2X4          10     276.696    D_CELLS_MOSST_typ_1_80V_25C 
AND3X1         109    1675.548    D_CELLS_MOSST_typ_1_80V_25C 
AND3X4           1      33.818    D_CELLS_MOSST_typ_1_80V_25C 
AND4X1          10     245.952    D_CELLS_MOSST_typ_1_80V_25C 
AND5X1           1      27.670    D_CELLS_MOSST_typ_1_80V_25C 
AND6X1          44    1352.736    D_CELLS_MOSST_typ_1_80V_25C 
AO211X1         16     344.333    D_CELLS_MOSST_typ_1_80V_25C 
AO21X1          10     184.464    D_CELLS_MOSST_typ_1_80V_25C 
AO21X2           2      49.190    D_CELLS_MOSST_typ_1_80V_25C 
AO221X0         17     365.854    D_CELLS_MOSST_typ_1_80V_25C 
AO221X1        105    2582.496    D_CELLS_MOSST_typ_1_80V_25C 
AO222X1         34     940.766    D_CELLS_MOSST_typ_1_80V_25C 
AO22X1         212    4562.410    D_CELLS_MOSST_typ_1_80V_25C 
AO22X2           1      27.670    D_CELLS_MOSST_typ_1_80V_25C 
AO311X1          1      21.521    D_CELLS_MOSST_typ_1_80V_25C 
AO31X0           1      18.446    D_CELLS_MOSST_typ_1_80V_25C 
AO31X1           1      21.521    D_CELLS_MOSST_typ_1_80V_25C 
AO321X1          1      27.670    D_CELLS_MOSST_typ_1_80V_25C 
AO32X1           6     147.571    D_CELLS_MOSST_typ_1_80V_25C 
AO33X1           1      27.670    D_CELLS_MOSST_typ_1_80V_25C 
BUCX12           1      52.265    D_CELLS_MOSST_typ_1_80V_25C 
BUCX4            1      24.595    D_CELLS_MOSST_typ_1_80V_25C 
BUCX8            1      39.967    D_CELLS_MOSST_typ_1_80V_25C 
BUX1            50     614.880    D_CELLS_MOSST_typ_1_80V_25C 
BUX12            4     245.952    D_CELLS_MOSST_typ_1_80V_25C 
BUX2            10     153.720    D_CELLS_MOSST_typ_1_80V_25C 
BUX3             2      43.042    D_CELLS_MOSST_typ_1_80V_25C 
BUX4             8     196.762    D_CELLS_MOSST_typ_1_80V_25C 
BUX6             9     304.366    D_CELLS_MOSST_typ_1_80V_25C 
BUX8             8     344.333    D_CELLS_MOSST_typ_1_80V_25C 
DFRQX0           4     196.762    D_CELLS_MOSST_typ_1_80V_25C 
DFRQX1        1158   60522.638    D_CELLS_MOSST_typ_1_80V_25C 
DFRQX2         129    7138.757    D_CELLS_MOSST_typ_1_80V_25C 
DFRQX4          55    3889.116    D_CELLS_MOSST_typ_1_80V_25C 
DFRRX1           1      64.562    D_CELLS_MOSST_typ_1_80V_25C 
DFRSQX4          4     295.142    D_CELLS_MOSST_typ_1_80V_25C 
DFRX1          330   18261.936    D_CELLS_MOSST_typ_1_80V_25C 
DLLQX1          42    1549.498    D_CELLS_MOSST_typ_1_80V_25C 
EN2X0          858   13189.176    D_CELLS_MOSST_typ_1_80V_25C 
EN2X1          262    5638.450    D_CELLS_MOSST_typ_1_80V_25C 
EN2X2            8     270.547    D_CELLS_MOSST_typ_1_80V_25C 
EN2X4            1      36.893    D_CELLS_MOSST_typ_1_80V_25C 
EN3X1           31    1238.983    D_CELLS_MOSST_typ_1_80V_25C 
EO2X1           35     753.228    D_CELLS_MOSST_typ_1_80V_25C 
EO3X0            2      55.339    D_CELLS_MOSST_typ_1_80V_25C 
FAX0           383   20017.418    D_CELLS_MOSST_typ_1_80V_25C 
FAX1           458   26753.429    D_CELLS_MOSST_typ_1_80V_25C 
FAX2            19    1226.686    D_CELLS_MOSST_typ_1_80V_25C 
FAX4           100    7378.560    D_CELLS_MOSST_typ_1_80V_25C 
HAX1            95    2920.680    D_CELLS_MOSST_typ_1_80V_25C 
HAX2            35    1291.248    D_CELLS_MOSST_typ_1_80V_25C 
HAX4             1      46.116    D_CELLS_MOSST_typ_1_80V_25C 
INCX12           4     233.654    D_CELLS_MOSST_typ_1_80V_25C 
INX0             1       6.149    D_CELLS_MOSST_typ_1_80V_25C 
INX1           547    3363.394    D_CELLS_MOSST_typ_1_80V_25C 
INX12            2     116.827    D_CELLS_MOSST_typ_1_80V_25C 
INX2            24     221.357    D_CELLS_MOSST_typ_1_80V_25C 
INX3            81    1245.132    D_CELLS_MOSST_typ_1_80V_25C 
INX4             9     166.018    D_CELLS_MOSST_typ_1_80V_25C 
INX6             6     129.125    D_CELLS_MOSST_typ_1_80V_25C 
INX8             5     153.720    D_CELLS_MOSST_typ_1_80V_25C 
ITHX0           32     393.523    D_CELLS_MOSST_typ_1_80V_25C 
MU2IX1         114    2102.890    D_CELLS_MOSST_typ_1_80V_25C 
MU2X0           58    1248.206    D_CELLS_MOSST_typ_1_80V_25C 
MU2X1           45    1106.784    D_CELLS_MOSST_typ_1_80V_25C 
MU2X2            8     196.762    D_CELLS_MOSST_typ_1_80V_25C 
MU2X4            4     122.976    D_CELLS_MOSST_typ_1_80V_25C 
NA2I1X0          6      73.786    D_CELLS_MOSST_typ_1_80V_25C 
NA2I1X1         53     814.716    D_CELLS_MOSST_typ_1_80V_25C 
NA2I1X2         10     184.464    D_CELLS_MOSST_typ_1_80V_25C 
NA2I1X4          6     184.464    D_CELLS_MOSST_typ_1_80V_25C 
NA2X1          514    4740.725    D_CELLS_MOSST_typ_1_80V_25C 
NA2X2           88    1352.736    D_CELLS_MOSST_typ_1_80V_25C 
NA2X4          126    3873.744    D_CELLS_MOSST_typ_1_80V_25C 
NA3I1X0          3      46.116    D_CELLS_MOSST_typ_1_80V_25C 
NA3I1X1          9     166.018    D_CELLS_MOSST_typ_1_80V_25C 
NA3I2X1          2      43.042    D_CELLS_MOSST_typ_1_80V_25C 
NA3X1          100    1229.760    D_CELLS_MOSST_typ_1_80V_25C 
NA3X2            1      24.595    D_CELLS_MOSST_typ_1_80V_25C 
NA4X1            2      55.339    D_CELLS_MOSST_typ_1_80V_25C 
NA5I1X1          1      33.818    D_CELLS_MOSST_typ_1_80V_25C 
NA5I3X1          3     101.455    D_CELLS_MOSST_typ_1_80V_25C 
NA6I1X1          2      73.786    D_CELLS_MOSST_typ_1_80V_25C 
NA6I3X1          2      73.786    D_CELLS_MOSST_typ_1_80V_25C 
NA6I4X1          1      39.967    D_CELLS_MOSST_typ_1_80V_25C 
NA6X1           37    1251.281    D_CELLS_MOSST_typ_1_80V_25C 
NO2I1X1         61     750.154    D_CELLS_MOSST_typ_1_80V_25C 
NO2I1X2          1      21.521    D_CELLS_MOSST_typ_1_80V_25C 
NO2X1          653    6022.750    D_CELLS_MOSST_typ_1_80V_25C 
NO2X2           33     507.276    D_CELLS_MOSST_typ_1_80V_25C 
NO2X4           26     719.410    D_CELLS_MOSST_typ_1_80V_25C 
NO3I1X1         25     461.160    D_CELLS_MOSST_typ_1_80V_25C 
NO3I2X1          2      43.042    D_CELLS_MOSST_typ_1_80V_25C 
NO3X0            5      61.488    D_CELLS_MOSST_typ_1_80V_25C 
NO3X1           23     353.556    D_CELLS_MOSST_typ_1_80V_25C 
NO4I1X1          1      30.744    D_CELLS_MOSST_typ_1_80V_25C 
NO4I2X1          3      92.232    D_CELLS_MOSST_typ_1_80V_25C 
NO4X2            3      92.232    D_CELLS_MOSST_typ_1_80V_25C 
NO4X4            1      36.893    D_CELLS_MOSST_typ_1_80V_25C 
NO5I2X1          1      33.818    D_CELLS_MOSST_typ_1_80V_25C 
NO5I2X4          1      43.042    D_CELLS_MOSST_typ_1_80V_25C 
NO5I3X1          1      33.818    D_CELLS_MOSST_typ_1_80V_25C 
NO5I4X1          1      36.893    D_CELLS_MOSST_typ_1_80V_25C 
NO5X4            1      39.967    D_CELLS_MOSST_typ_1_80V_25C 
NO6I2X0          1      39.967    D_CELLS_MOSST_typ_1_80V_25C 
NO6I2X1          2      86.083    D_CELLS_MOSST_typ_1_80V_25C 
NO6X1            5     184.464    D_CELLS_MOSST_typ_1_80V_25C 
OA211X1          8     172.166    D_CELLS_MOSST_typ_1_80V_25C 
OA211X2          1      24.595    D_CELLS_MOSST_typ_1_80V_25C 
OA21X0           2      30.744    D_CELLS_MOSST_typ_1_80V_25C 
OA21X1          20     368.928    D_CELLS_MOSST_typ_1_80V_25C 
OA221X1         34     836.237    D_CELLS_MOSST_typ_1_80V_25C 
OA222X1          2      55.339    D_CELLS_MOSST_typ_1_80V_25C 
OA22X1          99    2130.559    D_CELLS_MOSST_typ_1_80V_25C 
OA22X4           1      30.744    D_CELLS_MOSST_typ_1_80V_25C 
OA311X1          3      64.562    D_CELLS_MOSST_typ_1_80V_25C 
OA321X1          1      27.670    D_CELLS_MOSST_typ_1_80V_25C 
ON211X1         27     498.053    D_CELLS_MOSST_typ_1_80V_25C 
ON21X0           1      12.298    D_CELLS_MOSST_typ_1_80V_25C 
ON21X1          48     737.856    D_CELLS_MOSST_typ_1_80V_25C 
ON221X0          1      18.446    D_CELLS_MOSST_typ_1_80V_25C 
ON221X1        168    4131.994    D_CELLS_MOSST_typ_1_80V_25C 
ON222X1          3      83.009    D_CELLS_MOSST_typ_1_80V_25C 
ON22X0           2      30.744    D_CELLS_MOSST_typ_1_80V_25C 
ON22X1         561   10348.430    D_CELLS_MOSST_typ_1_80V_25C 
ON22X4           3     101.455    D_CELLS_MOSST_typ_1_80V_25C 
ON311X1          6     110.678    D_CELLS_MOSST_typ_1_80V_25C 
ON31X1          35     645.624    D_CELLS_MOSST_typ_1_80V_25C 
ON321X1          8     196.762    D_CELLS_MOSST_typ_1_80V_25C 
ON32X1           6     129.125    D_CELLS_MOSST_typ_1_80V_25C 
OR2X1          134    1647.878    D_CELLS_MOSST_typ_1_80V_25C 
OR2X2           50     768.600    D_CELLS_MOSST_typ_1_80V_25C 
OR2X4            3      73.786    D_CELLS_MOSST_typ_1_80V_25C 
OR3X1            2      36.893    D_CELLS_MOSST_typ_1_80V_25C 
OR4X1           11     270.547    D_CELLS_MOSST_typ_1_80V_25C 
OR5X1            7     193.687    D_CELLS_MOSST_typ_1_80V_25C 
OR6X1            7     236.729    D_CELLS_MOSST_typ_1_80V_25C 
SDFRQX0          1      64.562    D_CELLS_MOSST_typ_1_80V_25C 
--------------------------------------------------------------
total        10743  280265.378                                


                                           
     Type      Instances    Area    Area % 
-------------------------------------------
sequential          1724  91982.974   32.8 
inverter             679   5635.375    2.0 
buffer                94   2019.881    0.7 
tristate              32    393.523    0.1 
logic               8214 180233.626   64.3 
physical_cells         0      0.000    0.0 
-------------------------------------------
total              10743 280265.378  100.0 

