============================================================
  Generated by:           Genus(TM) Synthesis Solution GENUS15.22 - 15.20-s024_1
  Generated on:           Jan 23 2023  11:08:48 pm
  Module:                 minimips
  Interconnect mode:      global
  Area mode:              physical library
============================================================


Path 1: MET (0 ps) Setup Check with Pin U4_ex_U1_alu_hilo_reg[61]/C->D
          Group: C2C
     Startpoint: (R) U3_di_DI_op2_reg[23]/C
          Clock: (R) clock
       Endpoint: (R) U4_ex_U1_alu_hilo_reg[61]/D
          Clock: (R) clock

                     Capture       Launch     
        Clock Edge:+    4000            0     
       Src Latency:+       0            0     
       Net Latency:+       0 (I)        0 (I) 
           Arrival:=    4000            0     
                                              
             Setup:-      92                  
     Required Time:=    3908                  
      Launch Clock:-       0                  
         Data Path:-    3908                  
             Slack:=       0                  

#------------------------------------------------------------------------------------------------
#          Timing Point            Flags   Arc   Edge   Cell     Fanout Load Trans Delay Arrival 
#                                                                       (fF)  (ps)  (ps)   (ps)  
#------------------------------------------------------------------------------------------------
  U3_di_DI_op2_reg[23]/C           -       -     R     (arrival)    174    -     0     -       0 
  U3_di_DI_op2_reg[23]/Q           -       C->Q  F     DFRX4          6 71.3   138   300     300 
  U4_ex_U1_alu_g87630/Q            -       A->Q  F     BUX4           4 74.4    94   139     439 
  U4_ex_U1_alu_mul_138_45_g87632/Q -       A->Q  F     BUX2           2 30.0    81   126     565 
  U4_ex_U1_alu_mul_138_45_g82078/Q -       A->Q  R     INX2           2 24.8    79    62     628 
  U4_ex_U1_alu_mul_138_45_g79256/Q -       S->Q  F     MU2X1          2 24.3   143   252     880 
  U4_ex_U1_alu_mul_138_45_g78442/Q -       A->Q  R     NO2X2          1 23.4   176   125    1004 
  U4_ex_U1_alu_mul_138_45_g77190/Q -       B->Q  F     NO2X4          3 29.6    78    69    1074 
  U4_ex_U1_alu_mul_138_45_g83022/Q -       A->Q  R     INX2           2 21.0    71    56    1130 
  U4_ex_U1_alu_mul_138_45_g82673/Q -       B->Q  F     NA2I1X2        1 12.3    70    52    1182 
  U4_ex_U1_alu_mul_138_45_g76288/Q -       A->Q  R     NA2X2          2 20.8   133    85    1267 
  U4_ex_U1_alu_mul_138_45_g87176/Q -       AN->Q R     NO2I1X4        1 14.2    97   135    1402 
  U4_ex_U1_alu_mul_138_45_g74770/Q -       AN->Q R     NA2I1X4        4 49.7   139   128    1530 
  U4_ex_U1_alu_mul_138_45_g73930/Q -       A->Q  F     NO2X4          1 14.2    62    40    1570 
  U4_ex_U1_alu_mul_138_45_g73704/Q -       AN->Q F     NA2I1X4        2 21.0    64   108    1678 
  U4_ex_U1_alu_mul_138_45_g82395/Q -       A->Q  F     OR2X4          1 18.0    50   115    1794 
  U4_ex_U1_alu_mul_138_45_g73376/Q -       A->Q  R     NA2X4          4 44.3   135    83    1877 
  U4_ex_U1_alu_mul_138_45_g72972/Q -       A->Q  F     NO2X4          1 14.2    66    40    1917 
  U4_ex_U1_alu_mul_138_45_g72858/Q -       AN->Q F     NA2I1X4        2 21.0    64   109    2026 
  U4_ex_U1_alu_mul_138_45_g83873/Q -       A->Q  F     OR2X4          1 18.0    50   115    2141 
  U4_ex_U1_alu_mul_138_45_g72600/Q -       A->Q  R     NA2X4          4 35.9   120    74    2215 
  U4_ex_U1_alu_mul_138_45_g72419/Q -       A->Q  F     NO2X2          1 14.2    74    52    2266 
  U4_ex_U1_alu_mul_138_45_g72383/Q -       AN->Q F     NA2I1X4        2 21.0    64   111    2378 
  U4_ex_U1_alu_mul_138_45_g82285/Q -       A->Q  F     OR2X4          1 20.8    54   118    2496 
  U4_ex_U1_alu_mul_138_45_g88647/Q -       B->Q  R     NA2X4          2 26.8   102    77    2572 
  U4_ex_U1_alu_mul_138_45_g88777/Q -       A->Q  F     NO2X4          2 29.7    67    52    2624 
  U4_ex_U1_alu_mul_138_45_g88780/Q -       B->Q  R     NO2X4          2 23.0   111    88    2712 
  U4_ex_U1_alu_mul_138_45_g88782/Q -       A->Q  F     NA2X4          2 26.1    70    54    2766 
  U4_ex_U1_alu_mul_138_45_g89934/Q -       AN->Q F     NA2I1X4        3 40.2    91   127    2893 
  g92126/Q                         -       B->Q  F     OR2X4          1 18.0    50   135    3028 
  U4_ex_U1_alu_mul_138_45_g71810/Q -       A->Q  R     NA2X4          1 18.0    86    54    3082 
  U4_ex_U1_alu_mul_138_45_g71796/Q -       A->Q  F     NA2X4          1 18.0    61    44    3126 
  U4_ex_U1_alu_mul_138_45_g71790/Q -       A->Q  R     NA2X4          2 23.1   105    63    3189 
  U4_ex_U1_alu_mul_138_45_g71767/Q -       AN->Q R     NA3I1X4        2 24.3   128   117    3306 
  U4_ex_U1_alu_mul_138_45_g89343/Q -       A->Q  F     NA2X4          2 24.3    74    53    3359 
  U4_ex_U1_alu_mul_138_45_g89342/Q -       A->Q  R     NA2X4          1 18.0    86    60    3419 
  U4_ex_U1_alu_mul_138_45_g89341/Q -       A->Q  F     NA2X4          1 18.0    66    44    3463 
  U4_ex_U1_alu_mul_138_45_g71695/Q -       A->Q  R     NA2X4          1 13.4    88    53    3516 
  U4_ex_U1_alu_mul_138_45_g71673/Q -       S->Q  R     MU2IX1         1 12.3   224   158    3674 
  U4_ex_U1_alu_g18725/Q            -       A->Q  F     NA2X2          1 11.3   183    56    3731 
  U4_ex_U1_alu_g18411/Q            -       B->Q  R     AN31X1         1  8.9   217   177    3908 
  U4_ex_U1_alu_hilo_reg[61]/D      -       -     R     DFRQX0         1    -     -     0    3908 
#------------------------------------------------------------------------------------------------

