============================================================
  Generated by:           Genus(TM) Synthesis Solution GENUS15.22 - 15.20-s024_1
  Generated on:           Jan 23 2023  11:03:19 pm
  Module:                 minimips
  Interconnect mode:      global
  Area mode:              physical library
============================================================


Path 1: MET (2931 ps) Setup Check with Pin U9_bus_ctrl_cs_reg/C->D
          Group: I2C
     Startpoint: (R) ram_ack
          Clock: (R) clock
       Endpoint: (R) U9_bus_ctrl_cs_reg/D
          Clock: (R) clock

                     Capture       Launch     
        Clock Edge:+    4000            0     
       Src Latency:+       0            0     
       Net Latency:+       0 (I)        0 (I) 
           Arrival:=    4000            0     
                                              
             Setup:-     155                  
     Required Time:=    3845                  
      Launch Clock:-       0                  
       Input Delay:-     200                  
         Data Path:-     714                  
             Slack:=    2931                  

#------------------------------------------------------------------------------------
#    Timing Point      Flags   Arc   Edge   Cell     Fanout Load Trans Delay Arrival 
#                                                           (fF)  (ps)  (ps)   (ps)  
#------------------------------------------------------------------------------------
  ram_ack              (a)     -     R     (arrival)      5 29.7     3     0     200 
  g3543/Q              -       A->Q  R     EN2X0          1 10.6   499   312     512 
  g3529/Q              -       B->Q  F     NA2X1          1  8.4   135    74     586 
  g3364/Q              -       D->Q  R     AN211X0        1  9.4   581   328     914 
  U9_bus_ctrl_cs_reg/D -       -     R     DFRQX2         1    -     -     0     914 
#------------------------------------------------------------------------------------

(a) : Net has asynchronous load pins which are being considered ideal.

