============================================================
  Generated by:           Genus(TM) Synthesis Solution GENUS15.22 - 15.20-s024_1
  Generated on:           Jan 23 2023  11:03:19 pm
  Module:                 minimips
  Interconnect mode:      global
  Area mode:              physical library
============================================================


Path 1: MET (478 ps) Late External Delay Assertion at pin U2_ei_RC_CG_HIER_INST2/g12/B
          Group: clock
     Startpoint: (F) U2_ei_RC_CG_HIER_INST2/enl_reg/GN
          Clock: (F) clock
       Endpoint: (F) U2_ei_RC_CG_HIER_INST2/g12/B
          Clock: (R) clock

                     Capture       Launch     
        Clock Edge:+    4000         2000     
       Src Latency:+       0            0     
       Net Latency:+       0 (I)        0 (I) 
           Arrival:=    4000         2000     
                                              
      Output Delay:-       0                  
     Required Time:=    4000                  
      Launch Clock:-    2000                  
         Data Path:-    1522                  
             Slack:=     478                  

#-------------------------------------------------------------------------------------------------------
#           Timing Point            Flags   Arc   Edge      Cell        Fanout Load Trans Delay Arrival 
#                                                                              (fF)  (ps)  (ps)   (ps)  
#-------------------------------------------------------------------------------------------------------
  U2_ei_RC_CG_HIER_INST2/enl_reg/GN -       -     F     (arrival)            -    -     -     -    2000 
  -                                 -       -     F     latch_d_arrival      -    -     -     -    3273 
  U2_ei_RC_CG_HIER_INST2/enl_reg/Q  -       -     F     DLLQX1               1  9.8   106  1522    3522 
  U2_ei_RC_CG_HIER_INST2/g12/B      (b)     -     F     AND2X1               -    -     -     0    3522 
#-------------------------------------------------------------------------------------------------------

(b) : Timing paths are broken.

