============================================================
  Generated by:           Genus(TM) Synthesis Solution GENUS15.22 - 15.20-s024_1
  Generated on:           Jan 23 2023  11:09:13 pm
  Module:                 minimips
  Interconnect mode:      global
  Area mode:              physical library
============================================================

Timing
--------

Clock Period 
-------------
clock 4000.0 


         Cost           Critical       Violating 
        Group          Path Slack TNS    Paths   
-------------------------------------------------
C2C                           0.0   0          0 
C2O                      No paths   0            
cg_enable_group_clock         0.0   0          0 
clock                       386.3   0          0 
default                  No paths   0            
I2C                        2932.1   0          0 
I2O                      No paths   0            
-------------------------------------------------
Total                               0          0 

Instance Count
--------------
Leaf Instance Count             22971 
Sequential Instance Count        1723 
Combinational Instance Count    21248 
Hierarchical Instance Count        41 

Area
----
Cell Area                          491322.938
Physical Cell Area                 0.000
Total Cell Area (Cell+Physical)    491322.938
Net Area                           269435.728
Total Area (Cell+Physical+Net)     760758.666

Runtime                            -525.090 seconds
Elapsed Runtime                    1056 seconds
Genus peak memory usage            725.65 
Innovus peak memory usage          no_value 
Hostname                           pgmicro01
