============================================================
  Generated by:           Genus(TM) Synthesis Solution GENUS15.22 - 15.20-s024_1
  Generated on:           Mar 09 2023  12:05:51 pm
  Module:                 minimips
  Interconnect mode:      global
  Area mode:              physical library
============================================================

Timing
--------

Clock  Period 
--------------
clock 10000.0 


         Cost           Critical       Violating 
        Group          Path Slack TNS    Paths   
-------------------------------------------------
C2C                         274.9   0          0 
C2O                      No paths   0            
cg_enable_group_clock         0.0   0          0 
clock                      2811.1   0          0 
default                  No paths   0            
I2C                        9109.4   0          0 
I2O                      No paths   0            
-------------------------------------------------
Total                               0          0 

Instance Count
--------------
Leaf Instance Count             10743 
Sequential Instance Count        1724 
Combinational Instance Count     9019 
Hierarchical Instance Count        45 

Area
----
Cell Area                          280265.378
Physical Cell Area                 0.000
Total Cell Area (Cell+Physical)    280265.378
Net Area                           147972.468
Total Area (Cell+Physical+Net)     428237.846

Runtime                            -192.310 seconds
Elapsed Runtime                    434 seconds
Genus peak memory usage            698.20 
Innovus peak memory usage          no_value 
Hostname                           pgmicro04
