============================================================
  Generated by:           Genus(TM) Synthesis Solution GENUS15.22 - 15.20-s024_1
  Generated on:           Mar 01 2023  10:55:23 pm
  Module:                 minimips
  Interconnect mode:      global
  Area mode:              physical library
============================================================

                               
  Gate   Instances     Area                Library            
--------------------------------------------------------------
AN211X1         75    1383.480    D_CELLS_MOSST_typ_1_80V_25C 
AN21X1          64     787.046    D_CELLS_MOSST_typ_1_80V_25C 
AN221X1        318    6843.614    D_CELLS_MOSST_typ_1_80V_25C 
AN222X0         19     408.895    D_CELLS_MOSST_typ_1_80V_25C 
AN222X1        125    3074.400    D_CELLS_MOSST_typ_1_80V_25C 
AN22X1         576    8854.272    D_CELLS_MOSST_typ_1_80V_25C 
AN311X1          5     107.604    D_CELLS_MOSST_typ_1_80V_25C 
AN31X1           1      15.372    D_CELLS_MOSST_typ_1_80V_25C 
AN321X1          8     196.762    D_CELLS_MOSST_typ_1_80V_25C 
AN32X1          10     184.464    D_CELLS_MOSST_typ_1_80V_25C 
AND2X1         303    3726.173    D_CELLS_MOSST_typ_1_80V_25C 
AND2X2           8     147.571    D_CELLS_MOSST_typ_1_80V_25C 
AND2X4          12     332.035    D_CELLS_MOSST_typ_1_80V_25C 
AND3X1         109    1675.548    D_CELLS_MOSST_typ_1_80V_25C 
AND4X1          11     270.547    D_CELLS_MOSST_typ_1_80V_25C 
AND5X1           1      27.670    D_CELLS_MOSST_typ_1_80V_25C 
AND6X1          12     368.928    D_CELLS_MOSST_typ_1_80V_25C 
AO211X1          5     107.604    D_CELLS_MOSST_typ_1_80V_25C 
AO21X1          11     202.910    D_CELLS_MOSST_typ_1_80V_25C 
AO221X1        126    3098.995    D_CELLS_MOSST_typ_1_80V_25C 
AO222X1         36     996.106    D_CELLS_MOSST_typ_1_80V_25C 
AO22X1         231    4971.305    D_CELLS_MOSST_typ_1_80V_25C 
AO22X2           4     110.678    D_CELLS_MOSST_typ_1_80V_25C 
AO311X1          2      43.042    D_CELLS_MOSST_typ_1_80V_25C 
AO31X1           4      86.083    D_CELLS_MOSST_typ_1_80V_25C 
AO321X1          2      55.339    D_CELLS_MOSST_typ_1_80V_25C 
AO32X1           3      73.786    D_CELLS_MOSST_typ_1_80V_25C 
BUCX4            4      98.381    D_CELLS_MOSST_typ_1_80V_25C 
BUCX6            6     202.910    D_CELLS_MOSST_typ_1_80V_25C 
BUCX8            1      39.967    D_CELLS_MOSST_typ_1_80V_25C 
BUX1             7      86.083    D_CELLS_MOSST_typ_1_80V_25C 
BUX2             3      46.116    D_CELLS_MOSST_typ_1_80V_25C 
BUX4             2      49.190    D_CELLS_MOSST_typ_1_80V_25C 
DFRQX1        1310   68466.888    D_CELLS_MOSST_typ_1_80V_25C 
DFRQX2          28    1549.498    D_CELLS_MOSST_typ_1_80V_25C 
DFRRX1           1      64.562    D_CELLS_MOSST_typ_1_80V_25C 
DFRX1          342   18926.006    D_CELLS_MOSST_typ_1_80V_25C 
DLLQX1          41    1512.605    D_CELLS_MOSST_typ_1_80V_25C 
EN2X0          670   10299.240    D_CELLS_MOSST_typ_1_80V_25C 
EN2X1          248    5337.158    D_CELLS_MOSST_typ_1_80V_25C 
EN2X2            2      67.637    D_CELLS_MOSST_typ_1_80V_25C 
EN3X1           28    1119.082    D_CELLS_MOSST_typ_1_80V_25C 
EO2X0            6      92.232    D_CELLS_MOSST_typ_1_80V_25C 
EO2X1           42     903.874    D_CELLS_MOSST_typ_1_80V_25C 
FAX0           843   44059.226    D_CELLS_MOSST_typ_1_80V_25C 
FAX1            27    1577.167    D_CELLS_MOSST_typ_1_80V_25C 
FAX2            27    1743.185    D_CELLS_MOSST_typ_1_80V_25C 
FAX4           179   13207.622    D_CELLS_MOSST_typ_1_80V_25C 
HAX1           154    4734.576    D_CELLS_MOSST_typ_1_80V_25C 
HAX2             5     184.464    D_CELLS_MOSST_typ_1_80V_25C 
INCX12           1      58.414    D_CELLS_MOSST_typ_1_80V_25C 
INX1           750    4611.600    D_CELLS_MOSST_typ_1_80V_25C 
INX2            22     202.910    D_CELLS_MOSST_typ_1_80V_25C 
INX3            11     169.092    D_CELLS_MOSST_typ_1_80V_25C 
INX4             7     129.125    D_CELLS_MOSST_typ_1_80V_25C 
INX6             1      21.521    D_CELLS_MOSST_typ_1_80V_25C 
INX8             1      30.744    D_CELLS_MOSST_typ_1_80V_25C 
ITHX0           32     393.523    D_CELLS_MOSST_typ_1_80V_25C 
MU2IX1         146    2693.174    D_CELLS_MOSST_typ_1_80V_25C 
MU2X1          123    3025.210    D_CELLS_MOSST_typ_1_80V_25C 
MU2X2            9     221.357    D_CELLS_MOSST_typ_1_80V_25C 
MU2X4            1      30.744    D_CELLS_MOSST_typ_1_80V_25C 
NA2I1X1         24     368.928    D_CELLS_MOSST_typ_1_80V_25C 
NA2X1          238    2195.122    D_CELLS_MOSST_typ_1_80V_25C 
NA2X2            1      15.372    D_CELLS_MOSST_typ_1_80V_25C 
NA3I1X1         16     295.142    D_CELLS_MOSST_typ_1_80V_25C 
NA3X1          111    1365.034    D_CELLS_MOSST_typ_1_80V_25C 
NA4X1            1      27.670    D_CELLS_MOSST_typ_1_80V_25C 
NA5I2X1          3     101.455    D_CELLS_MOSST_typ_1_80V_25C 
NA6I1X1          1      36.893    D_CELLS_MOSST_typ_1_80V_25C 
NA6I3X1          6     221.357    D_CELLS_MOSST_typ_1_80V_25C 
NA6I4X1          2      79.934    D_CELLS_MOSST_typ_1_80V_25C 
NA6X1           53    1792.375    D_CELLS_MOSST_typ_1_80V_25C 
NO2I1X1         53     651.773    D_CELLS_MOSST_typ_1_80V_25C 
NO2X1          622    5736.830    D_CELLS_MOSST_typ_1_80V_25C 
NO2X2           11     169.092    D_CELLS_MOSST_typ_1_80V_25C 
NO2X4           43    1189.793    D_CELLS_MOSST_typ_1_80V_25C 
NO3I1X1         23     424.267    D_CELLS_MOSST_typ_1_80V_25C 
NO3I2X1          4      86.083    D_CELLS_MOSST_typ_1_80V_25C 
NO3X1           26     399.672    D_CELLS_MOSST_typ_1_80V_25C 
NO4I1X1          1      30.744    D_CELLS_MOSST_typ_1_80V_25C 
NO4I2X1          2      61.488    D_CELLS_MOSST_typ_1_80V_25C 
NO4I3X4          1      46.116    D_CELLS_MOSST_typ_1_80V_25C 
NO4X2            6     184.464    D_CELLS_MOSST_typ_1_80V_25C 
NO5I2X1          1      33.818    D_CELLS_MOSST_typ_1_80V_25C 
NO5I3X1          3     101.455    D_CELLS_MOSST_typ_1_80V_25C 
NO5I4X1          2      73.786    D_CELLS_MOSST_typ_1_80V_25C 
NO5X2            1      33.818    D_CELLS_MOSST_typ_1_80V_25C 
NO6I1X1          1      43.042    D_CELLS_MOSST_typ_1_80V_25C 
NO6I2X1          3     129.125    D_CELLS_MOSST_typ_1_80V_25C 
NO6X1            3     110.678    D_CELLS_MOSST_typ_1_80V_25C 
OA211X1          3      64.562    D_CELLS_MOSST_typ_1_80V_25C 
OA21X1          14     258.250    D_CELLS_MOSST_typ_1_80V_25C 
OA21X2           1      21.521    D_CELLS_MOSST_typ_1_80V_25C 
OA221X1         36     885.427    D_CELLS_MOSST_typ_1_80V_25C 
OA222X1          5     138.348    D_CELLS_MOSST_typ_1_80V_25C 
OA22X1          66    1420.373    D_CELLS_MOSST_typ_1_80V_25C 
OA22X4           1      30.744    D_CELLS_MOSST_typ_1_80V_25C 
OA311X1          2      43.042    D_CELLS_MOSST_typ_1_80V_25C 
OA31X1           2      43.042    D_CELLS_MOSST_typ_1_80V_25C 
OA321X1          1      27.670    D_CELLS_MOSST_typ_1_80V_25C 
ON211X1         40     737.856    D_CELLS_MOSST_typ_1_80V_25C 
ON21X0           1      12.298    D_CELLS_MOSST_typ_1_80V_25C 
ON21X1          58     891.576    D_CELLS_MOSST_typ_1_80V_25C 
ON221X1        170    4181.184    D_CELLS_MOSST_typ_1_80V_25C 
ON222X1          5     138.348    D_CELLS_MOSST_typ_1_80V_25C 
ON22X0           1      15.372    D_CELLS_MOSST_typ_1_80V_25C 
ON22X1        1041   19202.702    D_CELLS_MOSST_typ_1_80V_25C 
ON311X1          9     166.018    D_CELLS_MOSST_typ_1_80V_25C 
ON31X1          33     608.731    D_CELLS_MOSST_typ_1_80V_25C 
ON321X1         11     270.547    D_CELLS_MOSST_typ_1_80V_25C 
ON32X1           4      86.083    D_CELLS_MOSST_typ_1_80V_25C 
ON33X0           2      43.042    D_CELLS_MOSST_typ_1_80V_25C 
OR2X1          112    1377.331    D_CELLS_MOSST_typ_1_80V_25C 
OR2X2           17     261.324    D_CELLS_MOSST_typ_1_80V_25C 
OR3X1            3      55.339    D_CELLS_MOSST_typ_1_80V_25C 
OR4X1           13     319.738    D_CELLS_MOSST_typ_1_80V_25C 
OR5X1            8     221.357    D_CELLS_MOSST_typ_1_80V_25C 
OR6X1            6     202.910    D_CELLS_MOSST_typ_1_80V_25C 
SDFRQX1          1      70.711    D_CELLS_MOSST_typ_1_80V_25C 
--------------------------------------------------------------
total        10089  271906.085                                


                                           
     Type      Instances    Area    Area % 
-------------------------------------------
sequential          1723  90590.270   33.3 
inverter             793   5223.406    1.9 
buffer                23    522.648    0.2 
tristate              32    393.523    0.1 
logic               7518 175176.238   64.4 
physical_cells         0      0.000    0.0 
-------------------------------------------
total              10089 271906.085  100.0 

