============================================================
  Generated by:           Genus(TM) Synthesis Solution GENUS15.22 - 15.20-s024_1
  Generated on:           Mar 01 2023  10:55:47 pm
  Module:                 minimips
  Interconnect mode:      global
  Area mode:              physical library
============================================================

                                 Leakage    Internal   
  Gate   Instances     Area    Power (nW)  Power (nW)              Library            
--------------------------------------------------------------------------------------
AN211X1         75    1383.480      1.674      461.149    D_CELLS_MOSST_typ_1_80V_25C 
AN21X1          64     787.046      1.523     2924.570    D_CELLS_MOSST_typ_1_80V_25C 
AN221X1        318    6843.614      9.145     3969.310    D_CELLS_MOSST_typ_1_80V_25C 
AN222X0         19     408.895      0.824     6178.535    D_CELLS_MOSST_typ_1_80V_25C 
AN222X1        125    3074.400      4.660    38660.866    D_CELLS_MOSST_typ_1_80V_25C 
AN22X1         576    8854.272     17.626     1821.341    D_CELLS_MOSST_typ_1_80V_25C 
AN311X1          5     107.604      0.118        0.000    D_CELLS_MOSST_typ_1_80V_25C 
AN31X1           1      15.372      0.025        0.000    D_CELLS_MOSST_typ_1_80V_25C 
AN321X1          8     196.762      0.242        0.000    D_CELLS_MOSST_typ_1_80V_25C 
AN32X1          10     184.464      0.305      499.848    D_CELLS_MOSST_typ_1_80V_25C 
AND2X1         303    3726.173      8.602   143217.944    D_CELLS_MOSST_typ_1_80V_25C 
AND2X2           8     147.571      0.351        0.000    D_CELLS_MOSST_typ_1_80V_25C 
AND2X4          12     332.035      1.064        0.000    D_CELLS_MOSST_typ_1_80V_25C 
AND3X1         109    1675.548      2.560     3150.154    D_CELLS_MOSST_typ_1_80V_25C 
AND4X1          11     270.547      0.469      920.244    D_CELLS_MOSST_typ_1_80V_25C 
AND5X1           1      27.670      0.037        0.000    D_CELLS_MOSST_typ_1_80V_25C 
AND6X1          12     368.928      0.392        0.000    D_CELLS_MOSST_typ_1_80V_25C 
AO211X1          5     107.604      0.197        0.000    D_CELLS_MOSST_typ_1_80V_25C 
AO21X1          11     202.910      0.447        0.000    D_CELLS_MOSST_typ_1_80V_25C 
AO221X1        126    3098.995      5.456       31.221    D_CELLS_MOSST_typ_1_80V_25C 
AO222X1         36     996.106      1.708        0.000    D_CELLS_MOSST_typ_1_80V_25C 
AO22X1         231    4971.305      9.611        0.000    D_CELLS_MOSST_typ_1_80V_25C 
AO22X2           4     110.678      0.235        0.000    D_CELLS_MOSST_typ_1_80V_25C 
AO311X1          2      43.042      0.077        0.000    D_CELLS_MOSST_typ_1_80V_25C 
AO31X1           4      86.083      0.149      429.723    D_CELLS_MOSST_typ_1_80V_25C 
AO321X1          2      55.339      0.083     1037.926    D_CELLS_MOSST_typ_1_80V_25C 
AO32X1           3      73.786      0.113        0.000    D_CELLS_MOSST_typ_1_80V_25C 
BUCX4            4      98.381      0.373        0.000    D_CELLS_MOSST_typ_1_80V_25C 
BUCX6            6     202.910      0.763        0.000    D_CELLS_MOSST_typ_1_80V_25C 
BUCX8            1      39.967      0.172        0.000    D_CELLS_MOSST_typ_1_80V_25C 
BUX1             7      86.083      0.274        0.000    D_CELLS_MOSST_typ_1_80V_25C 
BUX2             3      46.116      0.193        0.000    D_CELLS_MOSST_typ_1_80V_25C 
BUX4             2      49.190      0.257        0.000    D_CELLS_MOSST_typ_1_80V_25C 
DFRQX1        1310   68466.888    194.959  4250525.102    D_CELLS_MOSST_typ_1_80V_25C 
DFRQX2          28    1549.498      4.373    98607.032    D_CELLS_MOSST_typ_1_80V_25C 
DFRRX1           1      64.562      0.094     3443.750    D_CELLS_MOSST_typ_1_80V_25C 
DFRX1          342   18926.006     50.901   985194.322    D_CELLS_MOSST_typ_1_80V_25C 
DLLQX1          41    1512.605      3.883   133369.499    D_CELLS_MOSST_typ_1_80V_25C 
EN2X0          670   10299.240     31.781        0.000    D_CELLS_MOSST_typ_1_80V_25C 
EN2X1          248    5337.158     11.257        0.000    D_CELLS_MOSST_typ_1_80V_25C 
EN2X2            2      67.637      0.179        0.000    D_CELLS_MOSST_typ_1_80V_25C 
EN3X1           28    1119.082      2.511        0.000    D_CELLS_MOSST_typ_1_80V_25C 
EO2X0            6      92.232      0.433        0.000    D_CELLS_MOSST_typ_1_80V_25C 
EO2X1           42     903.874      2.132     1145.006    D_CELLS_MOSST_typ_1_80V_25C 
FAX0           843   44059.226     86.516     1407.680    D_CELLS_MOSST_typ_1_80V_25C 
FAX1            27    1577.167      1.957      755.346    D_CELLS_MOSST_typ_1_80V_25C 
FAX2            27    1743.185      2.295        0.000    D_CELLS_MOSST_typ_1_80V_25C 
FAX4           179   13207.622     17.429        0.000    D_CELLS_MOSST_typ_1_80V_25C 
HAX1           154    4734.576      8.570    43614.288    D_CELLS_MOSST_typ_1_80V_25C 
HAX2             5     184.464      0.317        0.000    D_CELLS_MOSST_typ_1_80V_25C 
INCX12           1      58.414      0.272        0.000    D_CELLS_MOSST_typ_1_80V_25C 
INX1           750    4611.600     15.047     1993.575    D_CELLS_MOSST_typ_1_80V_25C 
INX2            22     202.910      0.888        0.000    D_CELLS_MOSST_typ_1_80V_25C 
INX3            11     169.092      0.676        0.000    D_CELLS_MOSST_typ_1_80V_25C 
INX4             7     129.125      0.591      636.285    D_CELLS_MOSST_typ_1_80V_25C 
INX6             1      21.521      0.115        0.000    D_CELLS_MOSST_typ_1_80V_25C 
INX8             1      30.744      0.165        0.000    D_CELLS_MOSST_typ_1_80V_25C 
ITHX0           32     393.523      1.179      193.049    D_CELLS_MOSST_typ_1_80V_25C 
MU2IX1         146    2693.174      6.773        0.000    D_CELLS_MOSST_typ_1_80V_25C 
MU2X1          123    3025.210      7.594    29654.189    D_CELLS_MOSST_typ_1_80V_25C 
MU2X2            9     221.357      0.688        0.000    D_CELLS_MOSST_typ_1_80V_25C 
MU2X4            1      30.744      0.120        0.000    D_CELLS_MOSST_typ_1_80V_25C 
NA2I1X1         24     368.928      0.939      905.448    D_CELLS_MOSST_typ_1_80V_25C 
NA2X1          238    2195.122      4.512     4693.949    D_CELLS_MOSST_typ_1_80V_25C 
NA2X2            1      15.372      0.038        0.000    D_CELLS_MOSST_typ_1_80V_25C 
NA3I1X1         16     295.142      0.594     1329.858    D_CELLS_MOSST_typ_1_80V_25C 
NA3X1          111    1365.034      1.868        1.042    D_CELLS_MOSST_typ_1_80V_25C 
NA4X1            1      27.670      0.065        0.000    D_CELLS_MOSST_typ_1_80V_25C 
NA5I2X1          3     101.455      0.279        0.000    D_CELLS_MOSST_typ_1_80V_25C 
NA6I1X1          1      36.893      0.076     1166.920    D_CELLS_MOSST_typ_1_80V_25C 
NA6I3X1          6     221.357      0.550     2715.535    D_CELLS_MOSST_typ_1_80V_25C 
NA6I4X1          2      79.934      0.224      603.432    D_CELLS_MOSST_typ_1_80V_25C 
NA6X1           53    1792.375      2.962        0.000    D_CELLS_MOSST_typ_1_80V_25C 
NO2I1X1         53     651.773      2.107      964.540    D_CELLS_MOSST_typ_1_80V_25C 
NO2X1          622    5736.830     12.177    43140.412    D_CELLS_MOSST_typ_1_80V_25C 
NO2X2           11     169.092      0.431        0.000    D_CELLS_MOSST_typ_1_80V_25C 
NO2X4           43    1189.793      3.094        0.000    D_CELLS_MOSST_typ_1_80V_25C 
NO3I1X1         23     424.267      0.842     1877.909    D_CELLS_MOSST_typ_1_80V_25C 
NO3I2X1          4      86.083      0.227      841.084    D_CELLS_MOSST_typ_1_80V_25C 
NO3X1           26     399.672      0.426     1023.369    D_CELLS_MOSST_typ_1_80V_25C 
NO4I1X1          1      30.744      0.086        0.000    D_CELLS_MOSST_typ_1_80V_25C 
NO4I2X1          2      61.488      0.146        5.052    D_CELLS_MOSST_typ_1_80V_25C 
NO4I3X4          1      46.116      0.123      867.266    D_CELLS_MOSST_typ_1_80V_25C 
NO4X2            6     184.464      0.384        0.000    D_CELLS_MOSST_typ_1_80V_25C 
NO5I2X1          1      33.818      0.067      498.781    D_CELLS_MOSST_typ_1_80V_25C 
NO5I3X1          3     101.455      0.193        0.000    D_CELLS_MOSST_typ_1_80V_25C 
NO5I4X1          2      73.786      0.169      361.332    D_CELLS_MOSST_typ_1_80V_25C 
NO5X2            1      33.818      0.059      467.408    D_CELLS_MOSST_typ_1_80V_25C 
NO6I1X1          1      43.042      0.100        0.000    D_CELLS_MOSST_typ_1_80V_25C 
NO6I2X1          3     129.125      0.261      518.703    D_CELLS_MOSST_typ_1_80V_25C 
NO6X1            3     110.678      0.159        0.000    D_CELLS_MOSST_typ_1_80V_25C 
OA211X1          3      64.562      0.084        0.000    D_CELLS_MOSST_typ_1_80V_25C 
OA21X1          14     258.250      0.492        0.000    D_CELLS_MOSST_typ_1_80V_25C 
OA21X2           1      21.521      0.050        0.000    D_CELLS_MOSST_typ_1_80V_25C 
OA221X1         36     885.427      1.255       12.196    D_CELLS_MOSST_typ_1_80V_25C 
OA222X1          5     138.348      0.209        0.000    D_CELLS_MOSST_typ_1_80V_25C 
OA22X1          66    1420.373      2.709        0.000    D_CELLS_MOSST_typ_1_80V_25C 
OA22X4           1      30.744      0.104        0.000    D_CELLS_MOSST_typ_1_80V_25C 
OA311X1          2      43.042      0.061        2.083    D_CELLS_MOSST_typ_1_80V_25C 
OA31X1           2      43.042      0.073        0.000    D_CELLS_MOSST_typ_1_80V_25C 
OA321X1          1      27.670      0.037        0.000    D_CELLS_MOSST_typ_1_80V_25C 
ON211X1         40     737.856      0.825      573.405    D_CELLS_MOSST_typ_1_80V_25C 
ON21X0           1      12.298      0.031        0.000    D_CELLS_MOSST_typ_1_80V_25C 
ON21X1          58     891.576      1.404        0.000    D_CELLS_MOSST_typ_1_80V_25C 
ON221X1        170    4181.184      4.640      125.000    D_CELLS_MOSST_typ_1_80V_25C 
ON222X1          5     138.348      0.174        0.000    D_CELLS_MOSST_typ_1_80V_25C 
ON22X0           1      15.372      0.036        0.000    D_CELLS_MOSST_typ_1_80V_25C 
ON22X1        1041   19202.702     31.832        0.312    D_CELLS_MOSST_typ_1_80V_25C 
ON311X1          9     166.018      0.195        0.000    D_CELLS_MOSST_typ_1_80V_25C 
ON31X1          33     608.731      0.843    27710.028    D_CELLS_MOSST_typ_1_80V_25C 
ON321X1         11     270.547      0.306        0.000    D_CELLS_MOSST_typ_1_80V_25C 
ON32X1           4      86.083      0.128        0.000    D_CELLS_MOSST_typ_1_80V_25C 
ON33X0           2      43.042      0.061        0.000    D_CELLS_MOSST_typ_1_80V_25C 
OR2X1          112    1377.331      4.761    16685.297    D_CELLS_MOSST_typ_1_80V_25C 
OR2X2           17     261.324      1.059        0.000    D_CELLS_MOSST_typ_1_80V_25C 
OR3X1            3      55.339      0.120        0.000    D_CELLS_MOSST_typ_1_80V_25C 
OR4X1           13     319.738      0.741        0.000    D_CELLS_MOSST_typ_1_80V_25C 
OR5X1            8     221.357      0.405        0.000    D_CELLS_MOSST_typ_1_80V_25C 
OR6X1            6     202.910      0.435      696.759    D_CELLS_MOSST_typ_1_80V_25C 
SDFRQX1          1      70.711      0.183     4833.229    D_CELLS_MOSST_typ_1_80V_25C 
--------------------------------------------------------------------------------------
total        10089  271906.085    609.829  5866462.301                                


                                             Leakage  Leakage   Internal  Internal 
     Type      Instances    Area    Area % Power (nW) Power %  Power (nW)  Power % 
-----------------------------------------------------------------------------------
sequential          1723  90590.270   33.3    254.393    41.7 5475972.935     93.3 
inverter             793   5223.406    1.9     17.755     2.9    2629.860      0.0 
buffer                23    522.648    0.2      2.033     0.3       0.000      0.0 
tristate              32    393.523    0.1      1.179     0.2     193.049      0.0 
logic               7518 175176.238   64.4    334.469    54.8  387666.458      6.6 
physical_cells         0      0.000    0.0      0.000     0.0       0.000      0.0 
-----------------------------------------------------------------------------------
total              10089 271906.085  100.0    609.829   100.0 5866462.301    100.0 

